[ 2023-07-08 15:42:07,431] 21 root - INFO - Initiating data ingestion
[ 2023-07-08 15:42:07,431] 35 root - INFO - this file already exist
[ 2023-07-08 15:42:07,431] 36 root - INFO - Unziping data
[ 2023-07-08 15:42:07,935] 40 root - INFO - Unzip completed
[ 2023-07-08 15:42:07,935] 24 root - INFO - initiating data_transformation
[ 2023-07-08 15:42:07,941] 28 root - INFO - The total number of files : 187
[ 2023-07-08 15:42:10,731] 72 root - INFO - min acc time2019-01-11 15:08:05.314000
[ 2023-07-08 15:42:10,731] 73 root - INFO - min acc time2019-01-20 17:35:13.702000
[ 2023-07-08 15:42:10,731] 74 root - INFO - min gyr time2019-01-11 15:08:04.950000
[ 2023-07-08 15:42:10,731] 75 root - INFO - min gyr time2019-01-20 17:33:27.807000
[ 2023-07-08 15:42:10,731] 81 root - INFO - created accelerometer and gyroscope dataframes
[ 2023-07-08 15:42:10,747] 90 root - INFO - 69677
[ 2023-07-08 15:42:10,747] 91 root - INFO - 2019-01-11 15:08:04.950000
[ 2023-07-08 15:42:10,747] 92 root - INFO - 2019-01-20 17:35:13.702000
[ 2023-07-08 15:42:10,764] 123 root - INFO - 10
[ 2023-07-08 15:42:10,780] 128 root - INFO -                             acc_x     acc_y     acc_z    gyr_x    gyr_y    gyr_z participants category  label   set
epoch (ms)                                                                                                         
2019-01-11 15:08:05.200  0.013500  0.977000 -0.071000  -1.8904   2.4392   0.9388            B    heavy  bench  30.0
2019-01-11 15:08:05.400 -0.001500  0.970500 -0.079500  -1.6826  -0.8904   2.1708            B    heavy  bench  30.0
2019-01-11 15:08:05.600  0.001333  0.971667 -0.064333   2.5608  -0.2560  -1.4146            B    heavy  bench  30.0
2019-01-11 15:08:05.800 -0.024000  0.957000 -0.073500   8.0610  -4.5244  -2.0730            B    heavy  bench  30.0
2019-01-11 15:08:06.000 -0.028000  0.957667 -0.115000   2.4390  -1.5486  -3.6098            B    heavy  bench  30.0
...                           ...       ...       ...      ...      ...      ...          ...      ...    ...   ...
2019-01-11 16:24:54.800  0.039000 -1.337500 -0.105500 -19.0000  18.5000  -3.8294            A   medium   dead   6.0
2019-01-11 16:24:55.000  0.081667 -1.006000 -0.094667 -15.7196  24.2926  13.6952            A   medium   dead   6.0
2019-01-11 16:24:55.200  0.033500 -1.052000 -0.185000  -0.0608  -4.8294   7.3172            A   medium   dead   6.0
2019-01-11 16:24:55.400 -0.003000 -1.019333 -0.176333   0.9510   5.3048   3.6706            A   medium   dead   6.0
2019-01-11 16:24:55.600  0.010000 -1.018500 -0.172000  -3.4392  -1.7560   2.7682            A   medium   dead   6.0

[1987 rows x 10 columns]
[ 2023-07-08 15:42:10,819] 128 root - INFO -                             acc_x     acc_y     acc_z    gyr_x    gyr_y    gyr_z participants category  label   set
epoch (ms)                                                                                                         
2019-01-12 15:10:08.400  0.003667  0.966333 -0.081000   1.8412  -4.7806  -2.5608            E    heavy  bench  65.0
2019-01-12 15:10:08.600 -0.012500  0.962500 -0.089000   2.1950  -2.1096  -2.8538            E    heavy  bench  65.0
2019-01-12 15:10:08.800 -0.028000  0.867000 -0.125000   9.5246  -2.8290 -11.1828            E    heavy  bench  65.0
2019-01-12 15:10:09.000 -0.062000  0.873000 -0.155000  16.5608  -4.4268 -13.0368            E    heavy  bench  65.0
2019-01-12 15:10:09.200 -0.096667  0.904333 -0.169000   7.6952 -11.8538  -3.0364            E    heavy  bench  65.0
...                           ...       ...       ...      ...      ...      ...          ...      ...    ...   ...
2019-01-12 16:24:54.800  0.039000 -1.337500 -0.105500 -19.0000  18.5000  -3.8294            E   medium   dead  73.0
2019-01-12 16:24:55.000  0.081667 -1.006000 -0.094667 -15.7196  24.2926  13.6952            E   medium   dead  73.0
2019-01-12 16:24:55.200  0.033500 -1.052000 -0.185000  -0.0608  -4.8294   7.3172            E   medium   dead  73.0
2019-01-12 16:24:55.400 -0.003000 -1.019333 -0.176333   0.9510   5.3048   3.6706            E   medium   dead  73.0
2019-01-12 16:24:55.600  0.010000 -1.018500 -0.172000  -3.4392  -1.7560   2.7682            E   medium   dead  73.0

[299 rows x 10 columns]
[ 2023-07-08 15:42:10,830] 128 root - INFO - Empty DataFrame
Columns: [acc_x, acc_y, acc_z, gyr_x, gyr_y, gyr_z, participants, category, label, set]
Index: []
[ 2023-07-08 15:42:10,847] 128 root - INFO -                             acc_x     acc_y   acc_z    gyr_x    gyr_y    gyr_z participants category  label   set
epoch (ms)                                                                                                       
2019-01-14 13:22:49.600 -0.147000  0.702000 -0.2760  10.5000  -1.9268  -8.2562            A    heavy  bench   4.0
2019-01-14 13:22:49.800 -0.162667  0.765000 -0.3770  29.5488  -9.9146  -7.2804            A    heavy  bench   4.0
2019-01-14 13:22:50.000 -0.233000  0.849500 -0.4085  12.7074  -8.5976   2.0366            A    heavy  bench   4.0
2019-01-14 13:22:50.200 -0.236667  0.881333 -0.4100   9.8416 -15.6096  17.9754            A    heavy  bench   4.0
2019-01-14 13:22:50.400 -0.314000  1.260000 -0.5455  -4.1220  -0.1342  -1.2684            A    heavy  bench   4.0
...                           ...       ...     ...      ...      ...      ...          ...      ...    ...   ...
2019-01-14 14:08:58.400  0.044500 -1.254000 -0.0080 -27.9512   1.9512  15.1832            C    heavy    row  49.0
2019-01-14 14:08:58.600  0.018667 -1.178667 -0.0790   1.8170  -2.2926   1.4390            C    heavy    row  49.0
2019-01-14 14:08:58.800  0.024000 -1.001000 -0.0460   3.7074  -3.6340  -0.3294            C    heavy    row  49.0
2019-01-14 14:08:59.000  0.020333 -1.003333 -0.0500  -3.3170  -0.0120  -0.4758            C    heavy    row  49.0
2019-01-14 14:08:59.200  0.019000 -0.997500 -0.0850  -0.9634  -6.6706  -0.9514            C    heavy    row  49.0

[1000 rows x 10 columns]
[ 2023-07-08 15:42:10,914] 128 root - INFO -                             acc_x     acc_y     acc_z    gyr_x    gyr_y    gyr_z participants category  label   set
epoch (ms)                                                                                                         
2019-01-15 13:22:49.600 -0.147000  0.702000 -0.276000  10.5000  -1.9268  -8.2562            E    heavy  bench  68.0
2019-01-15 13:22:49.800 -0.162667  0.765000 -0.377000  29.5488  -9.9146  -7.2804            E    heavy  bench  68.0
2019-01-15 13:22:50.000 -0.233000  0.849500 -0.408500  12.7074  -8.5976   2.0366            E    heavy  bench  68.0
2019-01-15 13:22:50.200 -0.236667  0.881333 -0.410000   9.8416 -15.6096  17.9754            E    heavy  bench  68.0
2019-01-15 13:22:50.400 -0.314000  1.260000 -0.545500  -4.1220  -0.1342  -1.2684            E    heavy  bench  68.0
...                           ...       ...       ...      ...      ...      ...          ...      ...    ...   ...
2019-01-15 19:37:46.800  0.043000 -0.963000 -0.245500  -9.5120   3.9512  -2.3172            C   medium   dead  44.0
2019-01-15 19:37:47.000  0.076333 -1.007333 -0.136667  -8.4268  13.0002   1.0610            C   medium   dead  44.0
2019-01-15 19:37:47.200  0.064000 -1.035000 -0.165500  -4.9512   6.8416   0.3660            C   medium   dead  44.0
2019-01-15 19:37:47.400  0.084333 -1.030667 -0.152667   2.2560  24.9878   1.1586            C   medium   dead  44.0
2019-01-15 19:37:47.600  0.098000 -1.039000 -0.103000  12.7135  32.2255   4.1770            C   medium   dead  44.0

[2013 rows x 10 columns]
[ 2023-07-08 15:42:10,980] 128 root - INFO -                             acc_x     acc_y     acc_z     gyr_x    gyr_y    gyr_z participants category label   set
epoch (ms)                                                                                                         
2019-01-16 14:04:06.600  0.109000 -0.935667 -0.092333   5.24380  -3.8292   2.2806            E    heavy   row  84.0
2019-01-16 14:04:06.800  0.129000 -1.174000 -0.114500  13.47560  -3.8170   4.6462            E    heavy   row  84.0
2019-01-16 14:04:07.000  0.136333 -1.295000 -0.118667  27.29260  -7.9756  -5.4148            E    heavy   row  84.0
2019-01-16 14:04:07.200  0.171000 -1.221500  0.049000  21.90240  -3.8050 -15.5244            E    heavy   row  84.0
2019-01-16 14:04:07.400  0.148000 -0.871333  0.136000  19.07340  -3.5976   1.8050            E    heavy   row  84.0
...                           ...       ...       ...       ...      ...      ...          ...      ...   ...   ...
2019-01-16 19:35:42.800  0.015000 -1.083000 -0.164500  -0.34160  -6.3658   2.3902            E    heavy  dead  72.0
2019-01-16 19:35:43.000 -0.007000 -1.308000 -0.209333   4.93900  31.2440 -21.2194            E    heavy  dead  72.0
2019-01-16 19:35:43.200  0.161500 -1.003000 -0.113500  -4.42700   7.7680  12.5854            E    heavy  dead  72.0
2019-01-16 19:35:43.400  0.040667 -1.001333 -0.138667   3.25600   3.8050  17.9266            E    heavy  dead  72.0
2019-01-16 19:35:43.600 -0.018000 -1.046000 -0.148000   3.65875   1.4635  11.1585            E    heavy  dead  72.0

[676 rows x 10 columns]
[ 2023-07-08 15:42:10,997] 128 root - INFO - Empty DataFrame
Columns: [acc_x, acc_y, acc_z, gyr_x, gyr_y, gyr_z, participants, category, label, set]
Index: []
[ 2023-07-08 15:42:11,014] 128 root - INFO -                             acc_x     acc_y     acc_z   gyr_x   gyr_y     gyr_z participants category  label   set
epoch (ms)                                                                                                        
2019-01-18 16:45:48.000  0.136000  0.744000  0.585000  0.0368 -1.6708 -0.268200            D   medium  squat  63.0
2019-01-18 16:45:48.200  0.134000  0.754500  0.600500  2.0002 -2.9758  0.549000            D   medium  squat  63.0
2019-01-18 16:45:48.400  0.135667  0.759667  0.596667  1.0608 -3.0734  0.878200            D   medium  squat  63.0
2019-01-18 16:45:48.600  0.147500  0.771000  0.606500  0.9024 -2.4268 -0.243800            D   medium  squat  63.0
2019-01-18 16:45:48.800  0.140667  0.765333  0.601000  0.2194 -1.5122 -1.097400            D   medium  squat  63.0
...                           ...       ...       ...     ...     ...       ...          ...      ...    ...   ...
2019-01-18 17:35:12.800 -0.041000 -1.247000 -0.074667 -7.8172 -4.2558  6.731600            D   medium    row  61.0
2019-01-18 17:35:13.000 -0.039000 -1.037500 -0.043500  1.0488 -4.7196  0.402600            D   medium    row  61.0
2019-01-18 17:35:13.200 -0.050667 -1.009667 -0.042667  0.2318 -4.6220 -0.292800            D   medium    row  61.0
2019-01-18 17:35:13.400 -0.040000 -1.033000 -0.029500 -1.1218 -0.0366  1.219400            D   medium    row  61.0
2019-01-18 17:35:13.600 -0.044000 -1.029000 -0.044000 -0.6710 -4.4920  1.138333            D   medium    row  61.0

[1422 rows x 10 columns]
[ 2023-07-08 15:42:11,030] 128 root - INFO -                             acc_x     acc_y     acc_z   gyr_x   gyr_y     gyr_z participants category  label   set
epoch (ms)                                                                                                        
2019-01-19 17:12:14.400  0.051000  0.972000 -0.070000 -0.8660 -0.6464 -0.329200            E   medium  bench  69.0
2019-01-19 17:12:14.600  0.046000  0.970333 -0.072000 -0.2804 -2.4026  0.756200            E   medium  bench  69.0
2019-01-19 17:12:14.800  0.051500  0.980500 -0.062500 -0.5002 -2.0852  0.341400            E   medium  bench  69.0
2019-01-19 17:12:15.000  0.050000  0.971000 -0.059333  0.5002 -3.4878 -0.219600            E   medium  bench  69.0
2019-01-19 17:12:15.200  0.044000  0.983000 -0.052000 -0.2562 -2.0610  0.195200            E   medium  bench  69.0
...                           ...       ...       ...     ...     ...       ...          ...      ...    ...   ...
2019-01-19 17:35:12.800 -0.041000 -1.247000 -0.074667 -7.8172 -4.2558  6.731600            E   medium    row  91.0
2019-01-19 17:35:13.000 -0.039000 -1.037500 -0.043500  1.0488 -4.7196  0.402600            E   medium    row  91.0
2019-01-19 17:35:13.200 -0.050667 -1.009667 -0.042667  0.2318 -4.6220 -0.292800            E   medium    row  91.0
2019-01-19 17:35:13.400 -0.040000 -1.033000 -0.029500 -1.1218 -0.0366  1.219400            E   medium    row  91.0
2019-01-19 17:35:13.600 -0.044000 -1.029000 -0.044000 -0.6710 -4.4920  1.138333            E   medium    row  91.0

[1038 rows x 10 columns]
[ 2023-07-08 15:42:11,047] 128 root - INFO -                             acc_x     acc_y     acc_z   gyr_x   gyr_y   gyr_z participants category label   set
epoch (ms)                                                                                                     
2019-01-20 17:22:26.000  0.980667 -0.069333 -0.185667  0.5978 -1.3538  0.6100            E  sitting  rest  80.0
2019-01-20 17:22:26.200  0.985500 -0.067500 -0.185500  2.6710  2.1952  0.1952            E  sitting  rest  80.0
2019-01-20 17:22:26.400  0.980667 -0.069000 -0.171667  1.4634  1.8658  1.3294            E  sitting  rest  80.0
2019-01-20 17:22:26.600  0.991500 -0.070000 -0.157000  0.2440 -0.7074  0.3660            E  sitting  rest  80.0
2019-01-20 17:22:26.800  0.988333 -0.072667 -0.149000  2.6952  1.1708  0.4148            E  sitting  rest  80.0
...                           ...       ...       ...     ...     ...     ...          ...      ...   ...   ...
2019-01-20 17:33:27.000 -0.048000 -1.041500 -0.076500  1.4146 -5.6218  0.2926            E   medium   row  90.0
2019-01-20 17:33:27.200 -0.037000 -1.030333 -0.053333 -2.7684 -0.5854  2.2440            E   medium   row  90.0
2019-01-20 17:33:27.400 -0.060000 -1.031000 -0.082000  2.8416 -5.1342 -0.1220            E   medium   row  90.0
2019-01-20 17:33:27.600 -0.038667 -1.025667 -0.044667 -0.2318  0.2562  1.1220            E   medium   row  90.0
2019-01-20 17:33:27.800 -0.044000 -1.034000 -0.059000  1.0980 -4.0240  0.9760            E   medium   row  90.0

[574 rows x 10 columns]
[ 2023-07-08 15:42:11,063] 131 root - INFO - 9009
[ 2023-07-08 15:42:11,063] 132 root - INFO - Index(['acc_x', 'acc_y', 'acc_z', 'gyr_x', 'gyr_y', 'gyr_z', 'participants',
       'category', 'label', 'set'],
      dtype='object')
[ 2023-07-08 15:42:11,063] 137 root - INFO - data transformation and processing complete
