[ 2023-07-08 15:25:31,867] 21 root - INFO - Initiating data ingestion
[ 2023-07-08 15:25:31,868] 35 root - INFO - this file already exist
[ 2023-07-08 15:25:31,868] 36 root - INFO - Unziping data
[ 2023-07-08 15:25:32,286] 40 root - INFO - Unzip completed
[ 2023-07-08 15:25:32,287] 24 root - INFO - initiating data_transformation
[ 2023-07-08 15:25:32,290] 28 root - INFO - The total number of files : 187
[ 2023-07-08 15:25:32,324] 49 root - INFO - 2
[ 2023-07-08 15:25:32,326] 50 root - INFO - 1547219408431
[ 2023-07-08 15:25:32,327] 51 root - INFO - 1547219424831
[ 2023-07-08 15:25:32,352] 49 root - INFO - 3
[ 2023-07-08 15:25:32,357] 50 root - INFO - 1547219408351
[ 2023-07-08 15:25:32,357] 51 root - INFO - 1547219424871
[ 2023-07-08 15:25:32,379] 49 root - INFO - 4
[ 2023-07-08 15:25:32,379] 50 root - INFO - 1547472421400
[ 2023-07-08 15:25:32,380] 51 root - INFO - 1547472433800
[ 2023-07-08 15:25:32,398] 49 root - INFO - 5
[ 2023-07-08 15:25:32,398] 50 root - INFO - 1547472420993
[ 2023-07-08 15:25:32,399] 51 root - INFO - 1547472433753
[ 2023-07-08 15:25:32,417] 49 root - INFO - 6
[ 2023-07-08 15:25:32,417] 50 root - INFO - 1547219685680
[ 2023-07-08 15:25:32,418] 51 root - INFO - 1547219699840
[ 2023-07-08 15:25:32,434] 49 root - INFO - 7
[ 2023-07-08 15:25:32,434] 50 root - INFO - 1547219685355
[ 2023-07-08 15:25:32,435] 51 root - INFO - 1547219699875
[ 2023-07-08 15:25:32,449] 49 root - INFO - 8
[ 2023-07-08 15:25:32,449] 50 root - INFO - 1547472169751
[ 2023-07-08 15:25:32,450] 51 root - INFO - 1547472181831
[ 2023-07-08 15:25:32,466] 49 root - INFO - 9
[ 2023-07-08 15:25:32,467] 50 root - INFO - 1547472169353
[ 2023-07-08 15:25:32,467] 51 root - INFO - 1547472181873
[ 2023-07-08 15:25:32,483] 49 root - INFO - 10
[ 2023-07-08 15:25:32,483] 50 root - INFO - 1547580927652
[ 2023-07-08 15:25:32,484] 51 root - INFO - 1547580943732
[ 2023-07-08 15:25:32,500] 49 root - INFO - 11
[ 2023-07-08 15:25:32,500] 50 root - INFO - 1547580927366
[ 2023-07-08 15:25:32,500] 51 root - INFO - 1547580943726
[ 2023-07-08 15:25:32,515] 49 root - INFO - 12
[ 2023-07-08 15:25:32,516] 50 root - INFO - 1547223864873
[ 2023-07-08 15:25:32,516] 51 root - INFO - 1547223895833
[ 2023-07-08 15:25:32,535] 49 root - INFO - 13
[ 2023-07-08 15:25:32,536] 50 root - INFO - 1547223864906
[ 2023-07-08 15:25:32,536] 51 root - INFO - 1547223895786
[ 2023-07-08 15:25:32,553] 49 root - INFO - 14
[ 2023-07-08 15:25:32,554] 50 root - INFO - 1547580386798
[ 2023-07-08 15:25:32,554] 51 root - INFO - 1547580413598
[ 2023-07-08 15:25:32,571] 49 root - INFO - 15
[ 2023-07-08 15:25:32,571] 50 root - INFO - 1547580386525
[ 2023-07-08 15:25:32,571] 51 root - INFO - 1547580413605
[ 2023-07-08 15:25:32,585] 49 root - INFO - 16
[ 2023-07-08 15:25:32,586] 50 root - INFO - 1547580635127
[ 2023-07-08 15:25:32,586] 51 root - INFO - 1547580669767
[ 2023-07-08 15:25:32,599] 49 root - INFO - 17
[ 2023-07-08 15:25:32,600] 50 root - INFO - 1547580634809
[ 2023-07-08 15:25:32,600] 51 root - INFO - 1547580669729
[ 2023-07-08 15:25:32,613] 49 root - INFO - 18
[ 2023-07-08 15:25:32,614] 50 root - INFO - 1547221135055
[ 2023-07-08 15:25:32,614] 51 root - INFO - 1547221150015
[ 2023-07-08 15:25:32,627] 49 root - INFO - 19
[ 2023-07-08 15:25:32,627] 50 root - INFO - 1547221134768
[ 2023-07-08 15:25:32,628] 51 root - INFO - 1547221150088
[ 2023-07-08 15:25:32,640] 49 root - INFO - 20
[ 2023-07-08 15:25:32,640] 50 root - INFO - 1547221285010
[ 2023-07-08 15:25:32,640] 51 root - INFO - 1547221297570
[ 2023-07-08 15:25:32,654] 49 root - INFO - 21
[ 2023-07-08 15:25:32,654] 50 root - INFO - 1547221284650
[ 2023-07-08 15:25:32,654] 51 root - INFO - 1547221297490
[ 2023-07-08 15:25:32,669] 49 root - INFO - 22
[ 2023-07-08 15:25:32,669] 50 root - INFO - 1547221441391
[ 2023-07-08 15:25:32,669] 51 root - INFO - 1547221456351
[ 2023-07-08 15:25:32,681] 49 root - INFO - 23
[ 2023-07-08 15:25:32,682] 50 root - INFO - 1547221440995
[ 2023-07-08 15:25:32,682] 51 root - INFO - 1547221456395
[ 2023-07-08 15:25:32,694] 49 root - INFO - 24
[ 2023-07-08 15:25:32,695] 50 root - INFO - 1547473786995
[ 2023-07-08 15:25:32,695] 51 root - INFO - 1547473800515
[ 2023-07-08 15:25:32,715] 49 root - INFO - 25
[ 2023-07-08 15:25:32,716] 50 root - INFO - 1547473786675
[ 2023-07-08 15:25:32,716] 51 root - INFO - 1547473800555
[ 2023-07-08 15:25:32,729] 49 root - INFO - 26
[ 2023-07-08 15:25:32,729] 50 root - INFO - 1547473986863
[ 2023-07-08 15:25:32,729] 51 root - INFO - 1547474001663
[ 2023-07-08 15:25:32,741] 49 root - INFO - 27
[ 2023-07-08 15:25:32,743] 50 root - INFO - 1547473986457
[ 2023-07-08 15:25:32,743] 51 root - INFO - 1547474001617
[ 2023-07-08 15:25:32,755] 49 root - INFO - 28
[ 2023-07-08 15:25:32,756] 50 root - INFO - 1547474142767
[ 2023-07-08 15:25:32,756] 51 root - INFO - 1547474157567
[ 2023-07-08 15:25:32,770] 49 root - INFO - 29
[ 2023-07-08 15:25:32,771] 50 root - INFO - 1547474142440
[ 2023-07-08 15:25:32,771] 51 root - INFO - 1547474157600
[ 2023-07-08 15:25:32,784] 49 root - INFO - 30
[ 2023-07-08 15:25:32,784] 50 root - INFO - 1547222033950
[ 2023-07-08 15:25:32,785] 51 root - INFO - 1547222055790
[ 2023-07-08 15:25:32,797] 49 root - INFO - 31
[ 2023-07-08 15:25:32,797] 50 root - INFO - 1547222033555
[ 2023-07-08 15:25:32,798] 51 root - INFO - 1547222055755
[ 2023-07-08 15:25:32,811] 49 root - INFO - 32
[ 2023-07-08 15:25:32,812] 50 root - INFO - 1547222250623
[ 2023-07-08 15:25:32,812] 51 root - INFO - 1547222270623
[ 2023-07-08 15:25:32,826] 49 root - INFO - 33
[ 2023-07-08 15:25:32,826] 50 root - INFO - 1547222250295
[ 2023-07-08 15:25:32,827] 51 root - INFO - 1547222270655
[ 2023-07-08 15:25:32,839] 49 root - INFO - 34
[ 2023-07-08 15:25:32,840] 50 root - INFO - 1547222449915
[ 2023-07-08 15:25:32,840] 51 root - INFO - 1547222469195
[ 2023-07-08 15:25:32,854] 49 root - INFO - 35
[ 2023-07-08 15:25:32,854] 50 root - INFO - 1547222449827
[ 2023-07-08 15:25:32,854] 51 root - INFO - 1547222469147
[ 2023-07-08 15:25:32,871] 49 root - INFO - 36
[ 2023-07-08 15:25:32,871] 50 root - INFO - 1547832146029
[ 2023-07-08 15:25:32,871] 51 root - INFO - 1547832179869
[ 2023-07-08 15:25:32,886] 49 root - INFO - 37
[ 2023-07-08 15:25:32,886] 50 root - INFO - 1547918546030
[ 2023-07-08 15:25:32,886] 51 root - INFO - 1547918579870
[ 2023-07-08 15:25:32,902] 49 root - INFO - 38
[ 2023-07-08 15:25:32,902] 50 root - INFO - 1547832145755
[ 2023-07-08 15:25:32,902] 51 root - INFO - 1547832179955
[ 2023-07-08 15:25:32,918] 49 root - INFO - 39
[ 2023-07-08 15:25:32,918] 50 root - INFO - 1547918545756
[ 2023-07-08 15:25:32,919] 51 root - INFO - 1547918579956
[ 2023-07-08 15:25:32,934] 49 root - INFO - 40
[ 2023-07-08 15:25:32,934] 50 root - INFO - 1547832339908
[ 2023-07-08 15:25:32,934] 51 root - INFO - 1547832379668
[ 2023-07-08 15:25:32,947] 49 root - INFO - 41
[ 2023-07-08 15:25:32,947] 50 root - INFO - 1547918739909
[ 2023-07-08 15:25:32,947] 51 root - INFO - 1547918779669
[ 2023-07-08 15:25:32,963] 49 root - INFO - 42
[ 2023-07-08 15:25:32,964] 50 root - INFO - 1547832339578
[ 2023-07-08 15:25:32,964] 51 root - INFO - 1547832379618
[ 2023-07-08 15:25:32,984] 49 root - INFO - 43
[ 2023-07-08 15:25:32,985] 50 root - INFO - 1547918739579
[ 2023-07-08 15:25:32,985] 51 root - INFO - 1547918779619
[ 2023-07-08 15:25:32,993] 49 root - INFO - 44
[ 2023-07-08 15:25:32,994] 50 root - INFO - 1547474646637
[ 2023-07-08 15:25:32,994] 51 root - INFO - 1547474655037
[ 2023-07-08 15:25:33,017] 49 root - INFO - 45
[ 2023-07-08 15:25:33,017] 50 root - INFO - 1547474646331
[ 2023-07-08 15:25:33,018] 51 root - INFO - 1547474655011
[ 2023-07-08 15:25:33,027] 49 root - INFO - 46
[ 2023-07-08 15:25:33,028] 50 root - INFO - 1547474810862
[ 2023-07-08 15:25:33,028] 51 root - INFO - 1547474819102
[ 2023-07-08 15:25:33,048] 49 root - INFO - 47
[ 2023-07-08 15:25:33,048] 50 root - INFO - 1547474810465
[ 2023-07-08 15:25:33,048] 51 root - INFO - 1547474819145
[ 2023-07-08 15:25:33,067] 49 root - INFO - 48
[ 2023-07-08 15:25:33,068] 50 root - INFO - 1547579049161
[ 2023-07-08 15:25:33,068] 51 root - INFO - 1547579065881
[ 2023-07-08 15:25:33,084] 49 root - INFO - 49
[ 2023-07-08 15:25:33,084] 50 root - INFO - 1547579048841
[ 2023-07-08 15:25:33,084] 51 root - INFO - 1547579065921
[ 2023-07-08 15:25:33,101] 49 root - INFO - 50
[ 2023-07-08 15:25:33,102] 50 root - INFO - 1547579347371
[ 2023-07-08 15:25:33,103] 51 root - INFO - 1547579367771
[ 2023-07-08 15:25:33,125] 49 root - INFO - 51
[ 2023-07-08 15:25:33,125] 50 root - INFO - 1547579347087
[ 2023-07-08 15:25:33,128] 51 root - INFO - 1547579367767
[ 2023-07-08 15:25:33,142] 49 root - INFO - 52
[ 2023-07-08 15:25:33,142] 50 root - INFO - 1547579644129
[ 2023-07-08 15:25:33,142] 51 root - INFO - 1547579663409
[ 2023-07-08 15:25:33,162] 49 root - INFO - 53
[ 2023-07-08 15:25:33,163] 50 root - INFO - 1547579643834
[ 2023-07-08 15:25:33,163] 51 root - INFO - 1547579663474
[ 2023-07-08 15:25:33,180] 49 root - INFO - 54
[ 2023-07-08 15:25:33,180] 50 root - INFO - 1547222744630
[ 2023-07-08 15:25:33,180] 51 root - INFO - 1547222760710
[ 2023-07-08 15:25:33,192] 49 root - INFO - 55
[ 2023-07-08 15:25:33,192] 50 root - INFO - 1547222744554
[ 2023-07-08 15:25:33,192] 51 root - INFO - 1547222760674
[ 2023-07-08 15:25:33,209] 49 root - INFO - 56
[ 2023-07-08 15:25:33,209] 50 root - INFO - 1547223435978
[ 2023-07-08 15:25:33,209] 51 root - INFO - 1547223460858
[ 2023-07-08 15:25:33,226] 49 root - INFO - 57
[ 2023-07-08 15:25:33,226] 50 root - INFO - 1547223435659
[ 2023-07-08 15:25:33,226] 51 root - INFO - 1547223460899
[ 2023-07-08 15:25:33,243] 49 root - INFO - 58
[ 2023-07-08 15:25:33,243] 50 root - INFO - 1547223575024
[ 2023-07-08 15:25:33,243] 51 root - INFO - 1547223601024
[ 2023-07-08 15:25:33,259] 49 root - INFO - 59
[ 2023-07-08 15:25:33,259] 50 root - INFO - 1547223574957
[ 2023-07-08 15:25:33,259] 51 root - INFO - 1547223601077
[ 2023-07-08 15:25:33,275] 49 root - INFO - 60
[ 2023-07-08 15:25:33,275] 50 root - INFO - 1547219285314
[ 2023-07-08 15:25:33,275] 51 root - INFO - 1547219302194
[ 2023-07-08 15:25:33,292] 49 root - INFO - 61
[ 2023-07-08 15:25:33,292] 50 root - INFO - 1547219284950
[ 2023-07-08 15:25:33,292] 51 root - INFO - 1547219302190
[ 2023-07-08 15:25:33,292] 49 root - INFO - 62
[ 2023-07-08 15:25:33,292] 50 root - INFO - 1547219525287
[ 2023-07-08 15:25:33,292] 51 root - INFO - 1547219539447
[ 2023-07-08 15:25:33,309] 49 root - INFO - 63
[ 2023-07-08 15:25:33,309] 50 root - INFO - 1547219524981
[ 2023-07-08 15:25:33,309] 51 root - INFO - 1547219539501
[ 2023-07-08 15:25:33,325] 49 root - INFO - 64
[ 2023-07-08 15:25:33,325] 50 root - INFO - 1547221208421
[ 2023-07-08 15:25:33,325] 51 root - INFO - 1547221225941
[ 2023-07-08 15:25:33,342] 49 root - INFO - 65
[ 2023-07-08 15:25:33,342] 50 root - INFO - 1547221208106
[ 2023-07-08 15:25:33,342] 51 root - INFO - 1547221225906
[ 2023-07-08 15:25:33,359] 49 root - INFO - 66
[ 2023-07-08 15:25:33,359] 50 root - INFO - 1547221363566
[ 2023-07-08 15:25:33,359] 51 root - INFO - 1547221382046
[ 2023-07-08 15:25:33,359] 49 root - INFO - 67
[ 2023-07-08 15:25:33,359] 50 root - INFO - 1547221363444
[ 2023-07-08 15:25:33,359] 51 root - INFO - 1547221382044
[ 2023-07-08 15:25:33,376] 49 root - INFO - 68
[ 2023-07-08 15:25:33,376] 50 root - INFO - 1547221556169
[ 2023-07-08 15:25:33,376] 51 root - INFO - 1547221569369
[ 2023-07-08 15:25:33,392] 49 root - INFO - 69
[ 2023-07-08 15:25:33,392] 50 root - INFO - 1547221555883
[ 2023-07-08 15:25:33,392] 51 root - INFO - 1547221569363
[ 2023-07-08 15:25:33,409] 49 root - INFO - 70
[ 2023-07-08 15:25:33,409] 50 root - INFO - 1547221734916
[ 2023-07-08 15:25:33,409] 51 root - INFO - 1547221756436
[ 2023-07-08 15:25:33,409] 49 root - INFO - 71
[ 2023-07-08 15:25:33,409] 50 root - INFO - 1547221734474
[ 2023-07-08 15:25:33,409] 51 root - INFO - 1547221756434
[ 2023-07-08 15:25:33,426] 49 root - INFO - 72
[ 2023-07-08 15:25:33,426] 50 root - INFO - 1547222153763
[ 2023-07-08 15:25:33,426] 51 root - INFO - 1547222180243
[ 2023-07-08 15:25:33,442] 49 root - INFO - 73
[ 2023-07-08 15:25:33,442] 50 root - INFO - 1547222153322
[ 2023-07-08 15:25:33,442] 51 root - INFO - 1547222180162
[ 2023-07-08 15:25:33,459] 49 root - INFO - 74
[ 2023-07-08 15:25:33,459] 50 root - INFO - 1547222368731
[ 2023-07-08 15:25:33,459] 51 root - INFO - 1547222382571
[ 2023-07-08 15:25:33,475] 49 root - INFO - 75
[ 2023-07-08 15:25:33,475] 50 root - INFO - 1547222368370
[ 2023-07-08 15:25:33,475] 51 root - INFO - 1547222382570
[ 2023-07-08 15:25:33,475] 49 root - INFO - 76
[ 2023-07-08 15:25:33,475] 50 root - INFO - 1547222972746
[ 2023-07-08 15:25:33,475] 51 root - INFO - 1547222997466
[ 2023-07-08 15:25:33,492] 49 root - INFO - 77
[ 2023-07-08 15:25:33,492] 50 root - INFO - 1547222972748
[ 2023-07-08 15:25:33,492] 51 root - INFO - 1547222997428
[ 2023-07-08 15:25:33,509] 49 root - INFO - 78
[ 2023-07-08 15:25:33,509] 50 root - INFO - 1547472577885
[ 2023-07-08 15:25:33,509] 51 root - INFO - 1547472592365
[ 2023-07-08 15:25:33,525] 49 root - INFO - 79
[ 2023-07-08 15:25:33,525] 50 root - INFO - 1547472577648
[ 2023-07-08 15:25:33,525] 51 root - INFO - 1547472592328
[ 2023-07-08 15:25:33,525] 49 root - INFO - 80
[ 2023-07-08 15:25:33,541] 50 root - INFO - 1547472731998
[ 2023-07-08 15:25:33,541] 51 root - INFO - 1547472746158
[ 2023-07-08 15:25:33,542] 49 root - INFO - 81
[ 2023-07-08 15:25:33,542] 50 root - INFO - 1547472731590
[ 2023-07-08 15:25:33,542] 51 root - INFO - 1547472746110
[ 2023-07-08 15:25:33,559] 49 root - INFO - 82
[ 2023-07-08 15:25:33,559] 50 root - INFO - 1547473887607
[ 2023-07-08 15:25:33,559] 51 root - INFO - 1547473904967
[ 2023-07-08 15:25:33,575] 49 root - INFO - 83
[ 2023-07-08 15:25:33,575] 50 root - INFO - 1547473887323
[ 2023-07-08 15:25:33,575] 51 root - INFO - 1547473904963
[ 2023-07-08 15:25:33,592] 49 root - INFO - 84
[ 2023-07-08 15:25:33,592] 50 root - INFO - 1547580495831
[ 2023-07-08 15:25:33,592] 51 root - INFO - 1547580528551
[ 2023-07-08 15:25:33,592] 49 root - INFO - 85
[ 2023-07-08 15:25:33,608] 50 root - INFO - 1547580495467
[ 2023-07-08 15:25:33,608] 51 root - INFO - 1547580528547
[ 2023-07-08 15:25:33,609] 49 root - INFO - 86
[ 2023-07-08 15:25:33,609] 50 root - INFO - 1547580752726
[ 2023-07-08 15:25:33,609] 51 root - INFO - 1547580782726
[ 2023-07-08 15:25:33,626] 49 root - INFO - 87
[ 2023-07-08 15:25:33,626] 50 root - INFO - 1547580752315
[ 2023-07-08 15:25:33,626] 51 root - INFO - 1547580782755
[ 2023-07-08 15:25:33,659] 49 root - INFO - 88
[ 2023-07-08 15:25:33,659] 50 root - INFO - 1547581038295
[ 2023-07-08 15:25:33,659] 51 root - INFO - 1547581067655
[ 2023-07-08 15:25:33,677] 49 root - INFO - 89
[ 2023-07-08 15:25:33,677] 50 root - INFO - 1547581038012
[ 2023-07-08 15:25:33,677] 51 root - INFO - 1547581067652
[ 2023-07-08 15:25:33,692] 49 root - INFO - 90
[ 2023-07-08 15:25:33,692] 50 root - INFO - 1547474074877
[ 2023-07-08 15:25:33,692] 51 root - INFO - 1547474090637
[ 2023-07-08 15:25:33,692] 49 root - INFO - 91
[ 2023-07-08 15:25:33,692] 50 root - INFO - 1547474074516
[ 2023-07-08 15:25:33,692] 51 root - INFO - 1547474090556
[ 2023-07-08 15:25:33,709] 49 root - INFO - 92
[ 2023-07-08 15:25:33,709] 50 root - INFO - 1547474247302
[ 2023-07-08 15:25:33,709] 51 root - INFO - 1547474265302
[ 2023-07-08 15:25:33,725] 49 root - INFO - 93
[ 2023-07-08 15:25:33,725] 50 root - INFO - 1547474246896
[ 2023-07-08 15:25:33,725] 51 root - INFO - 1547474265256
[ 2023-07-08 15:25:33,742] 49 root - INFO - 94
[ 2023-07-08 15:25:33,742] 50 root - INFO - 1547474737530
[ 2023-07-08 15:25:33,742] 51 root - INFO - 1547474746090
[ 2023-07-08 15:25:33,742] 49 root - INFO - 95
[ 2023-07-08 15:25:33,742] 50 root - INFO - 1547561137531
[ 2023-07-08 15:25:33,742] 51 root - INFO - 1547561146091
[ 2023-07-08 15:25:33,759] 49 root - INFO - 96
[ 2023-07-08 15:25:33,759] 50 root - INFO - 1547474737167
[ 2023-07-08 15:25:33,759] 51 root - INFO - 1547474746087
[ 2023-07-08 15:25:33,759] 49 root - INFO - 97
[ 2023-07-08 15:25:33,774] 50 root - INFO - 1547561137168
[ 2023-07-08 15:25:33,775] 51 root - INFO - 1547561146088
[ 2023-07-08 15:25:33,775] 49 root - INFO - 98
[ 2023-07-08 15:25:33,775] 50 root - INFO - 1547474930149
[ 2023-07-08 15:25:33,775] 51 root - INFO - 1547474939509
[ 2023-07-08 15:25:33,775] 49 root - INFO - 99
[ 2023-07-08 15:25:33,775] 50 root - INFO - 1547561330150
[ 2023-07-08 15:25:33,775] 51 root - INFO - 1547561339510
[ 2023-07-08 15:25:33,792] 49 root - INFO - 100
[ 2023-07-08 15:25:33,792] 50 root - INFO - 1547474930152
[ 2023-07-08 15:25:33,792] 51 root - INFO - 1547474939392
[ 2023-07-08 15:25:33,809] 49 root - INFO - 101
[ 2023-07-08 15:25:33,809] 50 root - INFO - 1547561330153
[ 2023-07-08 15:25:33,809] 51 root - INFO - 1547561339393
[ 2023-07-08 15:25:33,826] 49 root - INFO - 102
[ 2023-07-08 15:25:33,826] 50 root - INFO - 1547474500179
[ 2023-07-08 15:25:33,826] 51 root - INFO - 1547474515619
[ 2023-07-08 15:25:33,826] 49 root - INFO - 103
[ 2023-07-08 15:25:33,841] 50 root - INFO - 1547560900180
[ 2023-07-08 15:25:33,842] 51 root - INFO - 1547560915620
[ 2023-07-08 15:25:33,842] 49 root - INFO - 104
[ 2023-07-08 15:25:33,842] 50 root - INFO - 1547474499893
[ 2023-07-08 15:25:33,842] 51 root - INFO - 1547474515693
[ 2023-07-08 15:25:33,859] 49 root - INFO - 105
[ 2023-07-08 15:25:33,859] 50 root - INFO - 1547560899894
[ 2023-07-08 15:25:33,859] 51 root - INFO - 1547560915694
[ 2023-07-08 15:25:33,875] 49 root - INFO - 106
[ 2023-07-08 15:25:33,875] 50 root - INFO - 1547579191816
[ 2023-07-08 15:25:33,875] 51 root - INFO - 1547579208536
[ 2023-07-08 15:25:33,892] 49 root - INFO - 107
[ 2023-07-08 15:25:33,892] 50 root - INFO - 1547579191455
[ 2023-07-08 15:25:33,892] 51 root - INFO - 1547579208615
[ 2023-07-08 15:25:33,908] 49 root - INFO - 108
[ 2023-07-08 15:25:33,909] 50 root - INFO - 1547579516160
[ 2023-07-08 15:25:33,909] 51 root - INFO - 1547579536880
[ 2023-07-08 15:25:33,909] 49 root - INFO - 109
[ 2023-07-08 15:25:33,909] 50 root - INFO - 1547579515834
[ 2023-07-08 15:25:33,909] 51 root - INFO - 1547579536914
[ 2023-07-08 15:25:33,925] 49 root - INFO - 110
[ 2023-07-08 15:25:33,925] 50 root - INFO - 1547579848312
[ 2023-07-08 15:25:33,925] 51 root - INFO - 1547579865672
[ 2023-07-08 15:25:33,992] 49 root - INFO - 111
[ 2023-07-08 15:25:33,992] 50 root - INFO - 1547579848028
[ 2023-07-08 15:25:33,992] 51 root - INFO - 1547579865588
[ 2023-07-08 15:25:34,009] 49 root - INFO - 112
[ 2023-07-08 15:25:34,009] 50 root - INFO - 1547831534525
[ 2023-07-08 15:25:34,009] 51 root - INFO - 1547831558525
[ 2023-07-08 15:25:34,009] 49 root - INFO - 113
[ 2023-07-08 15:25:34,009] 50 root - INFO - 1547831534175
[ 2023-07-08 15:25:34,009] 51 root - INFO - 1547831558455
[ 2023-07-08 15:25:34,026] 49 root - INFO - 114
[ 2023-07-08 15:25:34,026] 50 root - INFO - 1547832089610
[ 2023-07-08 15:25:34,026] 51 root - INFO - 1547832115610
[ 2023-07-08 15:25:34,042] 49 root - INFO - 115
[ 2023-07-08 15:25:34,042] 50 root - INFO - 1547832089247
[ 2023-07-08 15:25:34,042] 51 root - INFO - 1547832115607
[ 2023-07-08 15:25:34,059] 49 root - INFO - 116
[ 2023-07-08 15:25:34,059] 50 root - INFO - 1547832259568
[ 2023-07-08 15:25:34,059] 51 root - INFO - 1547832282688
[ 2023-07-08 15:25:34,076] 49 root - INFO - 117
[ 2023-07-08 15:25:34,076] 50 root - INFO - 1547832259295
[ 2023-07-08 15:25:34,076] 51 root - INFO - 1547832282695
[ 2023-07-08 15:25:34,092] 49 root - INFO - 118
[ 2023-07-08 15:25:34,092] 50 root - INFO - 1547832649220
[ 2023-07-08 15:25:34,092] 51 root - INFO - 1547832670420
[ 2023-07-08 15:25:34,109] 49 root - INFO - 119
[ 2023-07-08 15:25:34,109] 50 root - INFO - 1547832648985
[ 2023-07-08 15:25:34,109] 51 root - INFO - 1547832670385
[ 2023-07-08 15:25:34,142] 49 root - INFO - 120
[ 2023-07-08 15:25:34,142] 50 root - INFO - 1547832788416
[ 2023-07-08 15:25:34,142] 51 root - INFO - 1547832807856
[ 2023-07-08 15:25:34,142] 49 root - INFO - 121
[ 2023-07-08 15:25:34,142] 50 root - INFO - 1547832788086
[ 2023-07-08 15:25:34,142] 51 root - INFO - 1547832807806
[ 2023-07-08 15:25:34,170] 49 root - INFO - 122
[ 2023-07-08 15:25:34,171] 50 root - INFO - 1547832892981
[ 2023-07-08 15:25:34,171] 51 root - INFO - 1547832913701
[ 2023-07-08 15:25:34,185] 49 root - INFO - 123
[ 2023-07-08 15:25:34,185] 50 root - INFO - 1547832892696
[ 2023-07-08 15:25:34,185] 51 root - INFO - 1547832913696
[ 2023-07-08 15:25:34,192] 49 root - INFO - 124
[ 2023-07-08 15:25:34,192] 50 root - INFO - 1547831031632
[ 2023-07-08 15:25:34,192] 51 root - INFO - 1547831047712
[ 2023-07-08 15:25:34,209] 49 root - INFO - 125
[ 2023-07-08 15:25:34,209] 50 root - INFO - 1547831031268
[ 2023-07-08 15:25:34,209] 51 root - INFO - 1547831047788
[ 2023-07-08 15:25:34,226] 49 root - INFO - 126
[ 2023-07-08 15:25:34,226] 50 root - INFO - 1547829948168
[ 2023-07-08 15:25:34,226] 51 root - INFO - 1547829983528
[ 2023-07-08 15:25:34,242] 49 root - INFO - 127
[ 2023-07-08 15:25:34,242] 50 root - INFO - 1547829947773
[ 2023-07-08 15:25:34,242] 51 root - INFO - 1547829983453
[ 2023-07-08 15:25:34,258] 49 root - INFO - 128
[ 2023-07-08 15:25:34,258] 50 root - INFO - 1547830301446
[ 2023-07-08 15:25:34,259] 51 root - INFO - 1547830328406
[ 2023-07-08 15:25:34,259] 49 root - INFO - 129
[ 2023-07-08 15:25:34,259] 50 root - INFO - 1547830301104
[ 2023-07-08 15:25:34,259] 51 root - INFO - 1547830328344
[ 2023-07-08 15:25:34,275] 49 root - INFO - 130
[ 2023-07-08 15:25:34,275] 50 root - INFO - 1547305808431
[ 2023-07-08 15:25:34,275] 51 root - INFO - 1547305824831
[ 2023-07-08 15:25:34,292] 49 root - INFO - 131
[ 2023-07-08 15:25:34,292] 50 root - INFO - 1547305808351
[ 2023-07-08 15:25:34,292] 51 root - INFO - 1547305824871
[ 2023-07-08 15:25:34,309] 49 root - INFO - 132
[ 2023-07-08 15:25:34,309] 50 root - INFO - 1547558821400
[ 2023-07-08 15:25:34,309] 51 root - INFO - 1547558833800
[ 2023-07-08 15:25:34,325] 49 root - INFO - 133
[ 2023-07-08 15:25:34,325] 50 root - INFO - 1547558820993
[ 2023-07-08 15:25:34,325] 51 root - INFO - 1547558833753
[ 2023-07-08 15:25:34,325] 49 root - INFO - 134
[ 2023-07-08 15:25:34,325] 50 root - INFO - 1547306085680
[ 2023-07-08 15:25:34,325] 51 root - INFO - 1547306099840
[ 2023-07-08 15:25:34,342] 49 root - INFO - 135
[ 2023-07-08 15:25:34,342] 50 root - INFO - 1547306085355
[ 2023-07-08 15:25:34,342] 51 root - INFO - 1547306099875
[ 2023-07-08 15:25:34,359] 49 root - INFO - 136
[ 2023-07-08 15:25:34,359] 50 root - INFO - 1547558569751
[ 2023-07-08 15:25:34,359] 51 root - INFO - 1547558581831
[ 2023-07-08 15:25:34,375] 49 root - INFO - 137
[ 2023-07-08 15:25:34,375] 50 root - INFO - 1547558569353
[ 2023-07-08 15:25:34,375] 51 root - INFO - 1547558581873
[ 2023-07-08 15:25:34,392] 49 root - INFO - 138
[ 2023-07-08 15:25:34,392] 50 root - INFO - 1547917934525
[ 2023-07-08 15:25:34,392] 51 root - INFO - 1547917958525
[ 2023-07-08 15:25:34,409] 49 root - INFO - 139
[ 2023-07-08 15:25:34,409] 50 root - INFO - 1547917934175
[ 2023-07-08 15:25:34,409] 51 root - INFO - 1547917958455
[ 2023-07-08 15:25:34,426] 49 root - INFO - 140
[ 2023-07-08 15:25:34,426] 50 root - INFO - 1547918489610
[ 2023-07-08 15:25:34,426] 51 root - INFO - 1547918515610
[ 2023-07-08 15:25:34,442] 49 root - INFO - 141
[ 2023-07-08 15:25:34,442] 50 root - INFO - 1547918489247
[ 2023-07-08 15:25:34,442] 51 root - INFO - 1547918515607
[ 2023-07-08 15:25:34,459] 49 root - INFO - 142
[ 2023-07-08 15:25:34,459] 50 root - INFO - 1547918659568
[ 2023-07-08 15:25:34,459] 51 root - INFO - 1547918682688
[ 2023-07-08 15:25:34,475] 49 root - INFO - 143
[ 2023-07-08 15:25:34,475] 50 root - INFO - 1547918659295
[ 2023-07-08 15:25:34,475] 51 root - INFO - 1547918682695
[ 2023-07-08 15:25:34,491] 49 root - INFO - 144
[ 2023-07-08 15:25:34,492] 50 root - INFO - 1547667327652
[ 2023-07-08 15:25:34,492] 51 root - INFO - 1547667343732
[ 2023-07-08 15:25:34,492] 49 root - INFO - 145
[ 2023-07-08 15:25:34,492] 50 root - INFO - 1547667327366
[ 2023-07-08 15:25:34,492] 51 root - INFO - 1547667343726
[ 2023-07-08 15:25:34,509] 49 root - INFO - 146
[ 2023-07-08 15:25:34,509] 50 root - INFO - 1547310264873
[ 2023-07-08 15:25:34,509] 51 root - INFO - 1547310295833
[ 2023-07-08 15:25:34,525] 49 root - INFO - 147
[ 2023-07-08 15:25:34,525] 50 root - INFO - 1547310264906
[ 2023-07-08 15:25:34,525] 51 root - INFO - 1547310295786
[ 2023-07-08 15:25:34,542] 49 root - INFO - 148
[ 2023-07-08 15:25:34,542] 50 root - INFO - 1547666786798
[ 2023-07-08 15:25:34,542] 51 root - INFO - 1547666813598
[ 2023-07-08 15:25:34,559] 49 root - INFO - 149
[ 2023-07-08 15:25:34,559] 50 root - INFO - 1547666786525
[ 2023-07-08 15:25:34,559] 51 root - INFO - 1547666813605
[ 2023-07-08 15:25:34,575] 49 root - INFO - 150
[ 2023-07-08 15:25:34,575] 50 root - INFO - 1547667035127
[ 2023-07-08 15:25:34,575] 51 root - INFO - 1547667069767
[ 2023-07-08 15:25:34,592] 49 root - INFO - 151
[ 2023-07-08 15:25:34,592] 50 root - INFO - 1547667034809
[ 2023-07-08 15:25:34,592] 51 root - INFO - 1547667069729
[ 2023-07-08 15:25:34,609] 49 root - INFO - 152
[ 2023-07-08 15:25:34,609] 50 root - INFO - 1547560186995
[ 2023-07-08 15:25:34,609] 51 root - INFO - 1547560200515
[ 2023-07-08 15:25:34,609] 49 root - INFO - 153
[ 2023-07-08 15:25:34,609] 50 root - INFO - 1547560186675
[ 2023-07-08 15:25:34,609] 51 root - INFO - 1547560200555
[ 2023-07-08 15:25:34,626] 49 root - INFO - 154
[ 2023-07-08 15:25:34,626] 50 root - INFO - 1547560386863
[ 2023-07-08 15:25:34,626] 51 root - INFO - 1547560401663
[ 2023-07-08 15:25:34,642] 49 root - INFO - 155
[ 2023-07-08 15:25:34,642] 50 root - INFO - 1547560386457
[ 2023-07-08 15:25:34,642] 51 root - INFO - 1547560401617
[ 2023-07-08 15:25:34,659] 49 root - INFO - 156
[ 2023-07-08 15:25:34,659] 50 root - INFO - 1547560542767
[ 2023-07-08 15:25:34,659] 51 root - INFO - 1547560557567
[ 2023-07-08 15:25:34,681] 49 root - INFO - 157
[ 2023-07-08 15:25:34,681] 50 root - INFO - 1547560542440
[ 2023-07-08 15:25:34,681] 51 root - INFO - 1547560557600
[ 2023-07-08 15:25:34,692] 49 root - INFO - 158
[ 2023-07-08 15:25:34,692] 50 root - INFO - 1547918546029
[ 2023-07-08 15:25:34,692] 51 root - INFO - 1547918579869
[ 2023-07-08 15:25:34,709] 49 root - INFO - 159
[ 2023-07-08 15:25:34,709] 50 root - INFO - 1548004946030
[ 2023-07-08 15:25:34,709] 51 root - INFO - 1548004979870
[ 2023-07-08 15:25:34,725] 49 root - INFO - 160
[ 2023-07-08 15:25:34,725] 50 root - INFO - 1547918545755
[ 2023-07-08 15:25:34,725] 51 root - INFO - 1547918579955
[ 2023-07-08 15:25:34,742] 49 root - INFO - 161
[ 2023-07-08 15:25:34,742] 50 root - INFO - 1548004945756
[ 2023-07-08 15:25:34,742] 51 root - INFO - 1548004979956
[ 2023-07-08 15:25:34,758] 49 root - INFO - 162
[ 2023-07-08 15:25:34,759] 50 root - INFO - 1547918739908
[ 2023-07-08 15:25:34,759] 51 root - INFO - 1547918779668
[ 2023-07-08 15:25:34,759] 49 root - INFO - 163
[ 2023-07-08 15:25:34,759] 50 root - INFO - 1548005139909
[ 2023-07-08 15:25:34,759] 51 root - INFO - 1548005179669
[ 2023-07-08 15:25:34,792] 49 root - INFO - 164
[ 2023-07-08 15:25:34,792] 50 root - INFO - 1547918739578
[ 2023-07-08 15:25:34,792] 51 root - INFO - 1547918779618
[ 2023-07-08 15:25:34,809] 49 root - INFO - 165
[ 2023-07-08 15:25:34,809] 50 root - INFO - 1548005139579
[ 2023-07-08 15:25:34,809] 51 root - INFO - 1548005179619
[ 2023-07-08 15:25:34,809] 49 root - INFO - 166
[ 2023-07-08 15:25:34,809] 50 root - INFO - 1547561046637
[ 2023-07-08 15:25:34,809] 51 root - INFO - 1547561055037
[ 2023-07-08 15:25:34,825] 49 root - INFO - 167
[ 2023-07-08 15:25:34,825] 50 root - INFO - 1547647446638
[ 2023-07-08 15:25:34,825] 51 root - INFO - 1547647455038
[ 2023-07-08 15:25:34,825] 49 root - INFO - 168
[ 2023-07-08 15:25:34,825] 50 root - INFO - 1547561046331
[ 2023-07-08 15:25:34,825] 51 root - INFO - 1547561055011
[ 2023-07-08 15:25:34,842] 49 root - INFO - 169
[ 2023-07-08 15:25:34,842] 50 root - INFO - 1547647446332
[ 2023-07-08 15:25:34,842] 51 root - INFO - 1547647455012
[ 2023-07-08 15:25:34,859] 49 root - INFO - 170
[ 2023-07-08 15:25:34,859] 50 root - INFO - 1547561210862
[ 2023-07-08 15:25:34,859] 51 root - INFO - 1547561219102
[ 2023-07-08 15:25:34,859] 49 root - INFO - 171
[ 2023-07-08 15:25:34,859] 50 root - INFO - 1547647610863
[ 2023-07-08 15:25:34,859] 51 root - INFO - 1547647619103
[ 2023-07-08 15:25:34,875] 49 root - INFO - 172
[ 2023-07-08 15:25:34,875] 50 root - INFO - 1547561210465
[ 2023-07-08 15:25:34,875] 51 root - INFO - 1547561219145
[ 2023-07-08 15:25:34,892] 49 root - INFO - 173
[ 2023-07-08 15:25:34,892] 50 root - INFO - 1547647610466
[ 2023-07-08 15:25:34,892] 51 root - INFO - 1547647619146
[ 2023-07-08 15:25:34,909] 49 root - INFO - 174
[ 2023-07-08 15:25:34,909] 50 root - INFO - 1547919049220
[ 2023-07-08 15:25:34,909] 51 root - INFO - 1547919070420
[ 2023-07-08 15:25:34,925] 49 root - INFO - 175
[ 2023-07-08 15:25:34,925] 50 root - INFO - 1548005449221
[ 2023-07-08 15:25:34,925] 51 root - INFO - 1548005470421
[ 2023-07-08 15:25:34,942] 49 root - INFO - 176
[ 2023-07-08 15:25:34,942] 50 root - INFO - 1547919048985
[ 2023-07-08 15:25:34,942] 51 root - INFO - 1547919070385
[ 2023-07-08 15:25:34,942] 49 root - INFO - 177
[ 2023-07-08 15:25:34,942] 50 root - INFO - 1548005448986
[ 2023-07-08 15:25:34,942] 51 root - INFO - 1548005470386
[ 2023-07-08 15:25:34,959] 49 root - INFO - 178
[ 2023-07-08 15:25:34,959] 50 root - INFO - 1547919188416
[ 2023-07-08 15:25:34,959] 51 root - INFO - 1547919207856
[ 2023-07-08 15:25:34,976] 49 root - INFO - 179
[ 2023-07-08 15:25:34,976] 50 root - INFO - 1548005588417
[ 2023-07-08 15:25:34,976] 51 root - INFO - 1548005607857
[ 2023-07-08 15:25:34,992] 49 root - INFO - 180
[ 2023-07-08 15:25:34,992] 50 root - INFO - 1547919188086
[ 2023-07-08 15:25:34,992] 51 root - INFO - 1547919207806
[ 2023-07-08 15:25:35,008] 49 root - INFO - 181
[ 2023-07-08 15:25:35,008] 50 root - INFO - 1548005588087
[ 2023-07-08 15:25:35,008] 51 root - INFO - 1548005607807
[ 2023-07-08 15:25:35,042] 49 root - INFO - 182
[ 2023-07-08 15:25:35,042] 50 root - INFO - 1547919292981
[ 2023-07-08 15:25:35,042] 51 root - INFO - 1547919313701
[ 2023-07-08 15:25:35,058] 49 root - INFO - 183
[ 2023-07-08 15:25:35,058] 50 root - INFO - 1548005692982
[ 2023-07-08 15:25:35,058] 51 root - INFO - 1548005713702
[ 2023-07-08 15:25:35,058] 49 root - INFO - 184
[ 2023-07-08 15:25:35,058] 50 root - INFO - 1547919292696
[ 2023-07-08 15:25:35,058] 51 root - INFO - 1547919313696
[ 2023-07-08 15:25:35,076] 49 root - INFO - 185
[ 2023-07-08 15:25:35,076] 50 root - INFO - 1547665747371
[ 2023-07-08 15:25:35,076] 51 root - INFO - 1547665767771
[ 2023-07-08 15:25:35,092] 49 root - INFO - 186
[ 2023-07-08 15:25:35,092] 50 root - INFO - 1547665747087
[ 2023-07-08 15:25:35,092] 51 root - INFO - 1547665767767
[ 2023-07-08 15:25:35,111] 49 root - INFO - 187
[ 2023-07-08 15:25:35,111] 50 root - INFO - 1547666044129
[ 2023-07-08 15:25:35,111] 51 root - INFO - 1547666063409
[ 2023-07-08 15:25:35,125] 49 root - INFO - 188
[ 2023-07-08 15:25:35,125] 50 root - INFO - 1547666043834
[ 2023-07-08 15:25:35,125] 51 root - INFO - 1547666063474
[ 2023-07-08 15:25:35,159] 74 root - INFO - min acc time1970-01-01 00:25:47.219285314
[ 2023-07-08 15:25:35,159] 75 root - INFO - min acc time1970-01-01 00:25:48.005713702
[ 2023-07-08 15:25:35,159] 76 root - INFO - min gyr time1970-01-01 00:25:47.219284950
[ 2023-07-08 15:25:35,159] 77 root - INFO - min gyr time1970-01-01 00:25:48.005607807
[ 2023-07-08 15:25:35,159] 79 root - INFO - created accelerometer and gyroscope dataframes
[ 2023-07-08 15:25:35,192] 88 root - INFO - 69677
[ 2023-07-08 15:25:35,192] 89 root - INFO - 1970-01-01 00:25:47.219284950
[ 2023-07-08 15:25:35,192] 90 root - INFO - 1970-01-01 00:25:48.005713702
[ 2023-07-08 15:25:35,192] 121 root - INFO - 1
[ 2023-07-08 15:25:35,209] 126 root - INFO -                             acc_x     acc_y     acc_z     gyr_x     gyr_y     gyr_z participants category label   set
epoch (ms)                                                                                                           
1970-01-01 00:25:47.200 -0.128235  0.645881  0.028304  0.982492 -1.958372  0.582183            E   medium  dead  73.0
1970-01-01 00:25:47.400  0.007189 -0.022303  0.098703  0.668892 -2.070911  0.779008            C   medium  dead  44.0
1970-01-01 00:25:47.600  0.088930 -0.543067  0.201999  0.939924 -2.036241  0.487862            E    heavy  dead  72.0
1970-01-01 00:25:47.800  0.199233 -0.073985  0.156728  0.692600 -1.671748  1.101360            E   medium   row  91.0
1970-01-01 00:25:48.000  0.273430 -0.748319  0.168288  0.641636 -1.519555  1.492413            E   medium   row  90.0
[ 2023-07-08 15:25:35,225] 129 root - INFO - 5
[ 2023-07-08 15:25:35,225] 130 root - INFO - Index(['acc_x', 'acc_y', 'acc_z', 'gyr_x', 'gyr_y', 'gyr_z', 'participants',
       'category', 'label', 'set'],
      dtype='object')
