[ 2023-07-08 15:26:26,682] 21 root - INFO - Initiating data ingestion
[ 2023-07-08 15:26:26,683] 35 root - INFO - this file already exist
[ 2023-07-08 15:26:26,683] 36 root - INFO - Unziping data
[ 2023-07-08 15:26:27,120] 40 root - INFO - Unzip completed
[ 2023-07-08 15:26:27,121] 24 root - INFO - initiating data_transformation
[ 2023-07-08 15:26:27,126] 28 root - INFO - The total number of files : 187
[ 2023-07-08 15:26:27,157] 49 root - INFO - 2
[ 2023-07-08 15:26:27,159] 50 root - INFO - 1970-01-01 00:25:47.219408431
[ 2023-07-08 15:26:27,160] 51 root - INFO - 1970-01-01 00:25:47.219424831
[ 2023-07-08 15:26:27,185] 49 root - INFO - 3
[ 2023-07-08 15:26:27,187] 50 root - INFO - 1970-01-01 00:25:47.219408351
[ 2023-07-08 15:26:27,188] 51 root - INFO - 1970-01-01 00:25:47.219424871
[ 2023-07-08 15:26:27,215] 49 root - INFO - 4
[ 2023-07-08 15:26:27,220] 50 root - INFO - 1970-01-01 00:25:47.472421400
[ 2023-07-08 15:26:27,222] 51 root - INFO - 1970-01-01 00:25:47.472433800
[ 2023-07-08 15:26:27,260] 49 root - INFO - 5
[ 2023-07-08 15:26:27,262] 50 root - INFO - 1970-01-01 00:25:47.472420993
[ 2023-07-08 15:26:27,263] 51 root - INFO - 1970-01-01 00:25:47.472433753
[ 2023-07-08 15:26:27,286] 49 root - INFO - 6
[ 2023-07-08 15:26:27,288] 50 root - INFO - 1970-01-01 00:25:47.219685680
[ 2023-07-08 15:26:27,289] 51 root - INFO - 1970-01-01 00:25:47.219699840
[ 2023-07-08 15:26:27,311] 49 root - INFO - 7
[ 2023-07-08 15:26:27,312] 50 root - INFO - 1970-01-01 00:25:47.219685355
[ 2023-07-08 15:26:27,312] 51 root - INFO - 1970-01-01 00:25:47.219699875
[ 2023-07-08 15:26:27,328] 49 root - INFO - 8
[ 2023-07-08 15:26:27,329] 50 root - INFO - 1970-01-01 00:25:47.472169751
[ 2023-07-08 15:26:27,330] 51 root - INFO - 1970-01-01 00:25:47.472181831
[ 2023-07-08 15:26:27,343] 49 root - INFO - 9
[ 2023-07-08 15:26:27,344] 50 root - INFO - 1970-01-01 00:25:47.472169353
[ 2023-07-08 15:26:27,345] 51 root - INFO - 1970-01-01 00:25:47.472181873
[ 2023-07-08 15:26:27,364] 49 root - INFO - 10
[ 2023-07-08 15:26:27,365] 50 root - INFO - 1970-01-01 00:25:47.580927652
[ 2023-07-08 15:26:27,365] 51 root - INFO - 1970-01-01 00:25:47.580943732
[ 2023-07-08 15:26:27,386] 49 root - INFO - 11
[ 2023-07-08 15:26:27,387] 50 root - INFO - 1970-01-01 00:25:47.580927366
[ 2023-07-08 15:26:27,387] 51 root - INFO - 1970-01-01 00:25:47.580943726
[ 2023-07-08 15:26:27,407] 49 root - INFO - 12
[ 2023-07-08 15:26:27,408] 50 root - INFO - 1970-01-01 00:25:47.223864873
[ 2023-07-08 15:26:27,408] 51 root - INFO - 1970-01-01 00:25:47.223895833
[ 2023-07-08 15:26:27,425] 49 root - INFO - 13
[ 2023-07-08 15:26:27,426] 50 root - INFO - 1970-01-01 00:25:47.223864906
[ 2023-07-08 15:26:27,427] 51 root - INFO - 1970-01-01 00:25:47.223895786
[ 2023-07-08 15:26:27,443] 49 root - INFO - 14
[ 2023-07-08 15:26:27,445] 50 root - INFO - 1970-01-01 00:25:47.580386798
[ 2023-07-08 15:26:27,446] 51 root - INFO - 1970-01-01 00:25:47.580413598
[ 2023-07-08 15:26:27,464] 49 root - INFO - 15
[ 2023-07-08 15:26:27,465] 50 root - INFO - 1970-01-01 00:25:47.580386525
[ 2023-07-08 15:26:27,467] 51 root - INFO - 1970-01-01 00:25:47.580413605
[ 2023-07-08 15:26:27,481] 49 root - INFO - 16
[ 2023-07-08 15:26:27,482] 50 root - INFO - 1970-01-01 00:25:47.580635127
[ 2023-07-08 15:26:27,483] 51 root - INFO - 1970-01-01 00:25:47.580669767
[ 2023-07-08 15:26:27,496] 49 root - INFO - 17
[ 2023-07-08 15:26:27,497] 50 root - INFO - 1970-01-01 00:25:47.580634809
[ 2023-07-08 15:26:27,498] 51 root - INFO - 1970-01-01 00:25:47.580669729
[ 2023-07-08 15:26:27,510] 49 root - INFO - 18
[ 2023-07-08 15:26:27,511] 50 root - INFO - 1970-01-01 00:25:47.221135055
[ 2023-07-08 15:26:27,512] 51 root - INFO - 1970-01-01 00:25:47.221150015
[ 2023-07-08 15:26:27,526] 49 root - INFO - 19
[ 2023-07-08 15:26:27,528] 50 root - INFO - 1970-01-01 00:25:47.221134768
[ 2023-07-08 15:26:27,528] 51 root - INFO - 1970-01-01 00:25:47.221150088
[ 2023-07-08 15:26:27,544] 49 root - INFO - 20
[ 2023-07-08 15:26:27,545] 50 root - INFO - 1970-01-01 00:25:47.221285010
[ 2023-07-08 15:26:27,545] 51 root - INFO - 1970-01-01 00:25:47.221297570
[ 2023-07-08 15:26:27,559] 49 root - INFO - 21
[ 2023-07-08 15:26:27,560] 50 root - INFO - 1970-01-01 00:25:47.221284650
[ 2023-07-08 15:26:27,561] 51 root - INFO - 1970-01-01 00:25:47.221297490
[ 2023-07-08 15:26:27,573] 49 root - INFO - 22
[ 2023-07-08 15:26:27,574] 50 root - INFO - 1970-01-01 00:25:47.221441391
[ 2023-07-08 15:26:27,574] 51 root - INFO - 1970-01-01 00:25:47.221456351
[ 2023-07-08 15:26:27,588] 49 root - INFO - 23
[ 2023-07-08 15:26:27,589] 50 root - INFO - 1970-01-01 00:25:47.221440995
[ 2023-07-08 15:26:27,589] 51 root - INFO - 1970-01-01 00:25:47.221456395
[ 2023-07-08 15:26:27,603] 49 root - INFO - 24
[ 2023-07-08 15:26:27,604] 50 root - INFO - 1970-01-01 00:25:47.473786995
[ 2023-07-08 15:26:27,605] 51 root - INFO - 1970-01-01 00:25:47.473800515
[ 2023-07-08 15:26:27,618] 49 root - INFO - 25
[ 2023-07-08 15:26:27,619] 50 root - INFO - 1970-01-01 00:25:47.473786675
[ 2023-07-08 15:26:27,620] 51 root - INFO - 1970-01-01 00:25:47.473800555
[ 2023-07-08 15:26:27,631] 49 root - INFO - 26
[ 2023-07-08 15:26:27,632] 50 root - INFO - 1970-01-01 00:25:47.473986863
[ 2023-07-08 15:26:27,634] 51 root - INFO - 1970-01-01 00:25:47.474001663
[ 2023-07-08 15:26:27,645] 49 root - INFO - 27
[ 2023-07-08 15:26:27,646] 50 root - INFO - 1970-01-01 00:25:47.473986457
[ 2023-07-08 15:26:27,647] 51 root - INFO - 1970-01-01 00:25:47.474001617
[ 2023-07-08 15:26:27,660] 49 root - INFO - 28
[ 2023-07-08 15:26:27,661] 50 root - INFO - 1970-01-01 00:25:47.474142767
[ 2023-07-08 15:26:27,662] 51 root - INFO - 1970-01-01 00:25:47.474157567
[ 2023-07-08 15:26:27,676] 49 root - INFO - 29
[ 2023-07-08 15:26:27,677] 50 root - INFO - 1970-01-01 00:25:47.474142440
[ 2023-07-08 15:26:27,678] 51 root - INFO - 1970-01-01 00:25:47.474157600
[ 2023-07-08 15:26:27,691] 49 root - INFO - 30
[ 2023-07-08 15:26:27,692] 50 root - INFO - 1970-01-01 00:25:47.222033950
[ 2023-07-08 15:26:27,693] 51 root - INFO - 1970-01-01 00:25:47.222055790
[ 2023-07-08 15:26:27,705] 49 root - INFO - 31
[ 2023-07-08 15:26:27,706] 50 root - INFO - 1970-01-01 00:25:47.222033555
[ 2023-07-08 15:26:27,707] 51 root - INFO - 1970-01-01 00:25:47.222055755
[ 2023-07-08 15:26:27,721] 49 root - INFO - 32
[ 2023-07-08 15:26:27,721] 50 root - INFO - 1970-01-01 00:25:47.222250623
[ 2023-07-08 15:26:27,722] 51 root - INFO - 1970-01-01 00:25:47.222270623
[ 2023-07-08 15:26:27,736] 49 root - INFO - 33
[ 2023-07-08 15:26:27,737] 50 root - INFO - 1970-01-01 00:25:47.222250295
[ 2023-07-08 15:26:27,738] 51 root - INFO - 1970-01-01 00:25:47.222270655
[ 2023-07-08 15:26:27,753] 49 root - INFO - 34
[ 2023-07-08 15:26:27,754] 50 root - INFO - 1970-01-01 00:25:47.222449915
[ 2023-07-08 15:26:27,755] 51 root - INFO - 1970-01-01 00:25:47.222469195
[ 2023-07-08 15:26:27,770] 49 root - INFO - 35
[ 2023-07-08 15:26:27,771] 50 root - INFO - 1970-01-01 00:25:47.222449827
[ 2023-07-08 15:26:27,771] 51 root - INFO - 1970-01-01 00:25:47.222469147
[ 2023-07-08 15:26:27,786] 49 root - INFO - 36
[ 2023-07-08 15:26:27,787] 50 root - INFO - 1970-01-01 00:25:47.832146029
[ 2023-07-08 15:26:27,788] 51 root - INFO - 1970-01-01 00:25:47.832179869
[ 2023-07-08 15:26:27,803] 49 root - INFO - 37
[ 2023-07-08 15:26:27,804] 50 root - INFO - 1970-01-01 00:25:47.918546030
[ 2023-07-08 15:26:27,804] 51 root - INFO - 1970-01-01 00:25:47.918579870
[ 2023-07-08 15:26:27,820] 49 root - INFO - 38
[ 2023-07-08 15:26:27,821] 50 root - INFO - 1970-01-01 00:25:47.832145755
[ 2023-07-08 15:26:27,822] 51 root - INFO - 1970-01-01 00:25:47.832179955
[ 2023-07-08 15:26:27,838] 49 root - INFO - 39
[ 2023-07-08 15:26:27,839] 50 root - INFO - 1970-01-01 00:25:47.918545756
[ 2023-07-08 15:26:27,840] 51 root - INFO - 1970-01-01 00:25:47.918579956
[ 2023-07-08 15:26:27,854] 49 root - INFO - 40
[ 2023-07-08 15:26:27,854] 50 root - INFO - 1970-01-01 00:25:47.832339908
[ 2023-07-08 15:26:27,855] 51 root - INFO - 1970-01-01 00:25:47.832379668
[ 2023-07-08 15:26:27,869] 49 root - INFO - 41
[ 2023-07-08 15:26:27,871] 50 root - INFO - 1970-01-01 00:25:47.918739909
[ 2023-07-08 15:26:27,874] 51 root - INFO - 1970-01-01 00:25:47.918779669
[ 2023-07-08 15:26:27,895] 49 root - INFO - 42
[ 2023-07-08 15:26:27,896] 50 root - INFO - 1970-01-01 00:25:47.832339578
[ 2023-07-08 15:26:27,901] 51 root - INFO - 1970-01-01 00:25:47.832379618
[ 2023-07-08 15:26:27,921] 49 root - INFO - 43
[ 2023-07-08 15:26:27,922] 50 root - INFO - 1970-01-01 00:25:47.918739579
[ 2023-07-08 15:26:27,924] 51 root - INFO - 1970-01-01 00:25:47.918779619
[ 2023-07-08 15:26:27,934] 49 root - INFO - 44
[ 2023-07-08 15:26:27,934] 50 root - INFO - 1970-01-01 00:25:47.474646637
[ 2023-07-08 15:26:27,934] 51 root - INFO - 1970-01-01 00:25:47.474655037
[ 2023-07-08 15:26:27,951] 49 root - INFO - 45
[ 2023-07-08 15:26:27,951] 50 root - INFO - 1970-01-01 00:25:47.474646331
[ 2023-07-08 15:26:27,951] 51 root - INFO - 1970-01-01 00:25:47.474655011
[ 2023-07-08 15:26:27,967] 49 root - INFO - 46
[ 2023-07-08 15:26:27,967] 50 root - INFO - 1970-01-01 00:25:47.474810862
[ 2023-07-08 15:26:27,967] 51 root - INFO - 1970-01-01 00:25:47.474819102
[ 2023-07-08 15:26:27,983] 49 root - INFO - 47
[ 2023-07-08 15:26:27,983] 50 root - INFO - 1970-01-01 00:25:47.474810465
[ 2023-07-08 15:26:27,983] 51 root - INFO - 1970-01-01 00:25:47.474819145
[ 2023-07-08 15:26:28,000] 49 root - INFO - 48
[ 2023-07-08 15:26:28,000] 50 root - INFO - 1970-01-01 00:25:47.579049161
[ 2023-07-08 15:26:28,000] 51 root - INFO - 1970-01-01 00:25:47.579065881
[ 2023-07-08 15:26:28,017] 49 root - INFO - 49
[ 2023-07-08 15:26:28,017] 50 root - INFO - 1970-01-01 00:25:47.579048841
[ 2023-07-08 15:26:28,017] 51 root - INFO - 1970-01-01 00:25:47.579065921
[ 2023-07-08 15:26:28,050] 49 root - INFO - 50
[ 2023-07-08 15:26:28,050] 50 root - INFO - 1970-01-01 00:25:47.579347371
[ 2023-07-08 15:26:28,050] 51 root - INFO - 1970-01-01 00:25:47.579367771
[ 2023-07-08 15:26:28,067] 49 root - INFO - 51
[ 2023-07-08 15:26:28,067] 50 root - INFO - 1970-01-01 00:25:47.579347087
[ 2023-07-08 15:26:28,067] 51 root - INFO - 1970-01-01 00:25:47.579367767
[ 2023-07-08 15:26:28,083] 49 root - INFO - 52
[ 2023-07-08 15:26:28,083] 50 root - INFO - 1970-01-01 00:25:47.579644129
[ 2023-07-08 15:26:28,083] 51 root - INFO - 1970-01-01 00:25:47.579663409
[ 2023-07-08 15:26:28,100] 49 root - INFO - 53
[ 2023-07-08 15:26:28,100] 50 root - INFO - 1970-01-01 00:25:47.579643834
[ 2023-07-08 15:26:28,100] 51 root - INFO - 1970-01-01 00:25:47.579663474
[ 2023-07-08 15:26:28,133] 49 root - INFO - 54
[ 2023-07-08 15:26:28,133] 50 root - INFO - 1970-01-01 00:25:47.222744630
[ 2023-07-08 15:26:28,133] 51 root - INFO - 1970-01-01 00:25:47.222760710
[ 2023-07-08 15:26:28,150] 49 root - INFO - 55
[ 2023-07-08 15:26:28,150] 50 root - INFO - 1970-01-01 00:25:47.222744554
[ 2023-07-08 15:26:28,150] 51 root - INFO - 1970-01-01 00:25:47.222760674
[ 2023-07-08 15:26:28,150] 49 root - INFO - 56
[ 2023-07-08 15:26:28,150] 50 root - INFO - 1970-01-01 00:25:47.223435978
[ 2023-07-08 15:26:28,167] 51 root - INFO - 1970-01-01 00:25:47.223460858
[ 2023-07-08 15:26:28,167] 49 root - INFO - 57
[ 2023-07-08 15:26:28,167] 50 root - INFO - 1970-01-01 00:25:47.223435659
[ 2023-07-08 15:26:28,167] 51 root - INFO - 1970-01-01 00:25:47.223460899
[ 2023-07-08 15:26:28,183] 49 root - INFO - 58
[ 2023-07-08 15:26:28,183] 50 root - INFO - 1970-01-01 00:25:47.223575024
[ 2023-07-08 15:26:28,183] 51 root - INFO - 1970-01-01 00:25:47.223601024
[ 2023-07-08 15:26:28,200] 49 root - INFO - 59
[ 2023-07-08 15:26:28,200] 50 root - INFO - 1970-01-01 00:25:47.223574957
[ 2023-07-08 15:26:28,200] 51 root - INFO - 1970-01-01 00:25:47.223601077
[ 2023-07-08 15:26:28,217] 49 root - INFO - 60
[ 2023-07-08 15:26:28,217] 50 root - INFO - 1970-01-01 00:25:47.219285314
[ 2023-07-08 15:26:28,217] 51 root - INFO - 1970-01-01 00:25:47.219302194
[ 2023-07-08 15:26:28,233] 49 root - INFO - 61
[ 2023-07-08 15:26:28,233] 50 root - INFO - 1970-01-01 00:25:47.219284950
[ 2023-07-08 15:26:28,233] 51 root - INFO - 1970-01-01 00:25:47.219302190
[ 2023-07-08 15:26:28,250] 49 root - INFO - 62
[ 2023-07-08 15:26:28,250] 50 root - INFO - 1970-01-01 00:25:47.219525287
[ 2023-07-08 15:26:28,250] 51 root - INFO - 1970-01-01 00:25:47.219539447
[ 2023-07-08 15:26:28,250] 49 root - INFO - 63
[ 2023-07-08 15:26:28,266] 50 root - INFO - 1970-01-01 00:25:47.219524981
[ 2023-07-08 15:26:28,266] 51 root - INFO - 1970-01-01 00:25:47.219539501
[ 2023-07-08 15:26:28,266] 49 root - INFO - 64
[ 2023-07-08 15:26:28,266] 50 root - INFO - 1970-01-01 00:25:47.221208421
[ 2023-07-08 15:26:28,266] 51 root - INFO - 1970-01-01 00:25:47.221225941
[ 2023-07-08 15:26:28,283] 49 root - INFO - 65
[ 2023-07-08 15:26:28,297] 50 root - INFO - 1970-01-01 00:25:47.221208106
[ 2023-07-08 15:26:28,297] 51 root - INFO - 1970-01-01 00:25:47.221225906
[ 2023-07-08 15:26:28,308] 49 root - INFO - 66
[ 2023-07-08 15:26:28,308] 50 root - INFO - 1970-01-01 00:25:47.221363566
[ 2023-07-08 15:26:28,308] 51 root - INFO - 1970-01-01 00:25:47.221382046
[ 2023-07-08 15:26:28,317] 49 root - INFO - 67
[ 2023-07-08 15:26:28,317] 50 root - INFO - 1970-01-01 00:25:47.221363444
[ 2023-07-08 15:26:28,317] 51 root - INFO - 1970-01-01 00:25:47.221382044
[ 2023-07-08 15:26:28,333] 49 root - INFO - 68
[ 2023-07-08 15:26:28,333] 50 root - INFO - 1970-01-01 00:25:47.221556169
[ 2023-07-08 15:26:28,333] 51 root - INFO - 1970-01-01 00:25:47.221569369
[ 2023-07-08 15:26:28,350] 49 root - INFO - 69
[ 2023-07-08 15:26:28,350] 50 root - INFO - 1970-01-01 00:25:47.221555883
[ 2023-07-08 15:26:28,350] 51 root - INFO - 1970-01-01 00:25:47.221569363
[ 2023-07-08 15:26:28,367] 49 root - INFO - 70
[ 2023-07-08 15:26:28,367] 50 root - INFO - 1970-01-01 00:25:47.221734916
[ 2023-07-08 15:26:28,367] 51 root - INFO - 1970-01-01 00:25:47.221756436
[ 2023-07-08 15:26:28,367] 49 root - INFO - 71
[ 2023-07-08 15:26:28,367] 50 root - INFO - 1970-01-01 00:25:47.221734474
[ 2023-07-08 15:26:28,367] 51 root - INFO - 1970-01-01 00:25:47.221756434
[ 2023-07-08 15:26:28,383] 49 root - INFO - 72
[ 2023-07-08 15:26:28,383] 50 root - INFO - 1970-01-01 00:25:47.222153763
[ 2023-07-08 15:26:28,383] 51 root - INFO - 1970-01-01 00:25:47.222180243
[ 2023-07-08 15:26:28,408] 49 root - INFO - 73
[ 2023-07-08 15:26:28,408] 50 root - INFO - 1970-01-01 00:25:47.222153322
[ 2023-07-08 15:26:28,409] 51 root - INFO - 1970-01-01 00:25:47.222180162
[ 2023-07-08 15:26:28,417] 49 root - INFO - 74
[ 2023-07-08 15:26:28,417] 50 root - INFO - 1970-01-01 00:25:47.222368731
[ 2023-07-08 15:26:28,417] 51 root - INFO - 1970-01-01 00:25:47.222382571
[ 2023-07-08 15:26:28,433] 49 root - INFO - 75
[ 2023-07-08 15:26:28,433] 50 root - INFO - 1970-01-01 00:25:47.222368370
[ 2023-07-08 15:26:28,433] 51 root - INFO - 1970-01-01 00:25:47.222382570
[ 2023-07-08 15:26:28,449] 49 root - INFO - 76
[ 2023-07-08 15:26:28,450] 50 root - INFO - 1970-01-01 00:25:47.222972746
[ 2023-07-08 15:26:28,450] 51 root - INFO - 1970-01-01 00:25:47.222997466
[ 2023-07-08 15:26:28,450] 49 root - INFO - 77
[ 2023-07-08 15:26:28,450] 50 root - INFO - 1970-01-01 00:25:47.222972748
[ 2023-07-08 15:26:28,450] 51 root - INFO - 1970-01-01 00:25:47.222997428
[ 2023-07-08 15:26:28,467] 49 root - INFO - 78
[ 2023-07-08 15:26:28,467] 50 root - INFO - 1970-01-01 00:25:47.472577885
[ 2023-07-08 15:26:28,467] 51 root - INFO - 1970-01-01 00:25:47.472592365
[ 2023-07-08 15:26:28,483] 49 root - INFO - 79
[ 2023-07-08 15:26:28,483] 50 root - INFO - 1970-01-01 00:25:47.472577648
[ 2023-07-08 15:26:28,483] 51 root - INFO - 1970-01-01 00:25:47.472592328
[ 2023-07-08 15:26:28,500] 49 root - INFO - 80
[ 2023-07-08 15:26:28,500] 50 root - INFO - 1970-01-01 00:25:47.472731998
[ 2023-07-08 15:26:28,500] 51 root - INFO - 1970-01-01 00:25:47.472746158
[ 2023-07-08 15:26:28,500] 49 root - INFO - 81
[ 2023-07-08 15:26:28,500] 50 root - INFO - 1970-01-01 00:25:47.472731590
[ 2023-07-08 15:26:28,516] 51 root - INFO - 1970-01-01 00:25:47.472746110
[ 2023-07-08 15:26:28,516] 49 root - INFO - 82
[ 2023-07-08 15:26:28,516] 50 root - INFO - 1970-01-01 00:25:47.473887607
[ 2023-07-08 15:26:28,516] 51 root - INFO - 1970-01-01 00:25:47.473904967
[ 2023-07-08 15:26:28,533] 49 root - INFO - 83
[ 2023-07-08 15:26:28,533] 50 root - INFO - 1970-01-01 00:25:47.473887323
[ 2023-07-08 15:26:28,533] 51 root - INFO - 1970-01-01 00:25:47.473904963
[ 2023-07-08 15:26:28,550] 49 root - INFO - 84
[ 2023-07-08 15:26:28,550] 50 root - INFO - 1970-01-01 00:25:47.580495831
[ 2023-07-08 15:26:28,550] 51 root - INFO - 1970-01-01 00:25:47.580528551
[ 2023-07-08 15:26:28,567] 49 root - INFO - 85
[ 2023-07-08 15:26:28,567] 50 root - INFO - 1970-01-01 00:25:47.580495467
[ 2023-07-08 15:26:28,567] 51 root - INFO - 1970-01-01 00:25:47.580528547
[ 2023-07-08 15:26:28,583] 49 root - INFO - 86
[ 2023-07-08 15:26:28,583] 50 root - INFO - 1970-01-01 00:25:47.580752726
[ 2023-07-08 15:26:28,583] 51 root - INFO - 1970-01-01 00:25:47.580782726
[ 2023-07-08 15:26:28,600] 49 root - INFO - 87
[ 2023-07-08 15:26:28,600] 50 root - INFO - 1970-01-01 00:25:47.580752315
[ 2023-07-08 15:26:28,600] 51 root - INFO - 1970-01-01 00:25:47.580782755
[ 2023-07-08 15:26:28,617] 49 root - INFO - 88
[ 2023-07-08 15:26:28,617] 50 root - INFO - 1970-01-01 00:25:47.581038295
[ 2023-07-08 15:26:28,617] 51 root - INFO - 1970-01-01 00:25:47.581067655
[ 2023-07-08 15:26:28,633] 49 root - INFO - 89
[ 2023-07-08 15:26:28,633] 50 root - INFO - 1970-01-01 00:25:47.581038012
[ 2023-07-08 15:26:28,633] 51 root - INFO - 1970-01-01 00:25:47.581067652
[ 2023-07-08 15:26:28,650] 49 root - INFO - 90
[ 2023-07-08 15:26:28,650] 50 root - INFO - 1970-01-01 00:25:47.474074877
[ 2023-07-08 15:26:28,650] 51 root - INFO - 1970-01-01 00:25:47.474090637
[ 2023-07-08 15:26:28,666] 49 root - INFO - 91
[ 2023-07-08 15:26:28,666] 50 root - INFO - 1970-01-01 00:25:47.474074516
[ 2023-07-08 15:26:28,666] 51 root - INFO - 1970-01-01 00:25:47.474090556
[ 2023-07-08 15:26:28,683] 49 root - INFO - 92
[ 2023-07-08 15:26:28,683] 50 root - INFO - 1970-01-01 00:25:47.474247302
[ 2023-07-08 15:26:28,683] 51 root - INFO - 1970-01-01 00:25:47.474265302
[ 2023-07-08 15:26:28,699] 49 root - INFO - 93
[ 2023-07-08 15:26:28,700] 50 root - INFO - 1970-01-01 00:25:47.474246896
[ 2023-07-08 15:26:28,700] 51 root - INFO - 1970-01-01 00:25:47.474265256
[ 2023-07-08 15:26:28,700] 49 root - INFO - 94
[ 2023-07-08 15:26:28,700] 50 root - INFO - 1970-01-01 00:25:47.474737530
[ 2023-07-08 15:26:28,700] 51 root - INFO - 1970-01-01 00:25:47.474746090
[ 2023-07-08 15:26:28,700] 49 root - INFO - 95
[ 2023-07-08 15:26:28,700] 50 root - INFO - 1970-01-01 00:25:47.561137531
[ 2023-07-08 15:26:28,700] 51 root - INFO - 1970-01-01 00:25:47.561146091
[ 2023-07-08 15:26:28,717] 49 root - INFO - 96
[ 2023-07-08 15:26:28,717] 50 root - INFO - 1970-01-01 00:25:47.474737167
[ 2023-07-08 15:26:28,717] 51 root - INFO - 1970-01-01 00:25:47.474746087
[ 2023-07-08 15:26:28,733] 49 root - INFO - 97
[ 2023-07-08 15:26:28,733] 50 root - INFO - 1970-01-01 00:25:47.561137168
[ 2023-07-08 15:26:28,733] 51 root - INFO - 1970-01-01 00:25:47.561146088
[ 2023-07-08 15:26:28,733] 49 root - INFO - 98
[ 2023-07-08 15:26:28,750] 50 root - INFO - 1970-01-01 00:25:47.474930149
[ 2023-07-08 15:26:28,750] 51 root - INFO - 1970-01-01 00:25:47.474939509
[ 2023-07-08 15:26:28,750] 49 root - INFO - 99
[ 2023-07-08 15:26:28,750] 50 root - INFO - 1970-01-01 00:25:47.561330150
[ 2023-07-08 15:26:28,750] 51 root - INFO - 1970-01-01 00:25:47.561339510
[ 2023-07-08 15:26:28,767] 49 root - INFO - 100
[ 2023-07-08 15:26:28,767] 50 root - INFO - 1970-01-01 00:25:47.474930152
[ 2023-07-08 15:26:28,767] 51 root - INFO - 1970-01-01 00:25:47.474939392
[ 2023-07-08 15:26:28,783] 49 root - INFO - 101
[ 2023-07-08 15:26:28,783] 50 root - INFO - 1970-01-01 00:25:47.561330153
[ 2023-07-08 15:26:28,783] 51 root - INFO - 1970-01-01 00:25:47.561339393
[ 2023-07-08 15:26:28,801] 49 root - INFO - 102
[ 2023-07-08 15:26:28,802] 50 root - INFO - 1970-01-01 00:25:47.474500179
[ 2023-07-08 15:26:28,802] 51 root - INFO - 1970-01-01 00:25:47.474515619
[ 2023-07-08 15:26:28,810] 49 root - INFO - 103
[ 2023-07-08 15:26:28,817] 50 root - INFO - 1970-01-01 00:25:47.560900180
[ 2023-07-08 15:26:28,817] 51 root - INFO - 1970-01-01 00:25:47.560915620
[ 2023-07-08 15:26:28,817] 49 root - INFO - 104
[ 2023-07-08 15:26:28,817] 50 root - INFO - 1970-01-01 00:25:47.474499893
[ 2023-07-08 15:26:28,817] 51 root - INFO - 1970-01-01 00:25:47.474515693
[ 2023-07-08 15:26:28,833] 49 root - INFO - 105
[ 2023-07-08 15:26:28,833] 50 root - INFO - 1970-01-01 00:25:47.560899894
[ 2023-07-08 15:26:28,833] 51 root - INFO - 1970-01-01 00:25:47.560915694
[ 2023-07-08 15:26:28,850] 49 root - INFO - 106
[ 2023-07-08 15:26:28,850] 50 root - INFO - 1970-01-01 00:25:47.579191816
[ 2023-07-08 15:26:28,850] 51 root - INFO - 1970-01-01 00:25:47.579208536
[ 2023-07-08 15:26:28,867] 49 root - INFO - 107
[ 2023-07-08 15:26:28,867] 50 root - INFO - 1970-01-01 00:25:47.579191455
[ 2023-07-08 15:26:28,867] 51 root - INFO - 1970-01-01 00:25:47.579208615
[ 2023-07-08 15:26:28,883] 49 root - INFO - 108
[ 2023-07-08 15:26:28,883] 50 root - INFO - 1970-01-01 00:25:47.579516160
[ 2023-07-08 15:26:28,883] 51 root - INFO - 1970-01-01 00:25:47.579536880
[ 2023-07-08 15:26:28,907] 49 root - INFO - 109
[ 2023-07-08 15:26:28,908] 50 root - INFO - 1970-01-01 00:25:47.579515834
[ 2023-07-08 15:26:28,909] 51 root - INFO - 1970-01-01 00:25:47.579536914
[ 2023-07-08 15:26:28,916] 49 root - INFO - 110
[ 2023-07-08 15:26:28,916] 50 root - INFO - 1970-01-01 00:25:47.579848312
[ 2023-07-08 15:26:28,916] 51 root - INFO - 1970-01-01 00:25:47.579865672
[ 2023-07-08 15:26:28,950] 49 root - INFO - 111
[ 2023-07-08 15:26:28,950] 50 root - INFO - 1970-01-01 00:25:47.579848028
[ 2023-07-08 15:26:28,950] 51 root - INFO - 1970-01-01 00:25:47.579865588
[ 2023-07-08 15:26:28,967] 49 root - INFO - 112
[ 2023-07-08 15:26:28,967] 50 root - INFO - 1970-01-01 00:25:47.831534525
[ 2023-07-08 15:26:28,967] 51 root - INFO - 1970-01-01 00:25:47.831558525
[ 2023-07-08 15:26:28,983] 49 root - INFO - 113
[ 2023-07-08 15:26:28,983] 50 root - INFO - 1970-01-01 00:25:47.831534175
[ 2023-07-08 15:26:28,983] 51 root - INFO - 1970-01-01 00:25:47.831558455
[ 2023-07-08 15:26:29,000] 49 root - INFO - 114
[ 2023-07-08 15:26:29,000] 50 root - INFO - 1970-01-01 00:25:47.832089610
[ 2023-07-08 15:26:29,000] 51 root - INFO - 1970-01-01 00:25:47.832115610
[ 2023-07-08 15:26:29,000] 49 root - INFO - 115
[ 2023-07-08 15:26:29,000] 50 root - INFO - 1970-01-01 00:25:47.832089247
[ 2023-07-08 15:26:29,016] 51 root - INFO - 1970-01-01 00:25:47.832115607
[ 2023-07-08 15:26:29,016] 49 root - INFO - 116
[ 2023-07-08 15:26:29,016] 50 root - INFO - 1970-01-01 00:25:47.832259568
[ 2023-07-08 15:26:29,016] 51 root - INFO - 1970-01-01 00:25:47.832282688
[ 2023-07-08 15:26:29,033] 49 root - INFO - 117
[ 2023-07-08 15:26:29,033] 50 root - INFO - 1970-01-01 00:25:47.832259295
[ 2023-07-08 15:26:29,033] 51 root - INFO - 1970-01-01 00:25:47.832282695
[ 2023-07-08 15:26:29,066] 49 root - INFO - 118
[ 2023-07-08 15:26:29,066] 50 root - INFO - 1970-01-01 00:25:47.832649220
[ 2023-07-08 15:26:29,066] 51 root - INFO - 1970-01-01 00:25:47.832670420
[ 2023-07-08 15:26:29,066] 49 root - INFO - 119
[ 2023-07-08 15:26:29,066] 50 root - INFO - 1970-01-01 00:25:47.832648985
[ 2023-07-08 15:26:29,082] 51 root - INFO - 1970-01-01 00:25:47.832670385
[ 2023-07-08 15:26:29,100] 49 root - INFO - 120
[ 2023-07-08 15:26:29,100] 50 root - INFO - 1970-01-01 00:25:47.832788416
[ 2023-07-08 15:26:29,100] 51 root - INFO - 1970-01-01 00:25:47.832807856
[ 2023-07-08 15:26:29,116] 49 root - INFO - 121
[ 2023-07-08 15:26:29,116] 50 root - INFO - 1970-01-01 00:25:47.832788086
[ 2023-07-08 15:26:29,116] 51 root - INFO - 1970-01-01 00:25:47.832807806
[ 2023-07-08 15:26:29,133] 49 root - INFO - 122
[ 2023-07-08 15:26:29,133] 50 root - INFO - 1970-01-01 00:25:47.832892981
[ 2023-07-08 15:26:29,133] 51 root - INFO - 1970-01-01 00:25:47.832913701
[ 2023-07-08 15:26:29,150] 49 root - INFO - 123
[ 2023-07-08 15:26:29,150] 50 root - INFO - 1970-01-01 00:25:47.832892696
[ 2023-07-08 15:26:29,150] 51 root - INFO - 1970-01-01 00:25:47.832913696
[ 2023-07-08 15:26:29,166] 49 root - INFO - 124
[ 2023-07-08 15:26:29,166] 50 root - INFO - 1970-01-01 00:25:47.831031632
[ 2023-07-08 15:26:29,166] 51 root - INFO - 1970-01-01 00:25:47.831047712
[ 2023-07-08 15:26:29,166] 49 root - INFO - 125
[ 2023-07-08 15:26:29,166] 50 root - INFO - 1970-01-01 00:25:47.831031268
[ 2023-07-08 15:26:29,183] 51 root - INFO - 1970-01-01 00:25:47.831047788
[ 2023-07-08 15:26:29,183] 49 root - INFO - 126
[ 2023-07-08 15:26:29,183] 50 root - INFO - 1970-01-01 00:25:47.829948168
[ 2023-07-08 15:26:29,199] 51 root - INFO - 1970-01-01 00:25:47.829983528
[ 2023-07-08 15:26:29,215] 49 root - INFO - 127
[ 2023-07-08 15:26:29,216] 50 root - INFO - 1970-01-01 00:25:47.829947773
[ 2023-07-08 15:26:29,216] 51 root - INFO - 1970-01-01 00:25:47.829983453
[ 2023-07-08 15:26:29,216] 49 root - INFO - 128
[ 2023-07-08 15:26:29,232] 50 root - INFO - 1970-01-01 00:25:47.830301446
[ 2023-07-08 15:26:29,233] 51 root - INFO - 1970-01-01 00:25:47.830328406
[ 2023-07-08 15:26:29,233] 49 root - INFO - 129
[ 2023-07-08 15:26:29,233] 50 root - INFO - 1970-01-01 00:25:47.830301104
[ 2023-07-08 15:26:29,233] 51 root - INFO - 1970-01-01 00:25:47.830328344
[ 2023-07-08 15:26:29,250] 49 root - INFO - 130
[ 2023-07-08 15:26:29,250] 50 root - INFO - 1970-01-01 00:25:47.305808431
[ 2023-07-08 15:26:29,250] 51 root - INFO - 1970-01-01 00:25:47.305824831
[ 2023-07-08 15:26:29,266] 49 root - INFO - 131
[ 2023-07-08 15:26:29,266] 50 root - INFO - 1970-01-01 00:25:47.305808351
[ 2023-07-08 15:26:29,266] 51 root - INFO - 1970-01-01 00:25:47.305824871
[ 2023-07-08 15:26:29,283] 49 root - INFO - 132
[ 2023-07-08 15:26:29,283] 50 root - INFO - 1970-01-01 00:25:47.558821400
[ 2023-07-08 15:26:29,283] 51 root - INFO - 1970-01-01 00:25:47.558833800
[ 2023-07-08 15:26:29,305] 49 root - INFO - 133
[ 2023-07-08 15:26:29,306] 50 root - INFO - 1970-01-01 00:25:47.558820993
[ 2023-07-08 15:26:29,306] 51 root - INFO - 1970-01-01 00:25:47.558833753
[ 2023-07-08 15:26:29,316] 49 root - INFO - 134
[ 2023-07-08 15:26:29,316] 50 root - INFO - 1970-01-01 00:25:47.306085680
[ 2023-07-08 15:26:29,316] 51 root - INFO - 1970-01-01 00:25:47.306099840
[ 2023-07-08 15:26:29,333] 49 root - INFO - 135
[ 2023-07-08 15:26:29,333] 50 root - INFO - 1970-01-01 00:25:47.306085355
[ 2023-07-08 15:26:29,333] 51 root - INFO - 1970-01-01 00:25:47.306099875
[ 2023-07-08 15:26:29,349] 49 root - INFO - 136
[ 2023-07-08 15:26:29,350] 50 root - INFO - 1970-01-01 00:25:47.558569751
[ 2023-07-08 15:26:29,350] 51 root - INFO - 1970-01-01 00:25:47.558581831
[ 2023-07-08 15:26:29,366] 49 root - INFO - 137
[ 2023-07-08 15:26:29,366] 50 root - INFO - 1970-01-01 00:25:47.558569353
[ 2023-07-08 15:26:29,366] 51 root - INFO - 1970-01-01 00:25:47.558581873
[ 2023-07-08 15:26:29,383] 49 root - INFO - 138
[ 2023-07-08 15:26:29,383] 50 root - INFO - 1970-01-01 00:25:47.917934525
[ 2023-07-08 15:26:29,383] 51 root - INFO - 1970-01-01 00:25:47.917958525
[ 2023-07-08 15:26:29,407] 49 root - INFO - 139
[ 2023-07-08 15:26:29,407] 50 root - INFO - 1970-01-01 00:25:47.917934175
[ 2023-07-08 15:26:29,408] 51 root - INFO - 1970-01-01 00:25:47.917958455
[ 2023-07-08 15:26:29,416] 49 root - INFO - 140
[ 2023-07-08 15:26:29,416] 50 root - INFO - 1970-01-01 00:25:47.918489610
[ 2023-07-08 15:26:29,416] 51 root - INFO - 1970-01-01 00:25:47.918515610
[ 2023-07-08 15:26:29,433] 49 root - INFO - 141
[ 2023-07-08 15:26:29,433] 50 root - INFO - 1970-01-01 00:25:47.918489247
[ 2023-07-08 15:26:29,433] 51 root - INFO - 1970-01-01 00:25:47.918515607
[ 2023-07-08 15:26:29,450] 49 root - INFO - 142
[ 2023-07-08 15:26:29,450] 50 root - INFO - 1970-01-01 00:25:47.918659568
[ 2023-07-08 15:26:29,450] 51 root - INFO - 1970-01-01 00:25:47.918682688
[ 2023-07-08 15:26:29,467] 49 root - INFO - 143
[ 2023-07-08 15:26:29,467] 50 root - INFO - 1970-01-01 00:25:47.918659295
[ 2023-07-08 15:26:29,467] 51 root - INFO - 1970-01-01 00:25:47.918682695
[ 2023-07-08 15:26:29,483] 49 root - INFO - 144
[ 2023-07-08 15:26:29,483] 50 root - INFO - 1970-01-01 00:25:47.667327652
[ 2023-07-08 15:26:29,483] 51 root - INFO - 1970-01-01 00:25:47.667343732
[ 2023-07-08 15:26:29,483] 49 root - INFO - 145
[ 2023-07-08 15:26:29,499] 50 root - INFO - 1970-01-01 00:25:47.667327366
[ 2023-07-08 15:26:29,500] 51 root - INFO - 1970-01-01 00:25:47.667343726
[ 2023-07-08 15:26:29,500] 49 root - INFO - 146
[ 2023-07-08 15:26:29,500] 50 root - INFO - 1970-01-01 00:25:47.310264873
[ 2023-07-08 15:26:29,500] 51 root - INFO - 1970-01-01 00:25:47.310295833
[ 2023-07-08 15:26:29,516] 49 root - INFO - 147
[ 2023-07-08 15:26:29,516] 50 root - INFO - 1970-01-01 00:25:47.310264906
[ 2023-07-08 15:26:29,516] 51 root - INFO - 1970-01-01 00:25:47.310295786
[ 2023-07-08 15:26:29,533] 49 root - INFO - 148
[ 2023-07-08 15:26:29,533] 50 root - INFO - 1970-01-01 00:25:47.666786798
[ 2023-07-08 15:26:29,533] 51 root - INFO - 1970-01-01 00:25:47.666813598
[ 2023-07-08 15:26:29,550] 49 root - INFO - 149
[ 2023-07-08 15:26:29,550] 50 root - INFO - 1970-01-01 00:25:47.666786525
[ 2023-07-08 15:26:29,550] 51 root - INFO - 1970-01-01 00:25:47.666813605
[ 2023-07-08 15:26:29,566] 49 root - INFO - 150
[ 2023-07-08 15:26:29,566] 50 root - INFO - 1970-01-01 00:25:47.667035127
[ 2023-07-08 15:26:29,566] 51 root - INFO - 1970-01-01 00:25:47.667069767
[ 2023-07-08 15:26:29,583] 49 root - INFO - 151
[ 2023-07-08 15:26:29,583] 50 root - INFO - 1970-01-01 00:25:47.667034809
[ 2023-07-08 15:26:29,583] 51 root - INFO - 1970-01-01 00:25:47.667069729
[ 2023-07-08 15:26:29,600] 49 root - INFO - 152
[ 2023-07-08 15:26:29,600] 50 root - INFO - 1970-01-01 00:25:47.560186995
[ 2023-07-08 15:26:29,600] 51 root - INFO - 1970-01-01 00:25:47.560200515
[ 2023-07-08 15:26:29,616] 49 root - INFO - 153
[ 2023-07-08 15:26:29,616] 50 root - INFO - 1970-01-01 00:25:47.560186675
[ 2023-07-08 15:26:29,616] 51 root - INFO - 1970-01-01 00:25:47.560200555
[ 2023-07-08 15:26:29,633] 49 root - INFO - 154
[ 2023-07-08 15:26:29,633] 50 root - INFO - 1970-01-01 00:25:47.560386863
[ 2023-07-08 15:26:29,633] 51 root - INFO - 1970-01-01 00:25:47.560401663
[ 2023-07-08 15:26:29,633] 49 root - INFO - 155
[ 2023-07-08 15:26:29,633] 50 root - INFO - 1970-01-01 00:25:47.560386457
[ 2023-07-08 15:26:29,649] 51 root - INFO - 1970-01-01 00:25:47.560401617
[ 2023-07-08 15:26:29,650] 49 root - INFO - 156
[ 2023-07-08 15:26:29,650] 50 root - INFO - 1970-01-01 00:25:47.560542767
[ 2023-07-08 15:26:29,650] 51 root - INFO - 1970-01-01 00:25:47.560557567
[ 2023-07-08 15:26:29,666] 49 root - INFO - 157
[ 2023-07-08 15:26:29,666] 50 root - INFO - 1970-01-01 00:25:47.560542440
[ 2023-07-08 15:26:29,666] 51 root - INFO - 1970-01-01 00:25:47.560557600
[ 2023-07-08 15:26:29,683] 49 root - INFO - 158
[ 2023-07-08 15:26:29,683] 50 root - INFO - 1970-01-01 00:25:47.918546029
[ 2023-07-08 15:26:29,683] 51 root - INFO - 1970-01-01 00:25:47.918579869
[ 2023-07-08 15:26:29,700] 49 root - INFO - 159
[ 2023-07-08 15:26:29,700] 50 root - INFO - 1970-01-01 00:25:48.004946030
[ 2023-07-08 15:26:29,700] 51 root - INFO - 1970-01-01 00:25:48.004979870
[ 2023-07-08 15:26:29,716] 49 root - INFO - 160
[ 2023-07-08 15:26:29,716] 50 root - INFO - 1970-01-01 00:25:47.918545755
[ 2023-07-08 15:26:29,716] 51 root - INFO - 1970-01-01 00:25:47.918579955
[ 2023-07-08 15:26:29,733] 49 root - INFO - 161
[ 2023-07-08 15:26:29,733] 50 root - INFO - 1970-01-01 00:25:48.004945756
[ 2023-07-08 15:26:29,733] 51 root - INFO - 1970-01-01 00:25:48.004979956
[ 2023-07-08 15:26:29,750] 49 root - INFO - 162
[ 2023-07-08 15:26:29,750] 50 root - INFO - 1970-01-01 00:25:47.918739908
[ 2023-07-08 15:26:29,750] 51 root - INFO - 1970-01-01 00:25:47.918779668
[ 2023-07-08 15:26:29,766] 49 root - INFO - 163
[ 2023-07-08 15:26:29,766] 50 root - INFO - 1970-01-01 00:25:48.005139909
[ 2023-07-08 15:26:29,766] 51 root - INFO - 1970-01-01 00:25:48.005179669
[ 2023-07-08 15:26:29,800] 49 root - INFO - 164
[ 2023-07-08 15:26:29,802] 50 root - INFO - 1970-01-01 00:25:47.918739578
[ 2023-07-08 15:26:29,803] 51 root - INFO - 1970-01-01 00:25:47.918779618
[ 2023-07-08 15:26:29,816] 49 root - INFO - 165
[ 2023-07-08 15:26:29,816] 50 root - INFO - 1970-01-01 00:25:48.005139579
[ 2023-07-08 15:26:29,816] 51 root - INFO - 1970-01-01 00:25:48.005179619
[ 2023-07-08 15:26:29,816] 49 root - INFO - 166
[ 2023-07-08 15:26:29,816] 50 root - INFO - 1970-01-01 00:25:47.561046637
[ 2023-07-08 15:26:29,816] 51 root - INFO - 1970-01-01 00:25:47.561055037
[ 2023-07-08 15:26:29,833] 49 root - INFO - 167
[ 2023-07-08 15:26:29,833] 50 root - INFO - 1970-01-01 00:25:47.647446638
[ 2023-07-08 15:26:29,833] 51 root - INFO - 1970-01-01 00:25:47.647455038
[ 2023-07-08 15:26:29,850] 49 root - INFO - 168
[ 2023-07-08 15:26:29,850] 50 root - INFO - 1970-01-01 00:25:47.561046331
[ 2023-07-08 15:26:29,850] 51 root - INFO - 1970-01-01 00:25:47.561055011
[ 2023-07-08 15:26:29,865] 49 root - INFO - 169
[ 2023-07-08 15:26:29,866] 50 root - INFO - 1970-01-01 00:25:47.647446332
[ 2023-07-08 15:26:29,866] 51 root - INFO - 1970-01-01 00:25:47.647455012
[ 2023-07-08 15:26:29,866] 49 root - INFO - 170
[ 2023-07-08 15:26:29,866] 50 root - INFO - 1970-01-01 00:25:47.561210862
[ 2023-07-08 15:26:29,866] 51 root - INFO - 1970-01-01 00:25:47.561219102
[ 2023-07-08 15:26:29,866] 49 root - INFO - 171
[ 2023-07-08 15:26:29,866] 50 root - INFO - 1970-01-01 00:25:47.647610863
[ 2023-07-08 15:26:29,883] 51 root - INFO - 1970-01-01 00:25:47.647619103
[ 2023-07-08 15:26:29,883] 49 root - INFO - 172
[ 2023-07-08 15:26:29,883] 50 root - INFO - 1970-01-01 00:25:47.561210465
[ 2023-07-08 15:26:29,883] 51 root - INFO - 1970-01-01 00:25:47.561219145
[ 2023-07-08 15:26:29,913] 49 root - INFO - 173
[ 2023-07-08 15:26:29,913] 50 root - INFO - 1970-01-01 00:25:47.647610466
[ 2023-07-08 15:26:29,914] 51 root - INFO - 1970-01-01 00:25:47.647619146
[ 2023-07-08 15:26:29,918] 49 root - INFO - 174
[ 2023-07-08 15:26:29,918] 50 root - INFO - 1970-01-01 00:25:47.919049220
[ 2023-07-08 15:26:29,918] 51 root - INFO - 1970-01-01 00:25:47.919070420
[ 2023-07-08 15:26:29,933] 49 root - INFO - 175
[ 2023-07-08 15:26:29,933] 50 root - INFO - 1970-01-01 00:25:48.005449221
[ 2023-07-08 15:26:29,933] 51 root - INFO - 1970-01-01 00:25:48.005470421
[ 2023-07-08 15:26:29,950] 49 root - INFO - 176
[ 2023-07-08 15:26:29,950] 50 root - INFO - 1970-01-01 00:25:47.919048985
[ 2023-07-08 15:26:29,966] 51 root - INFO - 1970-01-01 00:25:47.919070385
[ 2023-07-08 15:26:29,983] 49 root - INFO - 177
[ 2023-07-08 15:26:29,983] 50 root - INFO - 1970-01-01 00:25:48.005448986
[ 2023-07-08 15:26:29,983] 51 root - INFO - 1970-01-01 00:25:48.005470386
[ 2023-07-08 15:26:30,000] 49 root - INFO - 178
[ 2023-07-08 15:26:30,000] 50 root - INFO - 1970-01-01 00:25:47.919188416
[ 2023-07-08 15:26:30,000] 51 root - INFO - 1970-01-01 00:25:47.919207856
[ 2023-07-08 15:26:30,016] 49 root - INFO - 179
[ 2023-07-08 15:26:30,016] 50 root - INFO - 1970-01-01 00:25:48.005588417
[ 2023-07-08 15:26:30,016] 51 root - INFO - 1970-01-01 00:25:48.005607857
[ 2023-07-08 15:26:30,033] 49 root - INFO - 180
[ 2023-07-08 15:26:30,033] 50 root - INFO - 1970-01-01 00:25:47.919188086
[ 2023-07-08 15:26:30,033] 51 root - INFO - 1970-01-01 00:25:47.919207806
[ 2023-07-08 15:26:30,050] 49 root - INFO - 181
[ 2023-07-08 15:26:30,050] 50 root - INFO - 1970-01-01 00:25:48.005588087
[ 2023-07-08 15:26:30,050] 51 root - INFO - 1970-01-01 00:25:48.005607807
[ 2023-07-08 15:26:30,066] 49 root - INFO - 182
[ 2023-07-08 15:26:30,066] 50 root - INFO - 1970-01-01 00:25:47.919292981
[ 2023-07-08 15:26:30,066] 51 root - INFO - 1970-01-01 00:25:47.919313701
[ 2023-07-08 15:26:30,083] 49 root - INFO - 183
[ 2023-07-08 15:26:30,083] 50 root - INFO - 1970-01-01 00:25:48.005692982
[ 2023-07-08 15:26:30,083] 51 root - INFO - 1970-01-01 00:25:48.005713702
[ 2023-07-08 15:26:30,100] 49 root - INFO - 184
[ 2023-07-08 15:26:30,100] 50 root - INFO - 1970-01-01 00:25:47.919292696
[ 2023-07-08 15:26:30,100] 51 root - INFO - 1970-01-01 00:25:47.919313696
[ 2023-07-08 15:26:30,116] 49 root - INFO - 185
[ 2023-07-08 15:26:30,116] 50 root - INFO - 1970-01-01 00:25:47.665747371
[ 2023-07-08 15:26:30,116] 51 root - INFO - 1970-01-01 00:25:47.665767771
[ 2023-07-08 15:26:30,133] 49 root - INFO - 186
[ 2023-07-08 15:26:30,133] 50 root - INFO - 1970-01-01 00:25:47.665747087
[ 2023-07-08 15:26:30,133] 51 root - INFO - 1970-01-01 00:25:47.665767767
[ 2023-07-08 15:26:30,150] 49 root - INFO - 187
[ 2023-07-08 15:26:30,150] 50 root - INFO - 1970-01-01 00:25:47.666044129
[ 2023-07-08 15:26:30,150] 51 root - INFO - 1970-01-01 00:25:47.666063409
[ 2023-07-08 15:26:30,166] 49 root - INFO - 188
[ 2023-07-08 15:26:30,166] 50 root - INFO - 1970-01-01 00:25:47.666043834
[ 2023-07-08 15:26:30,166] 51 root - INFO - 1970-01-01 00:25:47.666063474
[ 2023-07-08 15:26:30,200] 74 root - INFO - min acc time1970-01-01 00:25:47.219285314
[ 2023-07-08 15:26:30,200] 75 root - INFO - min acc time1970-01-01 00:25:48.005713702
[ 2023-07-08 15:26:30,200] 76 root - INFO - min gyr time1970-01-01 00:25:47.219284950
[ 2023-07-08 15:26:30,200] 77 root - INFO - min gyr time1970-01-01 00:25:48.005607807
[ 2023-07-08 15:26:30,200] 79 root - INFO - created accelerometer and gyroscope dataframes
[ 2023-07-08 15:26:30,216] 88 root - INFO - 69677
[ 2023-07-08 15:26:30,216] 89 root - INFO - 1970-01-01 00:25:47.219284950
[ 2023-07-08 15:26:30,216] 90 root - INFO - 1970-01-01 00:25:48.005713702
[ 2023-07-08 15:26:30,233] 121 root - INFO - 1
[ 2023-07-08 15:26:30,250] 126 root - INFO -                             acc_x     acc_y     acc_z     gyr_x     gyr_y     gyr_z participants category label   set
epoch (ms)                                                                                                           
1970-01-01 00:25:47.200 -0.128235  0.645881  0.028304  0.982492 -1.958372  0.582183            E   medium  dead  73.0
1970-01-01 00:25:47.400  0.007189 -0.022303  0.098703  0.668892 -2.070911  0.779008            C   medium  dead  44.0
1970-01-01 00:25:47.600  0.088930 -0.543067  0.201999  0.939924 -2.036241  0.487862            E    heavy  dead  72.0
1970-01-01 00:25:47.800  0.199233 -0.073985  0.156728  0.692600 -1.671748  1.101360            E   medium   row  91.0
1970-01-01 00:25:48.000  0.273430 -0.748319  0.168288  0.641636 -1.519555  1.492413            E   medium   row  90.0
[ 2023-07-08 15:26:30,266] 129 root - INFO - 5
[ 2023-07-08 15:26:30,266] 130 root - INFO - Index(['acc_x', 'acc_y', 'acc_z', 'gyr_x', 'gyr_y', 'gyr_z', 'participants',
       'category', 'label', 'set'],
      dtype='object')
