[ 2023-07-08 15:33:57,749] 21 root - INFO - Initiating data ingestion
[ 2023-07-08 15:33:57,750] 35 root - INFO - this file already exist
[ 2023-07-08 15:33:57,750] 36 root - INFO - Unziping data
[ 2023-07-08 15:33:58,188] 40 root - INFO - Unzip completed
[ 2023-07-08 15:33:58,188] 24 root - INFO - initiating data_transformation
[ 2023-07-08 15:33:58,195] 28 root - INFO - The total number of files : 187
[ 2023-07-08 15:33:58,229] 49 root - INFO - 1
[ 2023-07-08 15:33:58,232] 50 root - INFO - 1970-01-01 00:25:47.219408431
[ 2023-07-08 15:33:58,233] 51 root - INFO - 1970-01-01 00:25:47.219424831
[ 2023-07-08 15:33:58,263] 49 root - INFO - 2
[ 2023-07-08 15:33:58,265] 50 root - INFO - 1970-01-01 00:25:47.219408351
[ 2023-07-08 15:33:58,268] 51 root - INFO - 1970-01-01 00:25:47.219424871
[ 2023-07-08 15:33:58,286] 49 root - INFO - 3
[ 2023-07-08 15:33:58,287] 50 root - INFO - 1970-01-01 00:25:47.472421400
[ 2023-07-08 15:33:58,288] 51 root - INFO - 1970-01-01 00:25:47.472433800
[ 2023-07-08 15:33:58,308] 49 root - INFO - 4
[ 2023-07-08 15:33:58,312] 50 root - INFO - 1970-01-01 00:25:47.472420993
[ 2023-07-08 15:33:58,313] 51 root - INFO - 1970-01-01 00:25:47.472433753
[ 2023-07-08 15:33:58,336] 49 root - INFO - 5
[ 2023-07-08 15:33:58,336] 50 root - INFO - 1970-01-01 00:25:47.219685680
[ 2023-07-08 15:33:58,337] 51 root - INFO - 1970-01-01 00:25:47.219699840
[ 2023-07-08 15:33:58,354] 49 root - INFO - 6
[ 2023-07-08 15:33:58,355] 50 root - INFO - 1970-01-01 00:25:47.219685355
[ 2023-07-08 15:33:58,356] 51 root - INFO - 1970-01-01 00:25:47.219699875
[ 2023-07-08 15:33:58,373] 49 root - INFO - 7
[ 2023-07-08 15:33:58,374] 50 root - INFO - 1970-01-01 00:25:47.472169751
[ 2023-07-08 15:33:58,375] 51 root - INFO - 1970-01-01 00:25:47.472181831
[ 2023-07-08 15:33:58,394] 49 root - INFO - 8
[ 2023-07-08 15:33:58,396] 50 root - INFO - 1970-01-01 00:25:47.472169353
[ 2023-07-08 15:33:58,397] 51 root - INFO - 1970-01-01 00:25:47.472181873
[ 2023-07-08 15:33:58,413] 49 root - INFO - 9
[ 2023-07-08 15:33:58,414] 50 root - INFO - 1970-01-01 00:25:47.580927652
[ 2023-07-08 15:33:58,415] 51 root - INFO - 1970-01-01 00:25:47.580943732
[ 2023-07-08 15:33:58,435] 49 root - INFO - 10
[ 2023-07-08 15:33:58,437] 50 root - INFO - 1970-01-01 00:25:47.580927366
[ 2023-07-08 15:33:58,438] 51 root - INFO - 1970-01-01 00:25:47.580943726
[ 2023-07-08 15:33:58,456] 49 root - INFO - 11
[ 2023-07-08 15:33:58,458] 50 root - INFO - 1970-01-01 00:25:47.223864873
[ 2023-07-08 15:33:58,460] 51 root - INFO - 1970-01-01 00:25:47.223895833
[ 2023-07-08 15:33:58,475] 49 root - INFO - 12
[ 2023-07-08 15:33:58,478] 50 root - INFO - 1970-01-01 00:25:47.223864906
[ 2023-07-08 15:33:58,479] 51 root - INFO - 1970-01-01 00:25:47.223895786
[ 2023-07-08 15:33:58,499] 49 root - INFO - 13
[ 2023-07-08 15:33:58,500] 50 root - INFO - 1970-01-01 00:25:47.580386798
[ 2023-07-08 15:33:58,501] 51 root - INFO - 1970-01-01 00:25:47.580413598
[ 2023-07-08 15:33:58,519] 49 root - INFO - 14
[ 2023-07-08 15:33:58,520] 50 root - INFO - 1970-01-01 00:25:47.580386525
[ 2023-07-08 15:33:58,521] 51 root - INFO - 1970-01-01 00:25:47.580413605
[ 2023-07-08 15:33:58,537] 49 root - INFO - 15
[ 2023-07-08 15:33:58,537] 50 root - INFO - 1970-01-01 00:25:47.580635127
[ 2023-07-08 15:33:58,538] 51 root - INFO - 1970-01-01 00:25:47.580669767
[ 2023-07-08 15:33:58,552] 49 root - INFO - 16
[ 2023-07-08 15:33:58,553] 50 root - INFO - 1970-01-01 00:25:47.580634809
[ 2023-07-08 15:33:58,554] 51 root - INFO - 1970-01-01 00:25:47.580669729
[ 2023-07-08 15:33:58,566] 49 root - INFO - 17
[ 2023-07-08 15:33:58,567] 50 root - INFO - 1970-01-01 00:25:47.221135055
[ 2023-07-08 15:33:58,568] 51 root - INFO - 1970-01-01 00:25:47.221150015
[ 2023-07-08 15:33:58,581] 49 root - INFO - 18
[ 2023-07-08 15:33:58,581] 50 root - INFO - 1970-01-01 00:25:47.221134768
[ 2023-07-08 15:33:58,582] 51 root - INFO - 1970-01-01 00:25:47.221150088
[ 2023-07-08 15:33:58,596] 49 root - INFO - 19
[ 2023-07-08 15:33:58,597] 50 root - INFO - 1970-01-01 00:25:47.221285010
[ 2023-07-08 15:33:58,597] 51 root - INFO - 1970-01-01 00:25:47.221297570
[ 2023-07-08 15:33:58,611] 49 root - INFO - 20
[ 2023-07-08 15:33:58,612] 50 root - INFO - 1970-01-01 00:25:47.221284650
[ 2023-07-08 15:33:58,613] 51 root - INFO - 1970-01-01 00:25:47.221297490
[ 2023-07-08 15:33:58,624] 49 root - INFO - 21
[ 2023-07-08 15:33:58,625] 50 root - INFO - 1970-01-01 00:25:47.221441391
[ 2023-07-08 15:33:58,625] 51 root - INFO - 1970-01-01 00:25:47.221456351
[ 2023-07-08 15:33:58,638] 49 root - INFO - 22
[ 2023-07-08 15:33:58,639] 50 root - INFO - 1970-01-01 00:25:47.221440995
[ 2023-07-08 15:33:58,640] 51 root - INFO - 1970-01-01 00:25:47.221456395
[ 2023-07-08 15:33:58,653] 49 root - INFO - 23
[ 2023-07-08 15:33:58,654] 50 root - INFO - 1970-01-01 00:25:47.473786995
[ 2023-07-08 15:33:58,654] 51 root - INFO - 1970-01-01 00:25:47.473800515
[ 2023-07-08 15:33:58,671] 49 root - INFO - 24
[ 2023-07-08 15:33:58,673] 50 root - INFO - 1970-01-01 00:25:47.473786675
[ 2023-07-08 15:33:58,674] 51 root - INFO - 1970-01-01 00:25:47.473800555
[ 2023-07-08 15:33:58,689] 49 root - INFO - 25
[ 2023-07-08 15:33:58,690] 50 root - INFO - 1970-01-01 00:25:47.473986863
[ 2023-07-08 15:33:58,691] 51 root - INFO - 1970-01-01 00:25:47.474001663
[ 2023-07-08 15:33:58,704] 49 root - INFO - 26
[ 2023-07-08 15:33:58,705] 50 root - INFO - 1970-01-01 00:25:47.473986457
[ 2023-07-08 15:33:58,706] 51 root - INFO - 1970-01-01 00:25:47.474001617
[ 2023-07-08 15:33:58,721] 49 root - INFO - 27
[ 2023-07-08 15:33:58,722] 50 root - INFO - 1970-01-01 00:25:47.474142767
[ 2023-07-08 15:33:58,722] 51 root - INFO - 1970-01-01 00:25:47.474157567
[ 2023-07-08 15:33:58,738] 49 root - INFO - 28
[ 2023-07-08 15:33:58,739] 50 root - INFO - 1970-01-01 00:25:47.474142440
[ 2023-07-08 15:33:58,740] 51 root - INFO - 1970-01-01 00:25:47.474157600
[ 2023-07-08 15:33:58,754] 49 root - INFO - 29
[ 2023-07-08 15:33:58,755] 50 root - INFO - 1970-01-01 00:25:47.222033950
[ 2023-07-08 15:33:58,755] 51 root - INFO - 1970-01-01 00:25:47.222055790
[ 2023-07-08 15:33:58,768] 49 root - INFO - 30
[ 2023-07-08 15:33:58,769] 50 root - INFO - 1970-01-01 00:25:47.222033555
[ 2023-07-08 15:33:58,770] 51 root - INFO - 1970-01-01 00:25:47.222055755
[ 2023-07-08 15:33:58,784] 49 root - INFO - 31
[ 2023-07-08 15:33:58,785] 50 root - INFO - 1970-01-01 00:25:47.222250623
[ 2023-07-08 15:33:58,786] 51 root - INFO - 1970-01-01 00:25:47.222270623
[ 2023-07-08 15:33:58,800] 49 root - INFO - 32
[ 2023-07-08 15:33:58,801] 50 root - INFO - 1970-01-01 00:25:47.222250295
[ 2023-07-08 15:33:58,802] 51 root - INFO - 1970-01-01 00:25:47.222270655
[ 2023-07-08 15:33:58,816] 49 root - INFO - 33
[ 2023-07-08 15:33:58,817] 50 root - INFO - 1970-01-01 00:25:47.222449915
[ 2023-07-08 15:33:58,818] 51 root - INFO - 1970-01-01 00:25:47.222469195
[ 2023-07-08 15:33:58,834] 49 root - INFO - 34
[ 2023-07-08 15:33:58,834] 50 root - INFO - 1970-01-01 00:25:47.222449827
[ 2023-07-08 15:33:58,835] 51 root - INFO - 1970-01-01 00:25:47.222469147
[ 2023-07-08 15:33:58,850] 49 root - INFO - 35
[ 2023-07-08 15:33:58,851] 50 root - INFO - 1970-01-01 00:25:47.832146029
[ 2023-07-08 15:33:58,852] 51 root - INFO - 1970-01-01 00:25:47.832179869
[ 2023-07-08 15:33:58,867] 49 root - INFO - 36
[ 2023-07-08 15:33:58,868] 50 root - INFO - 1970-01-01 00:25:47.918546030
[ 2023-07-08 15:33:58,869] 51 root - INFO - 1970-01-01 00:25:47.918579870
[ 2023-07-08 15:33:58,885] 49 root - INFO - 37
[ 2023-07-08 15:33:58,886] 50 root - INFO - 1970-01-01 00:25:47.832145755
[ 2023-07-08 15:33:58,886] 51 root - INFO - 1970-01-01 00:25:47.832179955
[ 2023-07-08 15:33:58,903] 49 root - INFO - 38
[ 2023-07-08 15:33:58,904] 50 root - INFO - 1970-01-01 00:25:47.918545756
[ 2023-07-08 15:33:58,905] 51 root - INFO - 1970-01-01 00:25:47.918579956
[ 2023-07-08 15:33:58,920] 49 root - INFO - 39
[ 2023-07-08 15:33:58,920] 50 root - INFO - 1970-01-01 00:25:47.832339908
[ 2023-07-08 15:33:58,921] 51 root - INFO - 1970-01-01 00:25:47.832379668
[ 2023-07-08 15:33:58,936] 49 root - INFO - 40
[ 2023-07-08 15:33:58,938] 50 root - INFO - 1970-01-01 00:25:47.918739909
[ 2023-07-08 15:33:58,940] 51 root - INFO - 1970-01-01 00:25:47.918779669
[ 2023-07-08 15:33:58,960] 49 root - INFO - 41
[ 2023-07-08 15:33:58,960] 50 root - INFO - 1970-01-01 00:25:47.832339578
[ 2023-07-08 15:33:58,960] 51 root - INFO - 1970-01-01 00:25:47.832379618
[ 2023-07-08 15:33:58,977] 49 root - INFO - 42
[ 2023-07-08 15:33:58,977] 50 root - INFO - 1970-01-01 00:25:47.918739579
[ 2023-07-08 15:33:58,977] 51 root - INFO - 1970-01-01 00:25:47.918779619
[ 2023-07-08 15:33:58,994] 49 root - INFO - 43
[ 2023-07-08 15:33:58,994] 50 root - INFO - 1970-01-01 00:25:47.474646637
[ 2023-07-08 15:33:58,997] 51 root - INFO - 1970-01-01 00:25:47.474655037
[ 2023-07-08 15:33:59,010] 49 root - INFO - 44
[ 2023-07-08 15:33:59,010] 50 root - INFO - 1970-01-01 00:25:47.474646331
[ 2023-07-08 15:33:59,010] 51 root - INFO - 1970-01-01 00:25:47.474655011
[ 2023-07-08 15:33:59,027] 49 root - INFO - 45
[ 2023-07-08 15:33:59,027] 50 root - INFO - 1970-01-01 00:25:47.474810862
[ 2023-07-08 15:33:59,027] 51 root - INFO - 1970-01-01 00:25:47.474819102
[ 2023-07-08 15:33:59,043] 49 root - INFO - 46
[ 2023-07-08 15:33:59,043] 50 root - INFO - 1970-01-01 00:25:47.474810465
[ 2023-07-08 15:33:59,043] 51 root - INFO - 1970-01-01 00:25:47.474819145
[ 2023-07-08 15:33:59,061] 49 root - INFO - 47
[ 2023-07-08 15:33:59,061] 50 root - INFO - 1970-01-01 00:25:47.579049161
[ 2023-07-08 15:33:59,061] 51 root - INFO - 1970-01-01 00:25:47.579065881
[ 2023-07-08 15:33:59,077] 49 root - INFO - 48
[ 2023-07-08 15:33:59,077] 50 root - INFO - 1970-01-01 00:25:47.579048841
[ 2023-07-08 15:33:59,077] 51 root - INFO - 1970-01-01 00:25:47.579065921
[ 2023-07-08 15:33:59,110] 49 root - INFO - 49
[ 2023-07-08 15:33:59,110] 50 root - INFO - 1970-01-01 00:25:47.579347371
[ 2023-07-08 15:33:59,110] 51 root - INFO - 1970-01-01 00:25:47.579367771
[ 2023-07-08 15:33:59,127] 49 root - INFO - 50
[ 2023-07-08 15:33:59,127] 50 root - INFO - 1970-01-01 00:25:47.579347087
[ 2023-07-08 15:33:59,127] 51 root - INFO - 1970-01-01 00:25:47.579367767
[ 2023-07-08 15:33:59,160] 49 root - INFO - 51
[ 2023-07-08 15:33:59,160] 50 root - INFO - 1970-01-01 00:25:47.579644129
[ 2023-07-08 15:33:59,160] 51 root - INFO - 1970-01-01 00:25:47.579663409
[ 2023-07-08 15:33:59,177] 49 root - INFO - 52
[ 2023-07-08 15:33:59,177] 50 root - INFO - 1970-01-01 00:25:47.579643834
[ 2023-07-08 15:33:59,177] 51 root - INFO - 1970-01-01 00:25:47.579663474
[ 2023-07-08 15:33:59,194] 49 root - INFO - 53
[ 2023-07-08 15:33:59,194] 50 root - INFO - 1970-01-01 00:25:47.222744630
[ 2023-07-08 15:33:59,194] 51 root - INFO - 1970-01-01 00:25:47.222760710
[ 2023-07-08 15:33:59,210] 49 root - INFO - 54
[ 2023-07-08 15:33:59,210] 50 root - INFO - 1970-01-01 00:25:47.222744554
[ 2023-07-08 15:33:59,210] 51 root - INFO - 1970-01-01 00:25:47.222760674
[ 2023-07-08 15:33:59,227] 49 root - INFO - 55
[ 2023-07-08 15:33:59,227] 50 root - INFO - 1970-01-01 00:25:47.223435978
[ 2023-07-08 15:33:59,227] 51 root - INFO - 1970-01-01 00:25:47.223460858
[ 2023-07-08 15:33:59,243] 49 root - INFO - 56
[ 2023-07-08 15:33:59,243] 50 root - INFO - 1970-01-01 00:25:47.223435659
[ 2023-07-08 15:33:59,243] 51 root - INFO - 1970-01-01 00:25:47.223460899
[ 2023-07-08 15:33:59,260] 49 root - INFO - 57
[ 2023-07-08 15:33:59,260] 50 root - INFO - 1970-01-01 00:25:47.223575024
[ 2023-07-08 15:33:59,260] 51 root - INFO - 1970-01-01 00:25:47.223601024
[ 2023-07-08 15:33:59,277] 49 root - INFO - 58
[ 2023-07-08 15:33:59,277] 50 root - INFO - 1970-01-01 00:25:47.223574957
[ 2023-07-08 15:33:59,277] 51 root - INFO - 1970-01-01 00:25:47.223601077
[ 2023-07-08 15:33:59,293] 49 root - INFO - 59
[ 2023-07-08 15:33:59,293] 50 root - INFO - 1970-01-01 00:25:47.219285314
[ 2023-07-08 15:33:59,293] 51 root - INFO - 1970-01-01 00:25:47.219302194
[ 2023-07-08 15:33:59,310] 49 root - INFO - 60
[ 2023-07-08 15:33:59,310] 50 root - INFO - 1970-01-01 00:25:47.219284950
[ 2023-07-08 15:33:59,310] 51 root - INFO - 1970-01-01 00:25:47.219302190
[ 2023-07-08 15:33:59,310] 49 root - INFO - 61
[ 2023-07-08 15:33:59,310] 50 root - INFO - 1970-01-01 00:25:47.219525287
[ 2023-07-08 15:33:59,310] 51 root - INFO - 1970-01-01 00:25:47.219539447
[ 2023-07-08 15:33:59,338] 49 root - INFO - 62
[ 2023-07-08 15:33:59,339] 50 root - INFO - 1970-01-01 00:25:47.219524981
[ 2023-07-08 15:33:59,340] 51 root - INFO - 1970-01-01 00:25:47.219539501
[ 2023-07-08 15:33:59,346] 49 root - INFO - 63
[ 2023-07-08 15:33:59,346] 50 root - INFO - 1970-01-01 00:25:47.221208421
[ 2023-07-08 15:33:59,346] 51 root - INFO - 1970-01-01 00:25:47.221225941
[ 2023-07-08 15:33:59,360] 49 root - INFO - 64
[ 2023-07-08 15:33:59,360] 50 root - INFO - 1970-01-01 00:25:47.221208106
[ 2023-07-08 15:33:59,360] 51 root - INFO - 1970-01-01 00:25:47.221225906
[ 2023-07-08 15:33:59,377] 49 root - INFO - 65
[ 2023-07-08 15:33:59,377] 50 root - INFO - 1970-01-01 00:25:47.221363566
[ 2023-07-08 15:33:59,377] 51 root - INFO - 1970-01-01 00:25:47.221382046
[ 2023-07-08 15:33:59,394] 49 root - INFO - 66
[ 2023-07-08 15:33:59,394] 50 root - INFO - 1970-01-01 00:25:47.221363444
[ 2023-07-08 15:33:59,394] 51 root - INFO - 1970-01-01 00:25:47.221382044
[ 2023-07-08 15:33:59,410] 49 root - INFO - 67
[ 2023-07-08 15:33:59,410] 50 root - INFO - 1970-01-01 00:25:47.221556169
[ 2023-07-08 15:33:59,410] 51 root - INFO - 1970-01-01 00:25:47.221569369
[ 2023-07-08 15:33:59,427] 49 root - INFO - 68
[ 2023-07-08 15:33:59,427] 50 root - INFO - 1970-01-01 00:25:47.221555883
[ 2023-07-08 15:33:59,427] 51 root - INFO - 1970-01-01 00:25:47.221569363
[ 2023-07-08 15:33:59,443] 49 root - INFO - 69
[ 2023-07-08 15:33:59,443] 50 root - INFO - 1970-01-01 00:25:47.221734916
[ 2023-07-08 15:33:59,443] 51 root - INFO - 1970-01-01 00:25:47.221756436
[ 2023-07-08 15:33:59,443] 49 root - INFO - 70
[ 2023-07-08 15:33:59,460] 50 root - INFO - 1970-01-01 00:25:47.221734474
[ 2023-07-08 15:33:59,460] 51 root - INFO - 1970-01-01 00:25:47.221756434
[ 2023-07-08 15:33:59,460] 49 root - INFO - 71
[ 2023-07-08 15:33:59,476] 50 root - INFO - 1970-01-01 00:25:47.222153763
[ 2023-07-08 15:33:59,477] 51 root - INFO - 1970-01-01 00:25:47.222180243
[ 2023-07-08 15:33:59,477] 49 root - INFO - 72
[ 2023-07-08 15:33:59,477] 50 root - INFO - 1970-01-01 00:25:47.222153322
[ 2023-07-08 15:33:59,477] 51 root - INFO - 1970-01-01 00:25:47.222180162
[ 2023-07-08 15:33:59,505] 49 root - INFO - 73
[ 2023-07-08 15:33:59,506] 50 root - INFO - 1970-01-01 00:25:47.222368731
[ 2023-07-08 15:33:59,506] 51 root - INFO - 1970-01-01 00:25:47.222382571
[ 2023-07-08 15:33:59,511] 49 root - INFO - 74
[ 2023-07-08 15:33:59,511] 50 root - INFO - 1970-01-01 00:25:47.222368370
[ 2023-07-08 15:33:59,511] 51 root - INFO - 1970-01-01 00:25:47.222382570
[ 2023-07-08 15:33:59,527] 49 root - INFO - 75
[ 2023-07-08 15:33:59,527] 50 root - INFO - 1970-01-01 00:25:47.222972746
[ 2023-07-08 15:33:59,527] 51 root - INFO - 1970-01-01 00:25:47.222997466
[ 2023-07-08 15:33:59,543] 49 root - INFO - 76
[ 2023-07-08 15:33:59,543] 50 root - INFO - 1970-01-01 00:25:47.222972748
[ 2023-07-08 15:33:59,543] 51 root - INFO - 1970-01-01 00:25:47.222997428
[ 2023-07-08 15:33:59,560] 49 root - INFO - 77
[ 2023-07-08 15:33:59,560] 50 root - INFO - 1970-01-01 00:25:47.472577885
[ 2023-07-08 15:33:59,560] 51 root - INFO - 1970-01-01 00:25:47.472592365
[ 2023-07-08 15:33:59,577] 49 root - INFO - 78
[ 2023-07-08 15:33:59,577] 50 root - INFO - 1970-01-01 00:25:47.472577648
[ 2023-07-08 15:33:59,577] 51 root - INFO - 1970-01-01 00:25:47.472592328
[ 2023-07-08 15:33:59,593] 49 root - INFO - 79
[ 2023-07-08 15:33:59,593] 50 root - INFO - 1970-01-01 00:25:47.472731998
[ 2023-07-08 15:33:59,593] 51 root - INFO - 1970-01-01 00:25:47.472746158
[ 2023-07-08 15:33:59,610] 49 root - INFO - 80
[ 2023-07-08 15:33:59,610] 50 root - INFO - 1970-01-01 00:25:47.472731590
[ 2023-07-08 15:33:59,610] 51 root - INFO - 1970-01-01 00:25:47.472746110
[ 2023-07-08 15:33:59,627] 49 root - INFO - 81
[ 2023-07-08 15:33:59,627] 50 root - INFO - 1970-01-01 00:25:47.473887607
[ 2023-07-08 15:33:59,627] 51 root - INFO - 1970-01-01 00:25:47.473904967
[ 2023-07-08 15:33:59,627] 49 root - INFO - 82
[ 2023-07-08 15:33:59,627] 50 root - INFO - 1970-01-01 00:25:47.473887323
[ 2023-07-08 15:33:59,627] 51 root - INFO - 1970-01-01 00:25:47.473904963
[ 2023-07-08 15:33:59,643] 49 root - INFO - 83
[ 2023-07-08 15:33:59,643] 50 root - INFO - 1970-01-01 00:25:47.580495831
[ 2023-07-08 15:33:59,643] 51 root - INFO - 1970-01-01 00:25:47.580528551
[ 2023-07-08 15:33:59,660] 49 root - INFO - 84
[ 2023-07-08 15:33:59,660] 50 root - INFO - 1970-01-01 00:25:47.580495467
[ 2023-07-08 15:33:59,660] 51 root - INFO - 1970-01-01 00:25:47.580528547
[ 2023-07-08 15:33:59,677] 49 root - INFO - 85
[ 2023-07-08 15:33:59,677] 50 root - INFO - 1970-01-01 00:25:47.580752726
[ 2023-07-08 15:33:59,677] 51 root - INFO - 1970-01-01 00:25:47.580782726
[ 2023-07-08 15:33:59,693] 49 root - INFO - 86
[ 2023-07-08 15:33:59,693] 50 root - INFO - 1970-01-01 00:25:47.580752315
[ 2023-07-08 15:33:59,693] 51 root - INFO - 1970-01-01 00:25:47.580782755
[ 2023-07-08 15:33:59,727] 49 root - INFO - 87
[ 2023-07-08 15:33:59,727] 50 root - INFO - 1970-01-01 00:25:47.581038295
[ 2023-07-08 15:33:59,727] 51 root - INFO - 1970-01-01 00:25:47.581067655
[ 2023-07-08 15:33:59,743] 49 root - INFO - 88
[ 2023-07-08 15:33:59,743] 50 root - INFO - 1970-01-01 00:25:47.581038012
[ 2023-07-08 15:33:59,743] 51 root - INFO - 1970-01-01 00:25:47.581067652
[ 2023-07-08 15:33:59,760] 49 root - INFO - 89
[ 2023-07-08 15:33:59,760] 50 root - INFO - 1970-01-01 00:25:47.474074877
[ 2023-07-08 15:33:59,760] 51 root - INFO - 1970-01-01 00:25:47.474090637
[ 2023-07-08 15:33:59,777] 49 root - INFO - 90
[ 2023-07-08 15:33:59,777] 50 root - INFO - 1970-01-01 00:25:47.474074516
[ 2023-07-08 15:33:59,777] 51 root - INFO - 1970-01-01 00:25:47.474090556
[ 2023-07-08 15:33:59,793] 49 root - INFO - 91
[ 2023-07-08 15:33:59,793] 50 root - INFO - 1970-01-01 00:25:47.474247302
[ 2023-07-08 15:33:59,793] 51 root - INFO - 1970-01-01 00:25:47.474265302
[ 2023-07-08 15:33:59,810] 49 root - INFO - 92
[ 2023-07-08 15:33:59,810] 50 root - INFO - 1970-01-01 00:25:47.474246896
[ 2023-07-08 15:33:59,810] 51 root - INFO - 1970-01-01 00:25:47.474265256
[ 2023-07-08 15:33:59,810] 49 root - INFO - 93
[ 2023-07-08 15:33:59,810] 50 root - INFO - 1970-01-01 00:25:47.474737530
[ 2023-07-08 15:33:59,810] 51 root - INFO - 1970-01-01 00:25:47.474746090
[ 2023-07-08 15:33:59,827] 49 root - INFO - 94
[ 2023-07-08 15:33:59,827] 50 root - INFO - 1970-01-01 00:25:47.561137531
[ 2023-07-08 15:33:59,827] 51 root - INFO - 1970-01-01 00:25:47.561146091
[ 2023-07-08 15:33:59,844] 49 root - INFO - 95
[ 2023-07-08 15:33:59,845] 50 root - INFO - 1970-01-01 00:25:47.474737167
[ 2023-07-08 15:33:59,845] 51 root - INFO - 1970-01-01 00:25:47.474746087
[ 2023-07-08 15:33:59,847] 49 root - INFO - 96
[ 2023-07-08 15:33:59,860] 50 root - INFO - 1970-01-01 00:25:47.561137168
[ 2023-07-08 15:33:59,860] 51 root - INFO - 1970-01-01 00:25:47.561146088
[ 2023-07-08 15:33:59,860] 49 root - INFO - 97
[ 2023-07-08 15:33:59,860] 50 root - INFO - 1970-01-01 00:25:47.474930149
[ 2023-07-08 15:33:59,860] 51 root - INFO - 1970-01-01 00:25:47.474939509
[ 2023-07-08 15:33:59,877] 49 root - INFO - 98
[ 2023-07-08 15:33:59,877] 50 root - INFO - 1970-01-01 00:25:47.561330150
[ 2023-07-08 15:33:59,877] 51 root - INFO - 1970-01-01 00:25:47.561339510
[ 2023-07-08 15:33:59,894] 49 root - INFO - 99
[ 2023-07-08 15:33:59,894] 50 root - INFO - 1970-01-01 00:25:47.474930152
[ 2023-07-08 15:33:59,894] 51 root - INFO - 1970-01-01 00:25:47.474939392
[ 2023-07-08 15:33:59,910] 49 root - INFO - 100
[ 2023-07-08 15:33:59,910] 50 root - INFO - 1970-01-01 00:25:47.561330153
[ 2023-07-08 15:33:59,910] 51 root - INFO - 1970-01-01 00:25:47.561339393
[ 2023-07-08 15:33:59,927] 49 root - INFO - 101
[ 2023-07-08 15:33:59,927] 50 root - INFO - 1970-01-01 00:25:47.474500179
[ 2023-07-08 15:33:59,927] 51 root - INFO - 1970-01-01 00:25:47.474515619
[ 2023-07-08 15:33:59,943] 49 root - INFO - 102
[ 2023-07-08 15:33:59,943] 50 root - INFO - 1970-01-01 00:25:47.560900180
[ 2023-07-08 15:33:59,943] 51 root - INFO - 1970-01-01 00:25:47.560915620
[ 2023-07-08 15:33:59,943] 49 root - INFO - 103
[ 2023-07-08 15:33:59,943] 50 root - INFO - 1970-01-01 00:25:47.474499893
[ 2023-07-08 15:33:59,960] 51 root - INFO - 1970-01-01 00:25:47.474515693
[ 2023-07-08 15:33:59,960] 49 root - INFO - 104
[ 2023-07-08 15:33:59,960] 50 root - INFO - 1970-01-01 00:25:47.560899894
[ 2023-07-08 15:33:59,960] 51 root - INFO - 1970-01-01 00:25:47.560915694
[ 2023-07-08 15:33:59,977] 49 root - INFO - 105
[ 2023-07-08 15:33:59,977] 50 root - INFO - 1970-01-01 00:25:47.579191816
[ 2023-07-08 15:33:59,977] 51 root - INFO - 1970-01-01 00:25:47.579208536
[ 2023-07-08 15:34:00,005] 49 root - INFO - 106
[ 2023-07-08 15:34:00,006] 50 root - INFO - 1970-01-01 00:25:47.579191455
[ 2023-07-08 15:34:00,007] 51 root - INFO - 1970-01-01 00:25:47.579208615
[ 2023-07-08 15:34:00,027] 49 root - INFO - 107
[ 2023-07-08 15:34:00,027] 50 root - INFO - 1970-01-01 00:25:47.579516160
[ 2023-07-08 15:34:00,027] 51 root - INFO - 1970-01-01 00:25:47.579536880
[ 2023-07-08 15:34:00,043] 49 root - INFO - 108
[ 2023-07-08 15:34:00,043] 50 root - INFO - 1970-01-01 00:25:47.579515834
[ 2023-07-08 15:34:00,043] 51 root - INFO - 1970-01-01 00:25:47.579536914
[ 2023-07-08 15:34:00,060] 49 root - INFO - 109
[ 2023-07-08 15:34:00,060] 50 root - INFO - 1970-01-01 00:25:47.579848312
[ 2023-07-08 15:34:00,060] 51 root - INFO - 1970-01-01 00:25:47.579865672
[ 2023-07-08 15:34:00,093] 49 root - INFO - 110
[ 2023-07-08 15:34:00,093] 50 root - INFO - 1970-01-01 00:25:47.579848028
[ 2023-07-08 15:34:00,093] 51 root - INFO - 1970-01-01 00:25:47.579865588
[ 2023-07-08 15:34:00,110] 49 root - INFO - 111
[ 2023-07-08 15:34:00,110] 50 root - INFO - 1970-01-01 00:25:47.831534525
[ 2023-07-08 15:34:00,110] 51 root - INFO - 1970-01-01 00:25:47.831558525
[ 2023-07-08 15:34:00,110] 49 root - INFO - 112
[ 2023-07-08 15:34:00,126] 50 root - INFO - 1970-01-01 00:25:47.831534175
[ 2023-07-08 15:34:00,127] 51 root - INFO - 1970-01-01 00:25:47.831558455
[ 2023-07-08 15:34:00,142] 49 root - INFO - 113
[ 2023-07-08 15:34:00,143] 50 root - INFO - 1970-01-01 00:25:47.832089610
[ 2023-07-08 15:34:00,143] 51 root - INFO - 1970-01-01 00:25:47.832115610
[ 2023-07-08 15:34:00,143] 49 root - INFO - 114
[ 2023-07-08 15:34:00,143] 50 root - INFO - 1970-01-01 00:25:47.832089247
[ 2023-07-08 15:34:00,143] 51 root - INFO - 1970-01-01 00:25:47.832115607
[ 2023-07-08 15:34:00,160] 49 root - INFO - 115
[ 2023-07-08 15:34:00,160] 50 root - INFO - 1970-01-01 00:25:47.832259568
[ 2023-07-08 15:34:00,160] 51 root - INFO - 1970-01-01 00:25:47.832282688
[ 2023-07-08 15:34:00,177] 49 root - INFO - 116
[ 2023-07-08 15:34:00,177] 50 root - INFO - 1970-01-01 00:25:47.832259295
[ 2023-07-08 15:34:00,177] 51 root - INFO - 1970-01-01 00:25:47.832282695
[ 2023-07-08 15:34:00,210] 49 root - INFO - 117
[ 2023-07-08 15:34:00,210] 50 root - INFO - 1970-01-01 00:25:47.832649220
[ 2023-07-08 15:34:00,210] 51 root - INFO - 1970-01-01 00:25:47.832670420
[ 2023-07-08 15:34:00,226] 49 root - INFO - 118
[ 2023-07-08 15:34:00,227] 50 root - INFO - 1970-01-01 00:25:47.832648985
[ 2023-07-08 15:34:00,227] 51 root - INFO - 1970-01-01 00:25:47.832670385
[ 2023-07-08 15:34:00,243] 49 root - INFO - 119
[ 2023-07-08 15:34:00,260] 50 root - INFO - 1970-01-01 00:25:47.832788416
[ 2023-07-08 15:34:00,260] 51 root - INFO - 1970-01-01 00:25:47.832807856
[ 2023-07-08 15:34:00,277] 49 root - INFO - 120
[ 2023-07-08 15:34:00,277] 50 root - INFO - 1970-01-01 00:25:47.832788086
[ 2023-07-08 15:34:00,277] 51 root - INFO - 1970-01-01 00:25:47.832807806
[ 2023-07-08 15:34:00,293] 49 root - INFO - 121
[ 2023-07-08 15:34:00,293] 50 root - INFO - 1970-01-01 00:25:47.832892981
[ 2023-07-08 15:34:00,293] 51 root - INFO - 1970-01-01 00:25:47.832913701
[ 2023-07-08 15:34:00,327] 49 root - INFO - 122
[ 2023-07-08 15:34:00,327] 50 root - INFO - 1970-01-01 00:25:47.832892696
[ 2023-07-08 15:34:00,327] 51 root - INFO - 1970-01-01 00:25:47.832913696
[ 2023-07-08 15:34:00,350] 49 root - INFO - 123
[ 2023-07-08 15:34:00,350] 50 root - INFO - 1970-01-01 00:25:47.831031632
[ 2023-07-08 15:34:00,350] 51 root - INFO - 1970-01-01 00:25:47.831047712
[ 2023-07-08 15:34:00,377] 49 root - INFO - 124
[ 2023-07-08 15:34:00,377] 50 root - INFO - 1970-01-01 00:25:47.831031268
[ 2023-07-08 15:34:00,377] 51 root - INFO - 1970-01-01 00:25:47.831047788
[ 2023-07-08 15:34:00,393] 49 root - INFO - 125
[ 2023-07-08 15:34:00,393] 50 root - INFO - 1970-01-01 00:25:47.829948168
[ 2023-07-08 15:34:00,393] 51 root - INFO - 1970-01-01 00:25:47.829983528
[ 2023-07-08 15:34:00,425] 49 root - INFO - 126
[ 2023-07-08 15:34:00,426] 50 root - INFO - 1970-01-01 00:25:47.829947773
[ 2023-07-08 15:34:00,426] 51 root - INFO - 1970-01-01 00:25:47.829983453
[ 2023-07-08 15:34:00,426] 49 root - INFO - 127
[ 2023-07-08 15:34:00,443] 50 root - INFO - 1970-01-01 00:25:47.830301446
[ 2023-07-08 15:34:00,443] 51 root - INFO - 1970-01-01 00:25:47.830328406
[ 2023-07-08 15:34:00,443] 49 root - INFO - 128
[ 2023-07-08 15:34:00,443] 50 root - INFO - 1970-01-01 00:25:47.830301104
[ 2023-07-08 15:34:00,443] 51 root - INFO - 1970-01-01 00:25:47.830328344
[ 2023-07-08 15:34:00,460] 49 root - INFO - 129
[ 2023-07-08 15:34:00,460] 50 root - INFO - 1970-01-01 00:25:47.305808431
[ 2023-07-08 15:34:00,475] 51 root - INFO - 1970-01-01 00:25:47.305824831
[ 2023-07-08 15:34:00,476] 49 root - INFO - 130
[ 2023-07-08 15:34:00,476] 50 root - INFO - 1970-01-01 00:25:47.305808351
[ 2023-07-08 15:34:00,492] 51 root - INFO - 1970-01-01 00:25:47.305824871
[ 2023-07-08 15:34:00,507] 49 root - INFO - 131
[ 2023-07-08 15:34:00,508] 50 root - INFO - 1970-01-01 00:25:47.558821400
[ 2023-07-08 15:34:00,510] 51 root - INFO - 1970-01-01 00:25:47.558833800
[ 2023-07-08 15:34:00,514] 49 root - INFO - 132
[ 2023-07-08 15:34:00,514] 50 root - INFO - 1970-01-01 00:25:47.558820993
[ 2023-07-08 15:34:00,514] 51 root - INFO - 1970-01-01 00:25:47.558833753
[ 2023-07-08 15:34:00,528] 49 root - INFO - 133
[ 2023-07-08 15:34:00,528] 50 root - INFO - 1970-01-01 00:25:47.306085680
[ 2023-07-08 15:34:00,528] 51 root - INFO - 1970-01-01 00:25:47.306099840
[ 2023-07-08 15:34:00,543] 49 root - INFO - 134
[ 2023-07-08 15:34:00,543] 50 root - INFO - 1970-01-01 00:25:47.306085355
[ 2023-07-08 15:34:00,543] 51 root - INFO - 1970-01-01 00:25:47.306099875
[ 2023-07-08 15:34:00,560] 49 root - INFO - 135
[ 2023-07-08 15:34:00,560] 50 root - INFO - 1970-01-01 00:25:47.558569751
[ 2023-07-08 15:34:00,560] 51 root - INFO - 1970-01-01 00:25:47.558581831
[ 2023-07-08 15:34:00,593] 49 root - INFO - 136
[ 2023-07-08 15:34:00,593] 50 root - INFO - 1970-01-01 00:25:47.558569353
[ 2023-07-08 15:34:00,593] 51 root - INFO - 1970-01-01 00:25:47.558581873
[ 2023-07-08 15:34:00,610] 49 root - INFO - 137
[ 2023-07-08 15:34:00,610] 50 root - INFO - 1970-01-01 00:25:47.917934525
[ 2023-07-08 15:34:00,610] 51 root - INFO - 1970-01-01 00:25:47.917958525
[ 2023-07-08 15:34:00,626] 49 root - INFO - 138
[ 2023-07-08 15:34:00,626] 50 root - INFO - 1970-01-01 00:25:47.917934175
[ 2023-07-08 15:34:00,626] 51 root - INFO - 1970-01-01 00:25:47.917958455
[ 2023-07-08 15:34:00,643] 49 root - INFO - 139
[ 2023-07-08 15:34:00,643] 50 root - INFO - 1970-01-01 00:25:47.918489610
[ 2023-07-08 15:34:00,643] 51 root - INFO - 1970-01-01 00:25:47.918515610
[ 2023-07-08 15:34:00,643] 49 root - INFO - 140
[ 2023-07-08 15:34:00,643] 50 root - INFO - 1970-01-01 00:25:47.918489247
[ 2023-07-08 15:34:00,660] 51 root - INFO - 1970-01-01 00:25:47.918515607
[ 2023-07-08 15:34:00,660] 49 root - INFO - 141
[ 2023-07-08 15:34:00,676] 50 root - INFO - 1970-01-01 00:25:47.918659568
[ 2023-07-08 15:34:00,676] 51 root - INFO - 1970-01-01 00:25:47.918682688
[ 2023-07-08 15:34:00,692] 49 root - INFO - 142
[ 2023-07-08 15:34:00,693] 50 root - INFO - 1970-01-01 00:25:47.918659295
[ 2023-07-08 15:34:00,693] 51 root - INFO - 1970-01-01 00:25:47.918682695
[ 2023-07-08 15:34:00,693] 49 root - INFO - 143
[ 2023-07-08 15:34:00,693] 50 root - INFO - 1970-01-01 00:25:47.667327652
[ 2023-07-08 15:34:00,709] 51 root - INFO - 1970-01-01 00:25:47.667343732
[ 2023-07-08 15:34:00,710] 49 root - INFO - 144
[ 2023-07-08 15:34:00,710] 50 root - INFO - 1970-01-01 00:25:47.667327366
[ 2023-07-08 15:34:00,710] 51 root - INFO - 1970-01-01 00:25:47.667343726
[ 2023-07-08 15:34:00,727] 49 root - INFO - 145
[ 2023-07-08 15:34:00,727] 50 root - INFO - 1970-01-01 00:25:47.310264873
[ 2023-07-08 15:34:00,727] 51 root - INFO - 1970-01-01 00:25:47.310295833
[ 2023-07-08 15:34:00,743] 49 root - INFO - 146
[ 2023-07-08 15:34:00,743] 50 root - INFO - 1970-01-01 00:25:47.310264906
[ 2023-07-08 15:34:00,759] 51 root - INFO - 1970-01-01 00:25:47.310295786
[ 2023-07-08 15:34:00,760] 49 root - INFO - 147
[ 2023-07-08 15:34:00,760] 50 root - INFO - 1970-01-01 00:25:47.666786798
[ 2023-07-08 15:34:00,776] 51 root - INFO - 1970-01-01 00:25:47.666813598
[ 2023-07-08 15:34:00,776] 49 root - INFO - 148
[ 2023-07-08 15:34:00,776] 50 root - INFO - 1970-01-01 00:25:47.666786525
[ 2023-07-08 15:34:00,776] 51 root - INFO - 1970-01-01 00:25:47.666813605
[ 2023-07-08 15:34:00,793] 49 root - INFO - 149
[ 2023-07-08 15:34:00,793] 50 root - INFO - 1970-01-01 00:25:47.667035127
[ 2023-07-08 15:34:00,793] 51 root - INFO - 1970-01-01 00:25:47.667069767
[ 2023-07-08 15:34:00,810] 49 root - INFO - 150
[ 2023-07-08 15:34:00,810] 50 root - INFO - 1970-01-01 00:25:47.667034809
[ 2023-07-08 15:34:00,826] 51 root - INFO - 1970-01-01 00:25:47.667069729
[ 2023-07-08 15:34:00,826] 49 root - INFO - 151
[ 2023-07-08 15:34:00,840] 50 root - INFO - 1970-01-01 00:25:47.560186995
[ 2023-07-08 15:34:00,841] 51 root - INFO - 1970-01-01 00:25:47.560200515
[ 2023-07-08 15:34:00,851] 49 root - INFO - 152
[ 2023-07-08 15:34:00,851] 50 root - INFO - 1970-01-01 00:25:47.560186675
[ 2023-07-08 15:34:00,851] 51 root - INFO - 1970-01-01 00:25:47.560200555
[ 2023-07-08 15:34:00,860] 49 root - INFO - 153
[ 2023-07-08 15:34:00,860] 50 root - INFO - 1970-01-01 00:25:47.560386863
[ 2023-07-08 15:34:00,860] 51 root - INFO - 1970-01-01 00:25:47.560401663
[ 2023-07-08 15:34:00,876] 49 root - INFO - 154
[ 2023-07-08 15:34:00,876] 50 root - INFO - 1970-01-01 00:25:47.560386457
[ 2023-07-08 15:34:00,876] 51 root - INFO - 1970-01-01 00:25:47.560401617
[ 2023-07-08 15:34:00,893] 49 root - INFO - 155
[ 2023-07-08 15:34:00,893] 50 root - INFO - 1970-01-01 00:25:47.560542767
[ 2023-07-08 15:34:00,893] 51 root - INFO - 1970-01-01 00:25:47.560557567
[ 2023-07-08 15:34:00,910] 49 root - INFO - 156
[ 2023-07-08 15:34:00,910] 50 root - INFO - 1970-01-01 00:25:47.560542440
[ 2023-07-08 15:34:00,910] 51 root - INFO - 1970-01-01 00:25:47.560557600
[ 2023-07-08 15:34:00,926] 49 root - INFO - 157
[ 2023-07-08 15:34:00,926] 50 root - INFO - 1970-01-01 00:25:47.918546029
[ 2023-07-08 15:34:00,926] 51 root - INFO - 1970-01-01 00:25:47.918579869
[ 2023-07-08 15:34:00,943] 49 root - INFO - 158
[ 2023-07-08 15:34:00,943] 50 root - INFO - 1970-01-01 00:25:48.004946030
[ 2023-07-08 15:34:00,943] 51 root - INFO - 1970-01-01 00:25:48.004979870
[ 2023-07-08 15:34:00,960] 49 root - INFO - 159
[ 2023-07-08 15:34:00,960] 50 root - INFO - 1970-01-01 00:25:47.918545755
[ 2023-07-08 15:34:00,960] 51 root - INFO - 1970-01-01 00:25:47.918579955
[ 2023-07-08 15:34:00,976] 49 root - INFO - 160
[ 2023-07-08 15:34:00,976] 50 root - INFO - 1970-01-01 00:25:48.004945756
[ 2023-07-08 15:34:00,976] 51 root - INFO - 1970-01-01 00:25:48.004979956
[ 2023-07-08 15:34:00,993] 49 root - INFO - 161
[ 2023-07-08 15:34:00,993] 50 root - INFO - 1970-01-01 00:25:47.918739908
[ 2023-07-08 15:34:00,993] 51 root - INFO - 1970-01-01 00:25:47.918779668
[ 2023-07-08 15:34:01,015] 49 root - INFO - 162
[ 2023-07-08 15:34:01,016] 50 root - INFO - 1970-01-01 00:25:48.005139909
[ 2023-07-08 15:34:01,016] 51 root - INFO - 1970-01-01 00:25:48.005179669
[ 2023-07-08 15:34:01,026] 49 root - INFO - 163
[ 2023-07-08 15:34:01,026] 50 root - INFO - 1970-01-01 00:25:47.918739578
[ 2023-07-08 15:34:01,026] 51 root - INFO - 1970-01-01 00:25:47.918779618
[ 2023-07-08 15:34:01,043] 49 root - INFO - 164
[ 2023-07-08 15:34:01,060] 50 root - INFO - 1970-01-01 00:25:48.005139579
[ 2023-07-08 15:34:01,060] 51 root - INFO - 1970-01-01 00:25:48.005179619
[ 2023-07-08 15:34:01,060] 49 root - INFO - 165
[ 2023-07-08 15:34:01,060] 50 root - INFO - 1970-01-01 00:25:47.561046637
[ 2023-07-08 15:34:01,060] 51 root - INFO - 1970-01-01 00:25:47.561055037
[ 2023-07-08 15:34:01,076] 49 root - INFO - 166
[ 2023-07-08 15:34:01,076] 50 root - INFO - 1970-01-01 00:25:47.647446638
[ 2023-07-08 15:34:01,076] 51 root - INFO - 1970-01-01 00:25:47.647455038
[ 2023-07-08 15:34:01,076] 49 root - INFO - 167
[ 2023-07-08 15:34:01,076] 50 root - INFO - 1970-01-01 00:25:47.561046331
[ 2023-07-08 15:34:01,092] 51 root - INFO - 1970-01-01 00:25:47.561055011
[ 2023-07-08 15:34:01,093] 49 root - INFO - 168
[ 2023-07-08 15:34:01,093] 50 root - INFO - 1970-01-01 00:25:47.647446332
[ 2023-07-08 15:34:01,093] 51 root - INFO - 1970-01-01 00:25:47.647455012
[ 2023-07-08 15:34:01,110] 49 root - INFO - 169
[ 2023-07-08 15:34:01,110] 50 root - INFO - 1970-01-01 00:25:47.561210862
[ 2023-07-08 15:34:01,110] 51 root - INFO - 1970-01-01 00:25:47.561219102
[ 2023-07-08 15:34:01,110] 49 root - INFO - 170
[ 2023-07-08 15:34:01,110] 50 root - INFO - 1970-01-01 00:25:47.647610863
[ 2023-07-08 15:34:01,110] 51 root - INFO - 1970-01-01 00:25:47.647619103
[ 2023-07-08 15:34:01,126] 49 root - INFO - 171
[ 2023-07-08 15:34:01,126] 50 root - INFO - 1970-01-01 00:25:47.561210465
[ 2023-07-08 15:34:01,126] 51 root - INFO - 1970-01-01 00:25:47.561219145
[ 2023-07-08 15:34:01,143] 49 root - INFO - 172
[ 2023-07-08 15:34:01,143] 50 root - INFO - 1970-01-01 00:25:47.647610466
[ 2023-07-08 15:34:01,143] 51 root - INFO - 1970-01-01 00:25:47.647619146
[ 2023-07-08 15:34:01,160] 49 root - INFO - 173
[ 2023-07-08 15:34:01,160] 50 root - INFO - 1970-01-01 00:25:47.919049220
[ 2023-07-08 15:34:01,160] 51 root - INFO - 1970-01-01 00:25:47.919070420
[ 2023-07-08 15:34:01,176] 49 root - INFO - 174
[ 2023-07-08 15:34:01,176] 50 root - INFO - 1970-01-01 00:25:48.005449221
[ 2023-07-08 15:34:01,176] 51 root - INFO - 1970-01-01 00:25:48.005470421
[ 2023-07-08 15:34:01,193] 49 root - INFO - 175
[ 2023-07-08 15:34:01,193] 50 root - INFO - 1970-01-01 00:25:47.919048985
[ 2023-07-08 15:34:01,193] 51 root - INFO - 1970-01-01 00:25:47.919070385
[ 2023-07-08 15:34:01,210] 49 root - INFO - 176
[ 2023-07-08 15:34:01,210] 50 root - INFO - 1970-01-01 00:25:48.005448986
[ 2023-07-08 15:34:01,210] 51 root - INFO - 1970-01-01 00:25:48.005470386
[ 2023-07-08 15:34:01,226] 49 root - INFO - 177
[ 2023-07-08 15:34:01,226] 50 root - INFO - 1970-01-01 00:25:47.919188416
[ 2023-07-08 15:34:01,226] 51 root - INFO - 1970-01-01 00:25:47.919207856
[ 2023-07-08 15:34:01,243] 49 root - INFO - 178
[ 2023-07-08 15:34:01,243] 50 root - INFO - 1970-01-01 00:25:48.005588417
[ 2023-07-08 15:34:01,243] 51 root - INFO - 1970-01-01 00:25:48.005607857
[ 2023-07-08 15:34:01,260] 49 root - INFO - 179
[ 2023-07-08 15:34:01,260] 50 root - INFO - 1970-01-01 00:25:47.919188086
[ 2023-07-08 15:34:01,260] 51 root - INFO - 1970-01-01 00:25:47.919207806
[ 2023-07-08 15:34:01,276] 49 root - INFO - 180
[ 2023-07-08 15:34:01,276] 50 root - INFO - 1970-01-01 00:25:48.005588087
[ 2023-07-08 15:34:01,276] 51 root - INFO - 1970-01-01 00:25:48.005607807
[ 2023-07-08 15:34:01,310] 49 root - INFO - 181
[ 2023-07-08 15:34:01,310] 50 root - INFO - 1970-01-01 00:25:47.919292981
[ 2023-07-08 15:34:01,310] 51 root - INFO - 1970-01-01 00:25:47.919313701
[ 2023-07-08 15:34:01,326] 49 root - INFO - 182
[ 2023-07-08 15:34:01,326] 50 root - INFO - 1970-01-01 00:25:48.005692982
[ 2023-07-08 15:34:01,326] 51 root - INFO - 1970-01-01 00:25:48.005713702
[ 2023-07-08 15:34:01,326] 49 root - INFO - 183
[ 2023-07-08 15:34:01,343] 50 root - INFO - 1970-01-01 00:25:47.919292696
[ 2023-07-08 15:34:01,344] 51 root - INFO - 1970-01-01 00:25:47.919313696
[ 2023-07-08 15:34:01,353] 49 root - INFO - 184
[ 2023-07-08 15:34:01,360] 50 root - INFO - 1970-01-01 00:25:47.665747371
[ 2023-07-08 15:34:01,360] 51 root - INFO - 1970-01-01 00:25:47.665767771
[ 2023-07-08 15:34:01,360] 49 root - INFO - 185
[ 2023-07-08 15:34:01,360] 50 root - INFO - 1970-01-01 00:25:47.665747087
[ 2023-07-08 15:34:01,360] 51 root - INFO - 1970-01-01 00:25:47.665767767
[ 2023-07-08 15:34:01,376] 49 root - INFO - 186
[ 2023-07-08 15:34:01,376] 50 root - INFO - 1970-01-01 00:25:47.666044129
[ 2023-07-08 15:34:01,376] 51 root - INFO - 1970-01-01 00:25:47.666063409
[ 2023-07-08 15:34:01,393] 49 root - INFO - 187
[ 2023-07-08 15:34:01,393] 50 root - INFO - 1970-01-01 00:25:47.666043834
[ 2023-07-08 15:34:01,393] 51 root - INFO - 1970-01-01 00:25:47.666063474
[ 2023-07-08 15:34:01,410] 74 root - INFO - min acc time2019-01-11 15:08:05.314000
[ 2023-07-08 15:34:01,410] 75 root - INFO - min acc time2019-01-20 17:35:13.702000
[ 2023-07-08 15:34:01,410] 76 root - INFO - min gyr time2019-01-11 15:08:04.950000
[ 2023-07-08 15:34:01,410] 77 root - INFO - min gyr time2019-01-20 17:33:27.807000
[ 2023-07-08 15:34:01,410] 79 root - INFO - created accelerometer and gyroscope dataframes
[ 2023-07-08 15:34:01,443] 88 root - INFO - 69677
[ 2023-07-08 15:34:01,443] 89 root - INFO - 2019-01-11 15:08:04.950000
[ 2023-07-08 15:34:01,443] 90 root - INFO - 2019-01-20 17:35:13.702000
[ 2023-07-08 15:34:01,443] 121 root - INFO - 10
[ 2023-07-08 15:34:01,460] 126 root - INFO -                             acc_x     acc_y     acc_z    gyr_x    gyr_y    gyr_z participants category  label   set
epoch (ms)                                                                                                         
2019-01-11 15:08:05.200  0.013500  0.977000 -0.071000  -1.8904   2.4392   0.9388            B    heavy  bench  30.0
2019-01-11 15:08:05.400 -0.001500  0.970500 -0.079500  -1.6826  -0.8904   2.1708            B    heavy  bench  30.0
2019-01-11 15:08:05.600  0.001333  0.971667 -0.064333   2.5608  -0.2560  -1.4146            B    heavy  bench  30.0
2019-01-11 15:08:05.800 -0.024000  0.957000 -0.073500   8.0610  -4.5244  -2.0730            B    heavy  bench  30.0
2019-01-11 15:08:06.000 -0.028000  0.957667 -0.115000   2.4390  -1.5486  -3.6098            B    heavy  bench  30.0
...                           ...       ...       ...      ...      ...      ...          ...      ...    ...   ...
2019-01-11 16:24:54.800  0.039000 -1.337500 -0.105500 -19.0000  18.5000  -3.8294            A   medium   dead   6.0
2019-01-11 16:24:55.000  0.081667 -1.006000 -0.094667 -15.7196  24.2926  13.6952            A   medium   dead   6.0
2019-01-11 16:24:55.200  0.033500 -1.052000 -0.185000  -0.0608  -4.8294   7.3172            A   medium   dead   6.0
2019-01-11 16:24:55.400 -0.003000 -1.019333 -0.176333   0.9510   5.3048   3.6706            A   medium   dead   6.0
2019-01-11 16:24:55.600  0.010000 -1.018500 -0.172000  -3.4392  -1.7560   2.7682            A   medium   dead   6.0

[1987 rows x 10 columns]
[ 2023-07-08 15:34:01,493] 126 root - INFO -                             acc_x     acc_y     acc_z    gyr_x    gyr_y    gyr_z participants category  label   set
epoch (ms)                                                                                                         
2019-01-12 15:10:08.400  0.003667  0.966333 -0.081000   1.8412  -4.7806  -2.5608            E    heavy  bench  65.0
2019-01-12 15:10:08.600 -0.012500  0.962500 -0.089000   2.1950  -2.1096  -2.8538            E    heavy  bench  65.0
2019-01-12 15:10:08.800 -0.028000  0.867000 -0.125000   9.5246  -2.8290 -11.1828            E    heavy  bench  65.0
2019-01-12 15:10:09.000 -0.062000  0.873000 -0.155000  16.5608  -4.4268 -13.0368            E    heavy  bench  65.0
2019-01-12 15:10:09.200 -0.096667  0.904333 -0.169000   7.6952 -11.8538  -3.0364            E    heavy  bench  65.0
...                           ...       ...       ...      ...      ...      ...          ...      ...    ...   ...
2019-01-12 16:24:54.800  0.039000 -1.337500 -0.105500 -19.0000  18.5000  -3.8294            E   medium   dead  73.0
2019-01-12 16:24:55.000  0.081667 -1.006000 -0.094667 -15.7196  24.2926  13.6952            E   medium   dead  73.0
2019-01-12 16:24:55.200  0.033500 -1.052000 -0.185000  -0.0608  -4.8294   7.3172            E   medium   dead  73.0
2019-01-12 16:24:55.400 -0.003000 -1.019333 -0.176333   0.9510   5.3048   3.6706            E   medium   dead  73.0
2019-01-12 16:24:55.600  0.010000 -1.018500 -0.172000  -3.4392  -1.7560   2.7682            E   medium   dead  73.0

[299 rows x 10 columns]
[ 2023-07-08 15:34:01,517] 126 root - INFO - Empty DataFrame
Columns: [acc_x, acc_y, acc_z, gyr_x, gyr_y, gyr_z, participants, category, label, set]
Index: []
[ 2023-07-08 15:34:01,526] 126 root - INFO -                             acc_x     acc_y   acc_z    gyr_x    gyr_y    gyr_z participants category  label   set
epoch (ms)                                                                                                       
2019-01-14 13:22:49.600 -0.147000  0.702000 -0.2760  10.5000  -1.9268  -8.2562            A    heavy  bench   4.0
2019-01-14 13:22:49.800 -0.162667  0.765000 -0.3770  29.5488  -9.9146  -7.2804            A    heavy  bench   4.0
2019-01-14 13:22:50.000 -0.233000  0.849500 -0.4085  12.7074  -8.5976   2.0366            A    heavy  bench   4.0
2019-01-14 13:22:50.200 -0.236667  0.881333 -0.4100   9.8416 -15.6096  17.9754            A    heavy  bench   4.0
2019-01-14 13:22:50.400 -0.314000  1.260000 -0.5455  -4.1220  -0.1342  -1.2684            A    heavy  bench   4.0
...                           ...       ...     ...      ...      ...      ...          ...      ...    ...   ...
2019-01-14 14:08:58.400  0.044500 -1.254000 -0.0080 -27.9512   1.9512  15.1832            C    heavy    row  49.0
2019-01-14 14:08:58.600  0.018667 -1.178667 -0.0790   1.8170  -2.2926   1.4390            C    heavy    row  49.0
2019-01-14 14:08:58.800  0.024000 -1.001000 -0.0460   3.7074  -3.6340  -0.3294            C    heavy    row  49.0
2019-01-14 14:08:59.000  0.020333 -1.003333 -0.0500  -3.3170  -0.0120  -0.4758            C    heavy    row  49.0
2019-01-14 14:08:59.200  0.019000 -0.997500 -0.0850  -0.9634  -6.6706  -0.9514            C    heavy    row  49.0

[1000 rows x 10 columns]
[ 2023-07-08 15:34:01,609] 126 root - INFO -                             acc_x     acc_y     acc_z    gyr_x    gyr_y    gyr_z participants category  label   set
epoch (ms)                                                                                                         
2019-01-15 13:22:49.600 -0.147000  0.702000 -0.276000  10.5000  -1.9268  -8.2562            E    heavy  bench  68.0
2019-01-15 13:22:49.800 -0.162667  0.765000 -0.377000  29.5488  -9.9146  -7.2804            E    heavy  bench  68.0
2019-01-15 13:22:50.000 -0.233000  0.849500 -0.408500  12.7074  -8.5976   2.0366            E    heavy  bench  68.0
2019-01-15 13:22:50.200 -0.236667  0.881333 -0.410000   9.8416 -15.6096  17.9754            E    heavy  bench  68.0
2019-01-15 13:22:50.400 -0.314000  1.260000 -0.545500  -4.1220  -0.1342  -1.2684            E    heavy  bench  68.0
...                           ...       ...       ...      ...      ...      ...          ...      ...    ...   ...
2019-01-15 19:37:46.800  0.043000 -0.963000 -0.245500  -9.5120   3.9512  -2.3172            C   medium   dead  44.0
2019-01-15 19:37:47.000  0.076333 -1.007333 -0.136667  -8.4268  13.0002   1.0610            C   medium   dead  44.0
2019-01-15 19:37:47.200  0.064000 -1.035000 -0.165500  -4.9512   6.8416   0.3660            C   medium   dead  44.0
2019-01-15 19:37:47.400  0.084333 -1.030667 -0.152667   2.2560  24.9878   1.1586            C   medium   dead  44.0
2019-01-15 19:37:47.600  0.098000 -1.039000 -0.103000  12.7135  32.2255   4.1770            C   medium   dead  44.0

[2013 rows x 10 columns]
[ 2023-07-08 15:34:01,660] 126 root - INFO -                             acc_x     acc_y     acc_z     gyr_x    gyr_y    gyr_z participants category label   set
epoch (ms)                                                                                                         
2019-01-16 14:04:06.600  0.109000 -0.935667 -0.092333   5.24380  -3.8292   2.2806            E    heavy   row  84.0
2019-01-16 14:04:06.800  0.129000 -1.174000 -0.114500  13.47560  -3.8170   4.6462            E    heavy   row  84.0
2019-01-16 14:04:07.000  0.136333 -1.295000 -0.118667  27.29260  -7.9756  -5.4148            E    heavy   row  84.0
2019-01-16 14:04:07.200  0.171000 -1.221500  0.049000  21.90240  -3.8050 -15.5244            E    heavy   row  84.0
2019-01-16 14:04:07.400  0.148000 -0.871333  0.136000  19.07340  -3.5976   1.8050            E    heavy   row  84.0
...                           ...       ...       ...       ...      ...      ...          ...      ...   ...   ...
2019-01-16 19:35:42.800  0.015000 -1.083000 -0.164500  -0.34160  -6.3658   2.3902            E    heavy  dead  72.0
2019-01-16 19:35:43.000 -0.007000 -1.308000 -0.209333   4.93900  31.2440 -21.2194            E    heavy  dead  72.0
2019-01-16 19:35:43.200  0.161500 -1.003000 -0.113500  -4.42700   7.7680  12.5854            E    heavy  dead  72.0
2019-01-16 19:35:43.400  0.040667 -1.001333 -0.138667   3.25600   3.8050  17.9266            E    heavy  dead  72.0
2019-01-16 19:35:43.600 -0.018000 -1.046000 -0.148000   3.65875   1.4635  11.1585            E    heavy  dead  72.0

[676 rows x 10 columns]
[ 2023-07-08 15:34:01,693] 126 root - INFO - Empty DataFrame
Columns: [acc_x, acc_y, acc_z, gyr_x, gyr_y, gyr_z, participants, category, label, set]
Index: []
[ 2023-07-08 15:34:01,710] 126 root - INFO -                             acc_x     acc_y     acc_z   gyr_x   gyr_y     gyr_z participants category  label   set
epoch (ms)                                                                                                        
2019-01-18 16:45:48.000  0.136000  0.744000  0.585000  0.0368 -1.6708 -0.268200            D   medium  squat  63.0
2019-01-18 16:45:48.200  0.134000  0.754500  0.600500  2.0002 -2.9758  0.549000            D   medium  squat  63.0
2019-01-18 16:45:48.400  0.135667  0.759667  0.596667  1.0608 -3.0734  0.878200            D   medium  squat  63.0
2019-01-18 16:45:48.600  0.147500  0.771000  0.606500  0.9024 -2.4268 -0.243800            D   medium  squat  63.0
2019-01-18 16:45:48.800  0.140667  0.765333  0.601000  0.2194 -1.5122 -1.097400            D   medium  squat  63.0
...                           ...       ...       ...     ...     ...       ...          ...      ...    ...   ...
2019-01-18 17:35:12.800 -0.041000 -1.247000 -0.074667 -7.8172 -4.2558  6.731600            D   medium    row  61.0
2019-01-18 17:35:13.000 -0.039000 -1.037500 -0.043500  1.0488 -4.7196  0.402600            D   medium    row  61.0
2019-01-18 17:35:13.200 -0.050667 -1.009667 -0.042667  0.2318 -4.6220 -0.292800            D   medium    row  61.0
2019-01-18 17:35:13.400 -0.040000 -1.033000 -0.029500 -1.1218 -0.0366  1.219400            D   medium    row  61.0
2019-01-18 17:35:13.600 -0.044000 -1.029000 -0.044000 -0.6710 -4.4920  1.138333            D   medium    row  61.0

[1422 rows x 10 columns]
[ 2023-07-08 15:34:01,726] 126 root - INFO -                             acc_x     acc_y     acc_z   gyr_x   gyr_y     gyr_z participants category  label   set
epoch (ms)                                                                                                        
2019-01-19 17:12:14.400  0.051000  0.972000 -0.070000 -0.8660 -0.6464 -0.329200            E   medium  bench  69.0
2019-01-19 17:12:14.600  0.046000  0.970333 -0.072000 -0.2804 -2.4026  0.756200            E   medium  bench  69.0
2019-01-19 17:12:14.800  0.051500  0.980500 -0.062500 -0.5002 -2.0852  0.341400            E   medium  bench  69.0
2019-01-19 17:12:15.000  0.050000  0.971000 -0.059333  0.5002 -3.4878 -0.219600            E   medium  bench  69.0
2019-01-19 17:12:15.200  0.044000  0.983000 -0.052000 -0.2562 -2.0610  0.195200            E   medium  bench  69.0
...                           ...       ...       ...     ...     ...       ...          ...      ...    ...   ...
2019-01-19 17:35:12.800 -0.041000 -1.247000 -0.074667 -7.8172 -4.2558  6.731600            E   medium    row  91.0
2019-01-19 17:35:13.000 -0.039000 -1.037500 -0.043500  1.0488 -4.7196  0.402600            E   medium    row  91.0
2019-01-19 17:35:13.200 -0.050667 -1.009667 -0.042667  0.2318 -4.6220 -0.292800            E   medium    row  91.0
2019-01-19 17:35:13.400 -0.040000 -1.033000 -0.029500 -1.1218 -0.0366  1.219400            E   medium    row  91.0
2019-01-19 17:35:13.600 -0.044000 -1.029000 -0.044000 -0.6710 -4.4920  1.138333            E   medium    row  91.0

[1038 rows x 10 columns]
[ 2023-07-08 15:34:01,760] 126 root - INFO -                             acc_x     acc_y     acc_z   gyr_x   gyr_y   gyr_z participants category label   set
epoch (ms)                                                                                                     
2019-01-20 17:22:26.000  0.980667 -0.069333 -0.185667  0.5978 -1.3538  0.6100            E  sitting  rest  80.0
2019-01-20 17:22:26.200  0.985500 -0.067500 -0.185500  2.6710  2.1952  0.1952            E  sitting  rest  80.0
2019-01-20 17:22:26.400  0.980667 -0.069000 -0.171667  1.4634  1.8658  1.3294            E  sitting  rest  80.0
2019-01-20 17:22:26.600  0.991500 -0.070000 -0.157000  0.2440 -0.7074  0.3660            E  sitting  rest  80.0
2019-01-20 17:22:26.800  0.988333 -0.072667 -0.149000  2.6952  1.1708  0.4148            E  sitting  rest  80.0
...                           ...       ...       ...     ...     ...     ...          ...      ...   ...   ...
2019-01-20 17:33:27.000 -0.048000 -1.041500 -0.076500  1.4146 -5.6218  0.2926            E   medium   row  90.0
2019-01-20 17:33:27.200 -0.037000 -1.030333 -0.053333 -2.7684 -0.5854  2.2440            E   medium   row  90.0
2019-01-20 17:33:27.400 -0.060000 -1.031000 -0.082000  2.8416 -5.1342 -0.1220            E   medium   row  90.0
2019-01-20 17:33:27.600 -0.038667 -1.025667 -0.044667 -0.2318  0.2562  1.1220            E   medium   row  90.0
2019-01-20 17:33:27.800 -0.044000 -1.034000 -0.059000  1.0980 -4.0240  0.9760            E   medium   row  90.0

[574 rows x 10 columns]
[ 2023-07-08 15:34:01,776] 129 root - INFO - 9009
[ 2023-07-08 15:34:01,776] 130 root - INFO - Index(['acc_x', 'acc_y', 'acc_z', 'gyr_x', 'gyr_y', 'gyr_z', 'participants',
       'category', 'label', 'set'],
      dtype='object')
