[ 2023-07-04 13:28:06,150] 31 root - INFO - downloading artifacts/data.zip with the following info: 
 Server: GitHub.com
Date: Tue, 04 Jul 2023 12:27:33 GMT
Content-Type: text/html; charset=utf-8
Vary: X-PJAX, X-PJAX-Container, Turbo-Visit, Turbo-Frame, Accept-Encoding, Accept, X-Requested-With
ETag: W/"8d7969059cb1111e20e5bbec30f36e4f"
Cache-Control: max-age=0, private, must-revalidate
Strict-Transport-Security: max-age=31536000; includeSubdomains; preload
X-Frame-Options: deny
X-Content-Type-Options: nosniff
X-XSS-Protection: 0
Referrer-Policy: no-referrer-when-downgrade
Content-Security-Policy: default-src 'none'; base-uri 'self'; block-all-mixed-content; child-src github.com/assets-cdn/worker/ gist.github.com/assets-cdn/worker/; connect-src 'self' uploads.github.com objects-origin.githubusercontent.com www.githubstatus.com collector.github.com raw.githubusercontent.com api.github.com github-cloud.s3.amazonaws.com github-production-repository-file-5c1aeb.s3.amazonaws.com github-production-upload-manifest-file-7fdce7.s3.amazonaws.com github-production-user-asset-6210df.s3.amazonaws.com cdn.optimizely.com logx.optimizely.com/v1/events *.actions.githubusercontent.com productionresultssa0.blob.core.windows.net/ productionresultssa1.blob.core.windows.net/ productionresultssa2.blob.core.windows.net/ productionresultssa3.blob.core.windows.net/ productionresultssa4.blob.core.windows.net/ wss://*.actions.githubusercontent.com github-production-repository-image-32fea6.s3.amazonaws.com github-production-release-asset-2e65be.s3.amazonaws.com insights.github.com wss://alive.github.com; font-src github.githubassets.com; form-action 'self' github.com gist.github.com objects-origin.githubusercontent.com; frame-ancestors 'none'; frame-src viewscreen.githubusercontent.com notebooks.githubusercontent.com; img-src 'self' data: github.githubassets.com media.githubusercontent.com camo.githubusercontent.com identicons.github.com avatars.githubusercontent.com github-cloud.s3.amazonaws.com objects.githubusercontent.com objects-origin.githubusercontent.com secured-user-images.githubusercontent.com/ user-images.githubusercontent.com/ private-user-images.githubusercontent.com opengraph.githubassets.com github-production-user-asset-6210df.s3.amazonaws.com customer-stories-feed.github.com spotlights-feed.github.com *.githubusercontent.com; manifest-src 'self'; media-src github.com user-images.githubusercontent.com/ secured-user-images.githubusercontent.com/ private-user-images.githubusercontent.com; script-src github.githubassets.com; style-src 'unsafe-inline' github.githubassets.com; worker-src github.com/assets-cdn/worker/ gist.github.com/assets-cdn/worker/
Set-Cookie: _gh_sess=Ja68gqZ4W5cSvGqC3Tf0GMVW5rGbsAC1tdLiKrbnfMvylaR9zPtSK%2F%2BI3XP7EhxECUOXUJ80B2l6GmXEamrCD72VxWGoxQ0OdfnIKPsPkvIABKvvsqEKlrz86W2FCWW%2BPM5esX0mE4ENgviYwJHa99MpukTAlie2kIcomop%2BLNR0pOAxkyM1Toj8txXh6WplFFcq0OhSWa63RlVLNXv%2FdaWt1HGXlfn%2FlLF%2Bxwd1lIAEcsIZlk6F63ST8XKkySp3OGNoONB9PJ8WayjapWDXuw%3D%3D--9Fzsca40szloJz8%2F--FNMmNEND%2BIdujjRTZAvYVA%3D%3D; Path=/; HttpOnly; Secure; SameSite=Lax
Set-Cookie: _octo=GH1.1.1007315522.1688473653; Path=/; Domain=github.com; Expires=Thu, 04 Jul 2024 12:27:33 GMT; Secure; SameSite=Lax
Set-Cookie: logged_in=no; Path=/; Domain=github.com; Expires=Thu, 04 Jul 2024 12:27:33 GMT; HttpOnly; Secure; SameSite=Lax
Accept-Ranges: bytes
Transfer-Encoding: chunked
X-GitHub-Request-Id: F9D2:1142C:1E4DBE6F:1EC1AF6A:64A41033
connection: close


