[ 2023-07-08 15:11:36,367] 21 root - INFO - Initiating data ingestion
[ 2023-07-08 15:11:36,368] 35 root - INFO - this file already exist
[ 2023-07-08 15:11:36,368] 36 root - INFO - Unziping data
[ 2023-07-08 15:11:36,778] 40 root - INFO - Unzip completed
[ 2023-07-08 15:11:36,779] 24 root - INFO - initiating data_transformation
[ 2023-07-08 15:11:36,783] 28 root - INFO - The total number of files : 187
[ 2023-07-08 15:11:36,824] 44 root - INFO - 206
[ 2023-07-08 15:11:36,853] 44 root - INFO - 414
[ 2023-07-08 15:11:36,883] 44 root - INFO - 156
[ 2023-07-08 15:11:36,913] 44 root - INFO - 320
[ 2023-07-08 15:11:36,939] 44 root - INFO - 178
[ 2023-07-08 15:11:36,956] 44 root - INFO - 364
[ 2023-07-08 15:11:36,975] 44 root - INFO - 152
[ 2023-07-08 15:11:36,991] 44 root - INFO - 314
[ 2023-07-08 15:11:37,005] 44 root - INFO - 202
[ 2023-07-08 15:11:37,022] 44 root - INFO - 410
[ 2023-07-08 15:11:37,037] 44 root - INFO - 358
[ 2023-07-08 15:11:37,055] 44 root - INFO - 712
[ 2023-07-08 15:11:37,074] 44 root - INFO - 336
[ 2023-07-08 15:11:37,091] 44 root - INFO - 678
[ 2023-07-08 15:11:37,107] 44 root - INFO - 434
[ 2023-07-08 15:11:37,121] 44 root - INFO - 874
[ 2023-07-08 15:11:37,135] 44 root - INFO - 188
[ 2023-07-08 15:11:37,148] 44 root - INFO - 384
[ 2023-07-08 15:11:37,162] 44 root - INFO - 158
[ 2023-07-08 15:11:37,174] 44 root - INFO - 322
[ 2023-07-08 15:11:37,187] 44 root - INFO - 188
[ 2023-07-08 15:11:37,199] 44 root - INFO - 386
[ 2023-07-08 15:11:37,214] 44 root - INFO - 170
[ 2023-07-08 15:11:37,226] 44 root - INFO - 348
[ 2023-07-08 15:11:37,240] 44 root - INFO - 186
[ 2023-07-08 15:11:37,257] 44 root - INFO - 380
[ 2023-07-08 15:11:37,271] 44 root - INFO - 186
[ 2023-07-08 15:11:37,285] 44 root - INFO - 380
[ 2023-07-08 15:11:37,300] 44 root - INFO - 274
[ 2023-07-08 15:11:37,312] 44 root - INFO - 556
[ 2023-07-08 15:11:37,325] 44 root - INFO - 208
[ 2023-07-08 15:11:37,340] 44 root - INFO - 424
[ 2023-07-08 15:11:37,355] 44 root - INFO - 242
[ 2023-07-08 15:11:37,370] 44 root - INFO - 484
[ 2023-07-08 15:11:37,384] 44 root - INFO - 424
[ 2023-07-08 15:11:37,399] 44 root - INFO - 424
[ 2023-07-08 15:11:37,414] 44 root - INFO - 856
[ 2023-07-08 15:11:37,430] 44 root - INFO - 856
[ 2023-07-08 15:11:37,444] 44 root - INFO - 498
[ 2023-07-08 15:11:37,460] 44 root - INFO - 498
[ 2023-07-08 15:11:37,484] 44 root - INFO - 1002
[ 2023-07-08 15:11:37,503] 44 root - INFO - 1002
[ 2023-07-08 15:11:37,512] 44 root - INFO - 106
[ 2023-07-08 15:11:37,531] 44 root - INFO - 218
[ 2023-07-08 15:11:37,540] 44 root - INFO - 104
[ 2023-07-08 15:11:37,563] 44 root - INFO - 218
[ 2023-07-08 15:11:37,581] 44 root - INFO - 210
[ 2023-07-08 15:11:37,599] 44 root - INFO - 428
[ 2023-07-08 15:11:37,611] 44 root - INFO - 256
[ 2023-07-08 15:11:37,628] 44 root - INFO - 518
[ 2023-07-08 15:11:37,645] 44 root - INFO - 242
[ 2023-07-08 15:11:37,661] 44 root - INFO - 492
[ 2023-07-08 15:11:37,678] 44 root - INFO - 202
[ 2023-07-08 15:11:37,695] 44 root - INFO - 404
[ 2023-07-08 15:11:37,728] 44 root - INFO - 312
[ 2023-07-08 15:11:37,745] 44 root - INFO - 632
[ 2023-07-08 15:11:37,761] 44 root - INFO - 326
[ 2023-07-08 15:11:37,778] 44 root - INFO - 654
[ 2023-07-08 15:11:37,795] 44 root - INFO - 212
[ 2023-07-08 15:11:37,811] 44 root - INFO - 432
[ 2023-07-08 15:11:37,828] 44 root - INFO - 178
[ 2023-07-08 15:11:37,828] 44 root - INFO - 364
[ 2023-07-08 15:11:37,844] 44 root - INFO - 220
[ 2023-07-08 15:11:37,861] 44 root - INFO - 446
[ 2023-07-08 15:11:37,886] 44 root - INFO - 232
[ 2023-07-08 15:11:37,895] 44 root - INFO - 466
[ 2023-07-08 15:11:37,911] 44 root - INFO - 166
[ 2023-07-08 15:11:37,911] 44 root - INFO - 338
[ 2023-07-08 15:11:37,928] 44 root - INFO - 270
[ 2023-07-08 15:11:37,944] 44 root - INFO - 550
[ 2023-07-08 15:11:37,961] 44 root - INFO - 332
[ 2023-07-08 15:11:37,979] 44 root - INFO - 672
[ 2023-07-08 15:11:37,988] 44 root - INFO - 174
[ 2023-07-08 15:11:37,995] 44 root - INFO - 356
[ 2023-07-08 15:11:38,011] 44 root - INFO - 310
[ 2023-07-08 15:11:38,028] 44 root - INFO - 618
[ 2023-07-08 15:11:38,044] 44 root - INFO - 182
[ 2023-07-08 15:11:38,044] 44 root - INFO - 368
[ 2023-07-08 15:11:38,061] 44 root - INFO - 178
[ 2023-07-08 15:11:38,078] 44 root - INFO - 364
[ 2023-07-08 15:11:38,095] 44 root - INFO - 218
[ 2023-07-08 15:11:38,111] 44 root - INFO - 442
[ 2023-07-08 15:11:38,128] 44 root - INFO - 410
[ 2023-07-08 15:11:38,128] 44 root - INFO - 828
[ 2023-07-08 15:11:38,145] 44 root - INFO - 376
[ 2023-07-08 15:11:38,161] 44 root - INFO - 762
[ 2023-07-08 15:11:38,195] 44 root - INFO - 368
[ 2023-07-08 15:11:38,195] 44 root - INFO - 742
[ 2023-07-08 15:11:38,211] 44 root - INFO - 198
[ 2023-07-08 15:11:38,228] 44 root - INFO - 402
[ 2023-07-08 15:11:38,245] 44 root - INFO - 226
[ 2023-07-08 15:11:38,261] 44 root - INFO - 460
[ 2023-07-08 15:11:38,261] 44 root - INFO - 108
[ 2023-07-08 15:11:38,278] 44 root - INFO - 108
[ 2023-07-08 15:11:38,294] 44 root - INFO - 224
[ 2023-07-08 15:11:38,309] 44 root - INFO - 224
[ 2023-07-08 15:11:38,317] 44 root - INFO - 118
[ 2023-07-08 15:11:38,319] 44 root - INFO - 118
[ 2023-07-08 15:11:38,328] 44 root - INFO - 232
[ 2023-07-08 15:11:38,344] 44 root - INFO - 232
[ 2023-07-08 15:11:38,361] 44 root - INFO - 194
[ 2023-07-08 15:11:38,361] 44 root - INFO - 194
[ 2023-07-08 15:11:38,378] 44 root - INFO - 396
[ 2023-07-08 15:11:38,394] 44 root - INFO - 396
[ 2023-07-08 15:11:38,411] 44 root - INFO - 210
[ 2023-07-08 15:11:38,428] 44 root - INFO - 430
[ 2023-07-08 15:11:38,428] 44 root - INFO - 260
[ 2023-07-08 15:11:38,444] 44 root - INFO - 528
[ 2023-07-08 15:11:38,471] 44 root - INFO - 218
[ 2023-07-08 15:11:38,495] 44 root - INFO - 440
[ 2023-07-08 15:11:38,511] 44 root - INFO - 276
[ 2023-07-08 15:11:38,528] 44 root - INFO - 558
[ 2023-07-08 15:11:38,544] 44 root - INFO - 326
[ 2023-07-08 15:11:38,544] 44 root - INFO - 660
[ 2023-07-08 15:11:38,561] 44 root - INFO - 290
[ 2023-07-08 15:11:38,578] 44 root - INFO - 586
[ 2023-07-08 15:11:38,594] 44 root - INFO - 266
[ 2023-07-08 15:11:38,611] 44 root - INFO - 536
[ 2023-07-08 15:11:38,644] 44 root - INFO - 244
[ 2023-07-08 15:11:38,661] 44 root - INFO - 494
[ 2023-07-08 15:11:38,677] 44 root - INFO - 260
[ 2023-07-08 15:11:38,678] 44 root - INFO - 526
[ 2023-07-08 15:11:38,695] 44 root - INFO - 202
[ 2023-07-08 15:11:38,713] 44 root - INFO - 414
[ 2023-07-08 15:11:38,728] 44 root - INFO - 416
[ 2023-07-08 15:11:38,744] 44 root - INFO - 838
[ 2023-07-08 15:11:38,761] 44 root - INFO - 338
[ 2023-07-08 15:11:38,778] 44 root - INFO - 682
[ 2023-07-08 15:11:38,795] 44 root - INFO - 206
[ 2023-07-08 15:11:38,812] 44 root - INFO - 414
[ 2023-07-08 15:11:38,828] 44 root - INFO - 156
[ 2023-07-08 15:11:38,844] 44 root - INFO - 320
[ 2023-07-08 15:11:38,860] 44 root - INFO - 178
[ 2023-07-08 15:11:38,861] 44 root - INFO - 364
[ 2023-07-08 15:11:38,878] 44 root - INFO - 152
[ 2023-07-08 15:11:38,911] 44 root - INFO - 314
[ 2023-07-08 15:11:38,928] 44 root - INFO - 276
[ 2023-07-08 15:11:38,944] 44 root - INFO - 558
[ 2023-07-08 15:11:38,960] 44 root - INFO - 326
[ 2023-07-08 15:11:38,975] 44 root - INFO - 660
[ 2023-07-08 15:11:38,992] 44 root - INFO - 290
[ 2023-07-08 15:11:38,995] 44 root - INFO - 586
[ 2023-07-08 15:11:39,011] 44 root - INFO - 202
[ 2023-07-08 15:11:39,028] 44 root - INFO - 410
[ 2023-07-08 15:11:39,044] 44 root - INFO - 358
[ 2023-07-08 15:11:39,061] 44 root - INFO - 712
[ 2023-07-08 15:11:39,078] 44 root - INFO - 336
[ 2023-07-08 15:11:39,094] 44 root - INFO - 678
[ 2023-07-08 15:11:39,094] 44 root - INFO - 434
[ 2023-07-08 15:11:39,111] 44 root - INFO - 874
[ 2023-07-08 15:11:39,128] 44 root - INFO - 170
[ 2023-07-08 15:11:39,144] 44 root - INFO - 348
[ 2023-07-08 15:11:39,161] 44 root - INFO - 186
[ 2023-07-08 15:11:39,178] 44 root - INFO - 380
[ 2023-07-08 15:11:39,194] 44 root - INFO - 186
[ 2023-07-08 15:11:39,194] 44 root - INFO - 380
[ 2023-07-08 15:11:39,211] 44 root - INFO - 424
[ 2023-07-08 15:11:39,228] 44 root - INFO - 424
[ 2023-07-08 15:11:39,244] 44 root - INFO - 856
[ 2023-07-08 15:11:39,261] 44 root - INFO - 856
[ 2023-07-08 15:11:39,278] 44 root - INFO - 498
[ 2023-07-08 15:11:39,294] 44 root - INFO - 498
[ 2023-07-08 15:11:39,328] 44 root - INFO - 1002
[ 2023-07-08 15:11:39,344] 44 root - INFO - 1002
[ 2023-07-08 15:11:39,344] 44 root - INFO - 106
[ 2023-07-08 15:11:39,361] 44 root - INFO - 106
[ 2023-07-08 15:11:39,361] 44 root - INFO - 218
[ 2023-07-08 15:11:39,378] 44 root - INFO - 218
[ 2023-07-08 15:11:39,394] 44 root - INFO - 104
[ 2023-07-08 15:11:39,394] 44 root - INFO - 104
[ 2023-07-08 15:11:39,411] 44 root - INFO - 218
[ 2023-07-08 15:11:39,428] 44 root - INFO - 218
[ 2023-07-08 15:11:39,444] 44 root - INFO - 266
[ 2023-07-08 15:11:39,461] 44 root - INFO - 266
[ 2023-07-08 15:11:39,479] 44 root - INFO - 536
[ 2023-07-08 15:11:39,494] 44 root - INFO - 536
[ 2023-07-08 15:11:39,511] 44 root - INFO - 244
[ 2023-07-08 15:11:39,526] 44 root - INFO - 244
[ 2023-07-08 15:11:39,528] 44 root - INFO - 494
[ 2023-07-08 15:11:39,545] 44 root - INFO - 494
[ 2023-07-08 15:11:39,578] 44 root - INFO - 260
[ 2023-07-08 15:11:39,594] 44 root - INFO - 260
[ 2023-07-08 15:11:39,611] 44 root - INFO - 526
[ 2023-07-08 15:11:39,627] 44 root - INFO - 256
[ 2023-07-08 15:11:39,644] 44 root - INFO - 518
[ 2023-07-08 15:11:39,661] 44 root - INFO - 242
[ 2023-07-08 15:11:39,661] 44 root - INFO - 492
[ 2023-07-08 15:11:39,711] 67 root - INFO - created accelerometer and gyroscope dataframes
[ 2023-07-08 15:11:39,728] 76 root - INFO - 69677
[ 2023-07-08 15:11:39,728] 77 root - INFO - 1970-01-01 00:25:47.219284950
[ 2023-07-08 15:11:39,728] 78 root - INFO - 1970-01-01 00:25:48.005713702
[ 2023-07-08 15:11:39,745] 109 root - INFO - 1
[ 2023-07-08 15:11:39,761] 114 root - INFO -                             acc_x     acc_y     acc_z     gyr_x     gyr_y     gyr_z participants category label   set
epoch (ms)                                                                                                           
1970-01-01 00:25:47.200 -0.128235  0.645881  0.028304  0.982492 -1.958372  0.582183            E   medium  dead  73.0
1970-01-01 00:25:47.400  0.007189 -0.022303  0.098703  0.668892 -2.070911  0.779008            C   medium  dead  44.0
1970-01-01 00:25:47.600  0.088930 -0.543067  0.201999  0.939924 -2.036241  0.487862            E    heavy  dead  72.0
1970-01-01 00:25:47.800  0.199233 -0.073985  0.156728  0.692600 -1.671748  1.101360            E   medium   row  91.0
1970-01-01 00:25:48.000  0.273430 -0.748319  0.168288  0.641636 -1.519555  1.492413            E   medium   row  90.0
[ 2023-07-08 15:11:39,777] 117 root - INFO - 5
[ 2023-07-08 15:11:39,777] 118 root - INFO - Index(['acc_x', 'acc_y', 'acc_z', 'gyr_x', 'gyr_y', 'gyr_z', 'participants',
       'category', 'label', 'set'],
      dtype='object')
