[ 2023-07-08 15:26:52,696] 21 root - INFO - Initiating data ingestion
[ 2023-07-08 15:26:52,696] 35 root - INFO - this file already exist
[ 2023-07-08 15:26:52,696] 36 root - INFO - Unziping data
[ 2023-07-08 15:26:53,271] 40 root - INFO - Unzip completed
[ 2023-07-08 15:26:53,271] 24 root - INFO - initiating data_transformation
[ 2023-07-08 15:26:53,273] 28 root - INFO - The total number of files : 187
[ 2023-07-08 15:26:53,292] 49 root - INFO - 1
[ 2023-07-08 15:26:53,293] 50 root - INFO - 1970-01-01 00:25:47.219408431
[ 2023-07-08 15:26:53,295] 51 root - INFO - 1970-01-01 00:25:47.219424831
[ 2023-07-08 15:26:53,317] 49 root - INFO - 2
[ 2023-07-08 15:26:53,318] 50 root - INFO - 1970-01-01 00:25:47.219408351
[ 2023-07-08 15:26:53,319] 51 root - INFO - 1970-01-01 00:25:47.219424871
[ 2023-07-08 15:26:53,336] 49 root - INFO - 3
[ 2023-07-08 15:26:53,337] 50 root - INFO - 1970-01-01 00:25:47.472421400
[ 2023-07-08 15:26:53,338] 51 root - INFO - 1970-01-01 00:25:47.472433800
[ 2023-07-08 15:26:53,356] 49 root - INFO - 4
[ 2023-07-08 15:26:53,357] 50 root - INFO - 1970-01-01 00:25:47.472420993
[ 2023-07-08 15:26:53,358] 51 root - INFO - 1970-01-01 00:25:47.472433753
[ 2023-07-08 15:26:53,375] 49 root - INFO - 5
[ 2023-07-08 15:26:53,376] 50 root - INFO - 1970-01-01 00:25:47.219685680
[ 2023-07-08 15:26:53,378] 51 root - INFO - 1970-01-01 00:25:47.219699840
[ 2023-07-08 15:26:53,401] 49 root - INFO - 6
[ 2023-07-08 15:26:53,402] 50 root - INFO - 1970-01-01 00:25:47.219685355
[ 2023-07-08 15:26:53,403] 51 root - INFO - 1970-01-01 00:25:47.219699875
[ 2023-07-08 15:26:53,420] 49 root - INFO - 7
[ 2023-07-08 15:26:53,421] 50 root - INFO - 1970-01-01 00:25:47.472169751
[ 2023-07-08 15:26:53,422] 51 root - INFO - 1970-01-01 00:25:47.472181831
[ 2023-07-08 15:26:53,439] 49 root - INFO - 8
[ 2023-07-08 15:26:53,440] 50 root - INFO - 1970-01-01 00:25:47.472169353
[ 2023-07-08 15:26:53,440] 51 root - INFO - 1970-01-01 00:25:47.472181873
[ 2023-07-08 15:26:53,456] 49 root - INFO - 9
[ 2023-07-08 15:26:53,457] 50 root - INFO - 1970-01-01 00:25:47.580927652
[ 2023-07-08 15:26:53,458] 51 root - INFO - 1970-01-01 00:25:47.580943732
[ 2023-07-08 15:26:53,474] 49 root - INFO - 10
[ 2023-07-08 15:26:53,475] 50 root - INFO - 1970-01-01 00:25:47.580927366
[ 2023-07-08 15:26:53,476] 51 root - INFO - 1970-01-01 00:25:47.580943726
[ 2023-07-08 15:26:53,490] 49 root - INFO - 11
[ 2023-07-08 15:26:53,491] 50 root - INFO - 1970-01-01 00:25:47.223864873
[ 2023-07-08 15:26:53,492] 51 root - INFO - 1970-01-01 00:25:47.223895833
[ 2023-07-08 15:26:53,511] 49 root - INFO - 12
[ 2023-07-08 15:26:53,515] 50 root - INFO - 1970-01-01 00:25:47.223864906
[ 2023-07-08 15:26:53,517] 51 root - INFO - 1970-01-01 00:25:47.223895786
[ 2023-07-08 15:26:53,536] 49 root - INFO - 13
[ 2023-07-08 15:26:53,537] 50 root - INFO - 1970-01-01 00:25:47.580386798
[ 2023-07-08 15:26:53,538] 51 root - INFO - 1970-01-01 00:25:47.580413598
[ 2023-07-08 15:26:53,552] 49 root - INFO - 14
[ 2023-07-08 15:26:53,553] 50 root - INFO - 1970-01-01 00:25:47.580386525
[ 2023-07-08 15:26:53,554] 51 root - INFO - 1970-01-01 00:25:47.580413605
[ 2023-07-08 15:26:53,568] 49 root - INFO - 15
[ 2023-07-08 15:26:53,569] 50 root - INFO - 1970-01-01 00:25:47.580635127
[ 2023-07-08 15:26:53,570] 51 root - INFO - 1970-01-01 00:25:47.580669767
[ 2023-07-08 15:26:53,583] 49 root - INFO - 16
[ 2023-07-08 15:26:53,584] 50 root - INFO - 1970-01-01 00:25:47.580634809
[ 2023-07-08 15:26:53,585] 51 root - INFO - 1970-01-01 00:25:47.580669729
[ 2023-07-08 15:26:53,598] 49 root - INFO - 17
[ 2023-07-08 15:26:53,599] 50 root - INFO - 1970-01-01 00:25:47.221135055
[ 2023-07-08 15:26:53,599] 51 root - INFO - 1970-01-01 00:25:47.221150015
[ 2023-07-08 15:26:53,611] 49 root - INFO - 18
[ 2023-07-08 15:26:53,616] 50 root - INFO - 1970-01-01 00:25:47.221134768
[ 2023-07-08 15:26:53,616] 51 root - INFO - 1970-01-01 00:25:47.221150088
[ 2023-07-08 15:26:53,633] 49 root - INFO - 19
[ 2023-07-08 15:26:53,633] 50 root - INFO - 1970-01-01 00:25:47.221285010
[ 2023-07-08 15:26:53,634] 51 root - INFO - 1970-01-01 00:25:47.221297570
[ 2023-07-08 15:26:53,648] 49 root - INFO - 20
[ 2023-07-08 15:26:53,649] 50 root - INFO - 1970-01-01 00:25:47.221284650
[ 2023-07-08 15:26:53,649] 51 root - INFO - 1970-01-01 00:25:47.221297490
[ 2023-07-08 15:26:53,660] 49 root - INFO - 21
[ 2023-07-08 15:26:53,661] 50 root - INFO - 1970-01-01 00:25:47.221441391
[ 2023-07-08 15:26:53,662] 51 root - INFO - 1970-01-01 00:25:47.221456351
[ 2023-07-08 15:26:53,676] 49 root - INFO - 22
[ 2023-07-08 15:26:53,677] 50 root - INFO - 1970-01-01 00:25:47.221440995
[ 2023-07-08 15:26:53,678] 51 root - INFO - 1970-01-01 00:25:47.221456395
[ 2023-07-08 15:26:53,692] 49 root - INFO - 23
[ 2023-07-08 15:26:53,692] 50 root - INFO - 1970-01-01 00:25:47.473786995
[ 2023-07-08 15:26:53,693] 51 root - INFO - 1970-01-01 00:25:47.473800515
[ 2023-07-08 15:26:53,707] 49 root - INFO - 24
[ 2023-07-08 15:26:53,707] 50 root - INFO - 1970-01-01 00:25:47.473786675
[ 2023-07-08 15:26:53,708] 51 root - INFO - 1970-01-01 00:25:47.473800555
[ 2023-07-08 15:26:53,721] 49 root - INFO - 25
[ 2023-07-08 15:26:53,722] 50 root - INFO - 1970-01-01 00:25:47.473986863
[ 2023-07-08 15:26:53,723] 51 root - INFO - 1970-01-01 00:25:47.474001663
[ 2023-07-08 15:26:53,736] 49 root - INFO - 26
[ 2023-07-08 15:26:53,737] 50 root - INFO - 1970-01-01 00:25:47.473986457
[ 2023-07-08 15:26:53,738] 51 root - INFO - 1970-01-01 00:25:47.474001617
[ 2023-07-08 15:26:53,751] 49 root - INFO - 27
[ 2023-07-08 15:26:53,751] 50 root - INFO - 1970-01-01 00:25:47.474142767
[ 2023-07-08 15:26:53,752] 51 root - INFO - 1970-01-01 00:25:47.474157567
[ 2023-07-08 15:26:53,765] 49 root - INFO - 28
[ 2023-07-08 15:26:53,767] 50 root - INFO - 1970-01-01 00:25:47.474142440
[ 2023-07-08 15:26:53,767] 51 root - INFO - 1970-01-01 00:25:47.474157600
[ 2023-07-08 15:26:53,779] 49 root - INFO - 29
[ 2023-07-08 15:26:53,779] 50 root - INFO - 1970-01-01 00:25:47.222033950
[ 2023-07-08 15:26:53,779] 51 root - INFO - 1970-01-01 00:25:47.222055790
[ 2023-07-08 15:26:53,779] 49 root - INFO - 30
[ 2023-07-08 15:26:53,779] 50 root - INFO - 1970-01-01 00:25:47.222033555
[ 2023-07-08 15:26:53,779] 51 root - INFO - 1970-01-01 00:25:47.222055755
[ 2023-07-08 15:26:53,796] 49 root - INFO - 31
[ 2023-07-08 15:26:53,796] 50 root - INFO - 1970-01-01 00:25:47.222250623
[ 2023-07-08 15:26:53,796] 51 root - INFO - 1970-01-01 00:25:47.222270623
[ 2023-07-08 15:26:53,812] 49 root - INFO - 32
[ 2023-07-08 15:26:53,812] 50 root - INFO - 1970-01-01 00:25:47.222250295
[ 2023-07-08 15:26:53,812] 51 root - INFO - 1970-01-01 00:25:47.222270655
[ 2023-07-08 15:26:53,829] 49 root - INFO - 33
[ 2023-07-08 15:26:53,829] 50 root - INFO - 1970-01-01 00:25:47.222449915
[ 2023-07-08 15:26:53,829] 51 root - INFO - 1970-01-01 00:25:47.222469195
[ 2023-07-08 15:26:53,850] 49 root - INFO - 34
[ 2023-07-08 15:26:53,851] 50 root - INFO - 1970-01-01 00:25:47.222449827
[ 2023-07-08 15:26:53,851] 51 root - INFO - 1970-01-01 00:25:47.222469147
[ 2023-07-08 15:26:53,863] 49 root - INFO - 35
[ 2023-07-08 15:26:53,863] 50 root - INFO - 1970-01-01 00:25:47.832146029
[ 2023-07-08 15:26:53,863] 51 root - INFO - 1970-01-01 00:25:47.832179869
[ 2023-07-08 15:26:53,879] 49 root - INFO - 36
[ 2023-07-08 15:26:53,879] 50 root - INFO - 1970-01-01 00:25:47.918546030
[ 2023-07-08 15:26:53,879] 51 root - INFO - 1970-01-01 00:25:47.918579870
[ 2023-07-08 15:26:53,896] 49 root - INFO - 37
[ 2023-07-08 15:26:53,896] 50 root - INFO - 1970-01-01 00:25:47.832145755
[ 2023-07-08 15:26:53,896] 51 root - INFO - 1970-01-01 00:25:47.832179955
[ 2023-07-08 15:26:53,928] 49 root - INFO - 38
[ 2023-07-08 15:26:53,929] 50 root - INFO - 1970-01-01 00:25:47.918545756
[ 2023-07-08 15:26:53,929] 51 root - INFO - 1970-01-01 00:25:47.918579956
[ 2023-07-08 15:26:53,946] 49 root - INFO - 39
[ 2023-07-08 15:26:53,946] 50 root - INFO - 1970-01-01 00:25:47.832339908
[ 2023-07-08 15:26:53,946] 51 root - INFO - 1970-01-01 00:25:47.832379668
[ 2023-07-08 15:26:53,962] 49 root - INFO - 40
[ 2023-07-08 15:26:53,962] 50 root - INFO - 1970-01-01 00:25:47.918739909
[ 2023-07-08 15:26:53,962] 51 root - INFO - 1970-01-01 00:25:47.918779669
[ 2023-07-08 15:26:53,996] 49 root - INFO - 41
[ 2023-07-08 15:26:53,996] 50 root - INFO - 1970-01-01 00:25:47.832339578
[ 2023-07-08 15:26:53,996] 51 root - INFO - 1970-01-01 00:25:47.832379618
[ 2023-07-08 15:26:54,012] 49 root - INFO - 42
[ 2023-07-08 15:26:54,012] 50 root - INFO - 1970-01-01 00:25:47.918739579
[ 2023-07-08 15:26:54,012] 51 root - INFO - 1970-01-01 00:25:47.918779619
[ 2023-07-08 15:26:54,029] 49 root - INFO - 43
[ 2023-07-08 15:26:54,029] 50 root - INFO - 1970-01-01 00:25:47.474646637
[ 2023-07-08 15:26:54,029] 51 root - INFO - 1970-01-01 00:25:47.474655037
[ 2023-07-08 15:26:54,046] 49 root - INFO - 44
[ 2023-07-08 15:26:54,046] 50 root - INFO - 1970-01-01 00:25:47.474646331
[ 2023-07-08 15:26:54,046] 51 root - INFO - 1970-01-01 00:25:47.474655011
[ 2023-07-08 15:26:54,062] 49 root - INFO - 45
[ 2023-07-08 15:26:54,062] 50 root - INFO - 1970-01-01 00:25:47.474810862
[ 2023-07-08 15:26:54,062] 51 root - INFO - 1970-01-01 00:25:47.474819102
[ 2023-07-08 15:26:54,079] 49 root - INFO - 46
[ 2023-07-08 15:26:54,079] 50 root - INFO - 1970-01-01 00:25:47.474810465
[ 2023-07-08 15:26:54,079] 51 root - INFO - 1970-01-01 00:25:47.474819145
[ 2023-07-08 15:26:54,096] 49 root - INFO - 47
[ 2023-07-08 15:26:54,096] 50 root - INFO - 1970-01-01 00:25:47.579049161
[ 2023-07-08 15:26:54,096] 51 root - INFO - 1970-01-01 00:25:47.579065881
[ 2023-07-08 15:26:54,112] 49 root - INFO - 48
[ 2023-07-08 15:26:54,112] 50 root - INFO - 1970-01-01 00:25:47.579048841
[ 2023-07-08 15:26:54,112] 51 root - INFO - 1970-01-01 00:25:47.579065921
[ 2023-07-08 15:26:54,146] 49 root - INFO - 49
[ 2023-07-08 15:26:54,146] 50 root - INFO - 1970-01-01 00:25:47.579347371
[ 2023-07-08 15:26:54,146] 51 root - INFO - 1970-01-01 00:25:47.579367771
[ 2023-07-08 15:26:54,146] 49 root - INFO - 50
[ 2023-07-08 15:26:54,146] 50 root - INFO - 1970-01-01 00:25:47.579347087
[ 2023-07-08 15:26:54,161] 51 root - INFO - 1970-01-01 00:25:47.579367767
[ 2023-07-08 15:26:54,162] 49 root - INFO - 51
[ 2023-07-08 15:26:54,162] 50 root - INFO - 1970-01-01 00:25:47.579644129
[ 2023-07-08 15:26:54,162] 51 root - INFO - 1970-01-01 00:25:47.579663409
[ 2023-07-08 15:26:54,179] 49 root - INFO - 52
[ 2023-07-08 15:26:54,179] 50 root - INFO - 1970-01-01 00:25:47.579643834
[ 2023-07-08 15:26:54,179] 51 root - INFO - 1970-01-01 00:25:47.579663474
[ 2023-07-08 15:26:54,196] 49 root - INFO - 53
[ 2023-07-08 15:26:54,196] 50 root - INFO - 1970-01-01 00:25:47.222744630
[ 2023-07-08 15:26:54,196] 51 root - INFO - 1970-01-01 00:25:47.222760710
[ 2023-07-08 15:26:54,212] 49 root - INFO - 54
[ 2023-07-08 15:26:54,212] 50 root - INFO - 1970-01-01 00:25:47.222744554
[ 2023-07-08 15:26:54,212] 51 root - INFO - 1970-01-01 00:25:47.222760674
[ 2023-07-08 15:26:54,229] 49 root - INFO - 55
[ 2023-07-08 15:26:54,229] 50 root - INFO - 1970-01-01 00:25:47.223435978
[ 2023-07-08 15:26:54,229] 51 root - INFO - 1970-01-01 00:25:47.223460858
[ 2023-07-08 15:26:54,229] 49 root - INFO - 56
[ 2023-07-08 15:26:54,245] 50 root - INFO - 1970-01-01 00:25:47.223435659
[ 2023-07-08 15:26:54,246] 51 root - INFO - 1970-01-01 00:25:47.223460899
[ 2023-07-08 15:26:54,246] 49 root - INFO - 57
[ 2023-07-08 15:26:54,246] 50 root - INFO - 1970-01-01 00:25:47.223575024
[ 2023-07-08 15:26:54,246] 51 root - INFO - 1970-01-01 00:25:47.223601024
[ 2023-07-08 15:26:54,262] 49 root - INFO - 58
[ 2023-07-08 15:26:54,262] 50 root - INFO - 1970-01-01 00:25:47.223574957
[ 2023-07-08 15:26:54,262] 51 root - INFO - 1970-01-01 00:25:47.223601077
[ 2023-07-08 15:26:54,279] 49 root - INFO - 59
[ 2023-07-08 15:26:54,279] 50 root - INFO - 1970-01-01 00:25:47.219285314
[ 2023-07-08 15:26:54,279] 51 root - INFO - 1970-01-01 00:25:47.219302194
[ 2023-07-08 15:26:54,296] 49 root - INFO - 60
[ 2023-07-08 15:26:54,296] 50 root - INFO - 1970-01-01 00:25:47.219284950
[ 2023-07-08 15:26:54,296] 51 root - INFO - 1970-01-01 00:25:47.219302190
[ 2023-07-08 15:26:54,312] 49 root - INFO - 61
[ 2023-07-08 15:26:54,312] 50 root - INFO - 1970-01-01 00:25:47.219525287
[ 2023-07-08 15:26:54,312] 51 root - INFO - 1970-01-01 00:25:47.219539447
[ 2023-07-08 15:26:54,312] 49 root - INFO - 62
[ 2023-07-08 15:26:54,312] 50 root - INFO - 1970-01-01 00:25:47.219524981
[ 2023-07-08 15:26:54,312] 51 root - INFO - 1970-01-01 00:25:47.219539501
[ 2023-07-08 15:26:54,329] 49 root - INFO - 63
[ 2023-07-08 15:26:54,329] 50 root - INFO - 1970-01-01 00:25:47.221208421
[ 2023-07-08 15:26:54,329] 51 root - INFO - 1970-01-01 00:25:47.221225941
[ 2023-07-08 15:26:54,354] 49 root - INFO - 64
[ 2023-07-08 15:26:54,355] 50 root - INFO - 1970-01-01 00:25:47.221208106
[ 2023-07-08 15:26:54,356] 51 root - INFO - 1970-01-01 00:25:47.221225906
[ 2023-07-08 15:26:54,362] 49 root - INFO - 65
[ 2023-07-08 15:26:54,362] 50 root - INFO - 1970-01-01 00:25:47.221363566
[ 2023-07-08 15:26:54,362] 51 root - INFO - 1970-01-01 00:25:47.221382046
[ 2023-07-08 15:26:54,379] 49 root - INFO - 66
[ 2023-07-08 15:26:54,379] 50 root - INFO - 1970-01-01 00:25:47.221363444
[ 2023-07-08 15:26:54,379] 51 root - INFO - 1970-01-01 00:25:47.221382044
[ 2023-07-08 15:26:54,397] 49 root - INFO - 67
[ 2023-07-08 15:26:54,397] 50 root - INFO - 1970-01-01 00:25:47.221556169
[ 2023-07-08 15:26:54,397] 51 root - INFO - 1970-01-01 00:25:47.221569369
[ 2023-07-08 15:26:54,397] 49 root - INFO - 68
[ 2023-07-08 15:26:54,397] 50 root - INFO - 1970-01-01 00:25:47.221555883
[ 2023-07-08 15:26:54,412] 51 root - INFO - 1970-01-01 00:25:47.221569363
[ 2023-07-08 15:26:54,412] 49 root - INFO - 69
[ 2023-07-08 15:26:54,412] 50 root - INFO - 1970-01-01 00:25:47.221734916
[ 2023-07-08 15:26:54,412] 51 root - INFO - 1970-01-01 00:25:47.221756436
[ 2023-07-08 15:26:54,429] 49 root - INFO - 70
[ 2023-07-08 15:26:54,429] 50 root - INFO - 1970-01-01 00:25:47.221734474
[ 2023-07-08 15:26:54,429] 51 root - INFO - 1970-01-01 00:25:47.221756434
[ 2023-07-08 15:26:54,446] 49 root - INFO - 71
[ 2023-07-08 15:26:54,446] 50 root - INFO - 1970-01-01 00:25:47.222153763
[ 2023-07-08 15:26:54,446] 51 root - INFO - 1970-01-01 00:25:47.222180243
[ 2023-07-08 15:26:54,462] 49 root - INFO - 72
[ 2023-07-08 15:26:54,462] 50 root - INFO - 1970-01-01 00:25:47.222153322
[ 2023-07-08 15:26:54,462] 51 root - INFO - 1970-01-01 00:25:47.222180162
[ 2023-07-08 15:26:54,479] 49 root - INFO - 73
[ 2023-07-08 15:26:54,479] 50 root - INFO - 1970-01-01 00:25:47.222368731
[ 2023-07-08 15:26:54,479] 51 root - INFO - 1970-01-01 00:25:47.222382571
[ 2023-07-08 15:26:54,479] 49 root - INFO - 74
[ 2023-07-08 15:26:54,479] 50 root - INFO - 1970-01-01 00:25:47.222368370
[ 2023-07-08 15:26:54,479] 51 root - INFO - 1970-01-01 00:25:47.222382570
[ 2023-07-08 15:26:54,496] 49 root - INFO - 75
[ 2023-07-08 15:26:54,496] 50 root - INFO - 1970-01-01 00:25:47.222972746
[ 2023-07-08 15:26:54,496] 51 root - INFO - 1970-01-01 00:25:47.222997466
[ 2023-07-08 15:26:54,512] 49 root - INFO - 76
[ 2023-07-08 15:26:54,512] 50 root - INFO - 1970-01-01 00:25:47.222972748
[ 2023-07-08 15:26:54,512] 51 root - INFO - 1970-01-01 00:25:47.222997428
[ 2023-07-08 15:26:54,529] 49 root - INFO - 77
[ 2023-07-08 15:26:54,529] 50 root - INFO - 1970-01-01 00:25:47.472577885
[ 2023-07-08 15:26:54,529] 51 root - INFO - 1970-01-01 00:25:47.472592365
[ 2023-07-08 15:26:54,546] 49 root - INFO - 78
[ 2023-07-08 15:26:54,546] 50 root - INFO - 1970-01-01 00:25:47.472577648
[ 2023-07-08 15:26:54,546] 51 root - INFO - 1970-01-01 00:25:47.472592328
[ 2023-07-08 15:26:54,562] 49 root - INFO - 79
[ 2023-07-08 15:26:54,562] 50 root - INFO - 1970-01-01 00:25:47.472731998
[ 2023-07-08 15:26:54,562] 51 root - INFO - 1970-01-01 00:25:47.472746158
[ 2023-07-08 15:26:54,562] 49 root - INFO - 80
[ 2023-07-08 15:26:54,562] 50 root - INFO - 1970-01-01 00:25:47.472731590
[ 2023-07-08 15:26:54,562] 51 root - INFO - 1970-01-01 00:25:47.472746110
[ 2023-07-08 15:26:54,579] 49 root - INFO - 81
[ 2023-07-08 15:26:54,579] 50 root - INFO - 1970-01-01 00:25:47.473887607
[ 2023-07-08 15:26:54,579] 51 root - INFO - 1970-01-01 00:25:47.473904967
[ 2023-07-08 15:26:54,596] 49 root - INFO - 82
[ 2023-07-08 15:26:54,596] 50 root - INFO - 1970-01-01 00:25:47.473887323
[ 2023-07-08 15:26:54,596] 51 root - INFO - 1970-01-01 00:25:47.473904963
[ 2023-07-08 15:26:54,612] 49 root - INFO - 83
[ 2023-07-08 15:26:54,612] 50 root - INFO - 1970-01-01 00:25:47.580495831
[ 2023-07-08 15:26:54,612] 51 root - INFO - 1970-01-01 00:25:47.580528551
[ 2023-07-08 15:26:54,629] 49 root - INFO - 84
[ 2023-07-08 15:26:54,629] 50 root - INFO - 1970-01-01 00:25:47.580495467
[ 2023-07-08 15:26:54,629] 51 root - INFO - 1970-01-01 00:25:47.580528547
[ 2023-07-08 15:26:54,645] 49 root - INFO - 85
[ 2023-07-08 15:26:54,646] 50 root - INFO - 1970-01-01 00:25:47.580752726
[ 2023-07-08 15:26:54,646] 51 root - INFO - 1970-01-01 00:25:47.580782726
[ 2023-07-08 15:26:54,646] 49 root - INFO - 86
[ 2023-07-08 15:26:54,646] 50 root - INFO - 1970-01-01 00:25:47.580752315
[ 2023-07-08 15:26:54,661] 51 root - INFO - 1970-01-01 00:25:47.580782755
[ 2023-07-08 15:26:54,685] 49 root - INFO - 87
[ 2023-07-08 15:26:54,686] 50 root - INFO - 1970-01-01 00:25:47.581038295
[ 2023-07-08 15:26:54,686] 51 root - INFO - 1970-01-01 00:25:47.581067655
[ 2023-07-08 15:26:54,696] 49 root - INFO - 88
[ 2023-07-08 15:26:54,696] 50 root - INFO - 1970-01-01 00:25:47.581038012
[ 2023-07-08 15:26:54,696] 51 root - INFO - 1970-01-01 00:25:47.581067652
[ 2023-07-08 15:26:54,712] 49 root - INFO - 89
[ 2023-07-08 15:26:54,712] 50 root - INFO - 1970-01-01 00:25:47.474074877
[ 2023-07-08 15:26:54,712] 51 root - INFO - 1970-01-01 00:25:47.474090637
[ 2023-07-08 15:26:54,729] 49 root - INFO - 90
[ 2023-07-08 15:26:54,729] 50 root - INFO - 1970-01-01 00:25:47.474074516
[ 2023-07-08 15:26:54,729] 51 root - INFO - 1970-01-01 00:25:47.474090556
[ 2023-07-08 15:26:54,729] 49 root - INFO - 91
[ 2023-07-08 15:26:54,729] 50 root - INFO - 1970-01-01 00:25:47.474247302
[ 2023-07-08 15:26:54,745] 51 root - INFO - 1970-01-01 00:25:47.474265302
[ 2023-07-08 15:26:54,746] 49 root - INFO - 92
[ 2023-07-08 15:26:54,746] 50 root - INFO - 1970-01-01 00:25:47.474246896
[ 2023-07-08 15:26:54,746] 51 root - INFO - 1970-01-01 00:25:47.474265256
[ 2023-07-08 15:26:54,762] 49 root - INFO - 93
[ 2023-07-08 15:26:54,762] 50 root - INFO - 1970-01-01 00:25:47.474737530
[ 2023-07-08 15:26:54,762] 51 root - INFO - 1970-01-01 00:25:47.474746090
[ 2023-07-08 15:26:54,762] 49 root - INFO - 94
[ 2023-07-08 15:26:54,762] 50 root - INFO - 1970-01-01 00:25:47.561137531
[ 2023-07-08 15:26:54,762] 51 root - INFO - 1970-01-01 00:25:47.561146091
[ 2023-07-08 15:26:54,779] 49 root - INFO - 95
[ 2023-07-08 15:26:54,779] 50 root - INFO - 1970-01-01 00:25:47.474737167
[ 2023-07-08 15:26:54,779] 51 root - INFO - 1970-01-01 00:25:47.474746087
[ 2023-07-08 15:26:54,796] 49 root - INFO - 96
[ 2023-07-08 15:26:54,796] 50 root - INFO - 1970-01-01 00:25:47.561137168
[ 2023-07-08 15:26:54,796] 51 root - INFO - 1970-01-01 00:25:47.561146088
[ 2023-07-08 15:26:54,796] 49 root - INFO - 97
[ 2023-07-08 15:26:54,796] 50 root - INFO - 1970-01-01 00:25:47.474930149
[ 2023-07-08 15:26:54,796] 51 root - INFO - 1970-01-01 00:25:47.474939509
[ 2023-07-08 15:26:54,812] 49 root - INFO - 98
[ 2023-07-08 15:26:54,812] 50 root - INFO - 1970-01-01 00:25:47.561330150
[ 2023-07-08 15:26:54,812] 51 root - INFO - 1970-01-01 00:25:47.561339510
[ 2023-07-08 15:26:54,812] 49 root - INFO - 99
[ 2023-07-08 15:26:54,812] 50 root - INFO - 1970-01-01 00:25:47.474930152
[ 2023-07-08 15:26:54,812] 51 root - INFO - 1970-01-01 00:25:47.474939392
[ 2023-07-08 15:26:54,829] 49 root - INFO - 100
[ 2023-07-08 15:26:54,829] 50 root - INFO - 1970-01-01 00:25:47.561330153
[ 2023-07-08 15:26:54,829] 51 root - INFO - 1970-01-01 00:25:47.561339393
[ 2023-07-08 15:26:54,854] 49 root - INFO - 101
[ 2023-07-08 15:26:54,856] 50 root - INFO - 1970-01-01 00:25:47.474500179
[ 2023-07-08 15:26:54,856] 51 root - INFO - 1970-01-01 00:25:47.474515619
[ 2023-07-08 15:26:54,863] 49 root - INFO - 102
[ 2023-07-08 15:26:54,863] 50 root - INFO - 1970-01-01 00:25:47.560900180
[ 2023-07-08 15:26:54,863] 51 root - INFO - 1970-01-01 00:25:47.560915620
[ 2023-07-08 15:26:54,880] 49 root - INFO - 103
[ 2023-07-08 15:26:54,880] 50 root - INFO - 1970-01-01 00:25:47.474499893
[ 2023-07-08 15:26:54,880] 51 root - INFO - 1970-01-01 00:25:47.474515693
[ 2023-07-08 15:26:54,899] 49 root - INFO - 104
[ 2023-07-08 15:26:54,899] 50 root - INFO - 1970-01-01 00:25:47.560899894
[ 2023-07-08 15:26:54,899] 51 root - INFO - 1970-01-01 00:25:47.560915694
[ 2023-07-08 15:26:54,913] 49 root - INFO - 105
[ 2023-07-08 15:26:54,913] 50 root - INFO - 1970-01-01 00:25:47.579191816
[ 2023-07-08 15:26:54,913] 51 root - INFO - 1970-01-01 00:25:47.579208536
[ 2023-07-08 15:26:54,929] 49 root - INFO - 106
[ 2023-07-08 15:26:54,929] 50 root - INFO - 1970-01-01 00:25:47.579191455
[ 2023-07-08 15:26:54,929] 51 root - INFO - 1970-01-01 00:25:47.579208615
[ 2023-07-08 15:26:54,946] 49 root - INFO - 107
[ 2023-07-08 15:26:54,946] 50 root - INFO - 1970-01-01 00:25:47.579516160
[ 2023-07-08 15:26:54,946] 51 root - INFO - 1970-01-01 00:25:47.579536880
[ 2023-07-08 15:26:54,962] 49 root - INFO - 108
[ 2023-07-08 15:26:54,962] 50 root - INFO - 1970-01-01 00:25:47.579515834
[ 2023-07-08 15:26:54,962] 51 root - INFO - 1970-01-01 00:25:47.579536914
[ 2023-07-08 15:26:54,979] 49 root - INFO - 109
[ 2023-07-08 15:26:54,979] 50 root - INFO - 1970-01-01 00:25:47.579848312
[ 2023-07-08 15:26:54,979] 51 root - INFO - 1970-01-01 00:25:47.579865672
[ 2023-07-08 15:26:55,012] 49 root - INFO - 110
[ 2023-07-08 15:26:55,012] 50 root - INFO - 1970-01-01 00:25:47.579848028
[ 2023-07-08 15:26:55,012] 51 root - INFO - 1970-01-01 00:25:47.579865588
[ 2023-07-08 15:26:55,029] 49 root - INFO - 111
[ 2023-07-08 15:26:55,029] 50 root - INFO - 1970-01-01 00:25:47.831534525
[ 2023-07-08 15:26:55,029] 51 root - INFO - 1970-01-01 00:25:47.831558525
[ 2023-07-08 15:26:55,046] 49 root - INFO - 112
[ 2023-07-08 15:26:55,046] 50 root - INFO - 1970-01-01 00:25:47.831534175
[ 2023-07-08 15:26:55,046] 51 root - INFO - 1970-01-01 00:25:47.831558455
[ 2023-07-08 15:26:55,062] 49 root - INFO - 113
[ 2023-07-08 15:26:55,062] 50 root - INFO - 1970-01-01 00:25:47.832089610
[ 2023-07-08 15:26:55,062] 51 root - INFO - 1970-01-01 00:25:47.832115610
[ 2023-07-08 15:26:55,078] 49 root - INFO - 114
[ 2023-07-08 15:26:55,079] 50 root - INFO - 1970-01-01 00:25:47.832089247
[ 2023-07-08 15:26:55,079] 51 root - INFO - 1970-01-01 00:25:47.832115607
[ 2023-07-08 15:26:55,079] 49 root - INFO - 115
[ 2023-07-08 15:26:55,096] 50 root - INFO - 1970-01-01 00:25:47.832259568
[ 2023-07-08 15:26:55,096] 51 root - INFO - 1970-01-01 00:25:47.832282688
[ 2023-07-08 15:26:55,096] 49 root - INFO - 116
[ 2023-07-08 15:26:55,096] 50 root - INFO - 1970-01-01 00:25:47.832259295
[ 2023-07-08 15:26:55,096] 51 root - INFO - 1970-01-01 00:25:47.832282695
[ 2023-07-08 15:26:55,129] 49 root - INFO - 117
[ 2023-07-08 15:26:55,129] 50 root - INFO - 1970-01-01 00:25:47.832649220
[ 2023-07-08 15:26:55,129] 51 root - INFO - 1970-01-01 00:25:47.832670420
[ 2023-07-08 15:26:55,146] 49 root - INFO - 118
[ 2023-07-08 15:26:55,146] 50 root - INFO - 1970-01-01 00:25:47.832648985
[ 2023-07-08 15:26:55,146] 51 root - INFO - 1970-01-01 00:25:47.832670385
[ 2023-07-08 15:26:55,162] 49 root - INFO - 119
[ 2023-07-08 15:26:55,162] 50 root - INFO - 1970-01-01 00:25:47.832788416
[ 2023-07-08 15:26:55,162] 51 root - INFO - 1970-01-01 00:25:47.832807856
[ 2023-07-08 15:26:55,179] 49 root - INFO - 120
[ 2023-07-08 15:26:55,179] 50 root - INFO - 1970-01-01 00:25:47.832788086
[ 2023-07-08 15:26:55,179] 51 root - INFO - 1970-01-01 00:25:47.832807806
[ 2023-07-08 15:26:55,196] 49 root - INFO - 121
[ 2023-07-08 15:26:55,196] 50 root - INFO - 1970-01-01 00:25:47.832892981
[ 2023-07-08 15:26:55,196] 51 root - INFO - 1970-01-01 00:25:47.832913701
[ 2023-07-08 15:26:55,212] 49 root - INFO - 122
[ 2023-07-08 15:26:55,212] 50 root - INFO - 1970-01-01 00:25:47.832892696
[ 2023-07-08 15:26:55,212] 51 root - INFO - 1970-01-01 00:25:47.832913696
[ 2023-07-08 15:26:55,229] 49 root - INFO - 123
[ 2023-07-08 15:26:55,229] 50 root - INFO - 1970-01-01 00:25:47.831031632
[ 2023-07-08 15:26:55,229] 51 root - INFO - 1970-01-01 00:25:47.831047712
[ 2023-07-08 15:26:55,245] 49 root - INFO - 124
[ 2023-07-08 15:26:55,245] 50 root - INFO - 1970-01-01 00:25:47.831031268
[ 2023-07-08 15:26:55,245] 51 root - INFO - 1970-01-01 00:25:47.831047788
[ 2023-07-08 15:26:55,262] 49 root - INFO - 125
[ 2023-07-08 15:26:55,262] 50 root - INFO - 1970-01-01 00:25:47.829948168
[ 2023-07-08 15:26:55,262] 51 root - INFO - 1970-01-01 00:25:47.829983528
[ 2023-07-08 15:26:55,279] 49 root - INFO - 126
[ 2023-07-08 15:26:55,279] 50 root - INFO - 1970-01-01 00:25:47.829947773
[ 2023-07-08 15:26:55,279] 51 root - INFO - 1970-01-01 00:25:47.829983453
[ 2023-07-08 15:26:55,296] 49 root - INFO - 127
[ 2023-07-08 15:26:55,296] 50 root - INFO - 1970-01-01 00:25:47.830301446
[ 2023-07-08 15:26:55,296] 51 root - INFO - 1970-01-01 00:25:47.830328406
[ 2023-07-08 15:26:55,312] 49 root - INFO - 128
[ 2023-07-08 15:26:55,312] 50 root - INFO - 1970-01-01 00:25:47.830301104
[ 2023-07-08 15:26:55,312] 51 root - INFO - 1970-01-01 00:25:47.830328344
[ 2023-07-08 15:26:55,312] 49 root - INFO - 129
[ 2023-07-08 15:26:55,312] 50 root - INFO - 1970-01-01 00:25:47.305808431
[ 2023-07-08 15:26:55,329] 51 root - INFO - 1970-01-01 00:25:47.305824831
[ 2023-07-08 15:26:55,329] 49 root - INFO - 130
[ 2023-07-08 15:26:55,329] 50 root - INFO - 1970-01-01 00:25:47.305808351
[ 2023-07-08 15:26:55,329] 51 root - INFO - 1970-01-01 00:25:47.305824871
[ 2023-07-08 15:26:55,360] 49 root - INFO - 131
[ 2023-07-08 15:26:55,361] 50 root - INFO - 1970-01-01 00:25:47.558821400
[ 2023-07-08 15:26:55,361] 51 root - INFO - 1970-01-01 00:25:47.558833800
[ 2023-07-08 15:26:55,362] 49 root - INFO - 132
[ 2023-07-08 15:26:55,362] 50 root - INFO - 1970-01-01 00:25:47.558820993
[ 2023-07-08 15:26:55,362] 51 root - INFO - 1970-01-01 00:25:47.558833753
[ 2023-07-08 15:26:55,389] 49 root - INFO - 133
[ 2023-07-08 15:26:55,390] 50 root - INFO - 1970-01-01 00:25:47.306085680
[ 2023-07-08 15:26:55,391] 51 root - INFO - 1970-01-01 00:25:47.306099840
[ 2023-07-08 15:26:55,401] 49 root - INFO - 134
[ 2023-07-08 15:26:55,401] 50 root - INFO - 1970-01-01 00:25:47.306085355
[ 2023-07-08 15:26:55,401] 51 root - INFO - 1970-01-01 00:25:47.306099875
[ 2023-07-08 15:26:55,412] 49 root - INFO - 135
[ 2023-07-08 15:26:55,412] 50 root - INFO - 1970-01-01 00:25:47.558569751
[ 2023-07-08 15:26:55,412] 51 root - INFO - 1970-01-01 00:25:47.558581831
[ 2023-07-08 15:26:55,429] 49 root - INFO - 136
[ 2023-07-08 15:26:55,429] 50 root - INFO - 1970-01-01 00:25:47.558569353
[ 2023-07-08 15:26:55,445] 51 root - INFO - 1970-01-01 00:25:47.558581873
[ 2023-07-08 15:26:55,446] 49 root - INFO - 137
[ 2023-07-08 15:26:55,446] 50 root - INFO - 1970-01-01 00:25:47.917934525
[ 2023-07-08 15:26:55,446] 51 root - INFO - 1970-01-01 00:25:47.917958525
[ 2023-07-08 15:26:55,462] 49 root - INFO - 138
[ 2023-07-08 15:26:55,462] 50 root - INFO - 1970-01-01 00:25:47.917934175
[ 2023-07-08 15:26:55,462] 51 root - INFO - 1970-01-01 00:25:47.917958455
[ 2023-07-08 15:26:55,479] 49 root - INFO - 139
[ 2023-07-08 15:26:55,479] 50 root - INFO - 1970-01-01 00:25:47.918489610
[ 2023-07-08 15:26:55,479] 51 root - INFO - 1970-01-01 00:25:47.918515610
[ 2023-07-08 15:26:55,495] 49 root - INFO - 140
[ 2023-07-08 15:26:55,495] 50 root - INFO - 1970-01-01 00:25:47.918489247
[ 2023-07-08 15:26:55,495] 51 root - INFO - 1970-01-01 00:25:47.918515607
[ 2023-07-08 15:26:55,512] 49 root - INFO - 141
[ 2023-07-08 15:26:55,512] 50 root - INFO - 1970-01-01 00:25:47.918659568
[ 2023-07-08 15:26:55,512] 51 root - INFO - 1970-01-01 00:25:47.918682688
[ 2023-07-08 15:26:55,529] 49 root - INFO - 142
[ 2023-07-08 15:26:55,529] 50 root - INFO - 1970-01-01 00:25:47.918659295
[ 2023-07-08 15:26:55,529] 51 root - INFO - 1970-01-01 00:25:47.918682695
[ 2023-07-08 15:26:55,546] 49 root - INFO - 143
[ 2023-07-08 15:26:55,546] 50 root - INFO - 1970-01-01 00:25:47.667327652
[ 2023-07-08 15:26:55,546] 51 root - INFO - 1970-01-01 00:25:47.667343732
[ 2023-07-08 15:26:55,562] 49 root - INFO - 144
[ 2023-07-08 15:26:55,562] 50 root - INFO - 1970-01-01 00:25:47.667327366
[ 2023-07-08 15:26:55,562] 51 root - INFO - 1970-01-01 00:25:47.667343726
[ 2023-07-08 15:26:55,579] 49 root - INFO - 145
[ 2023-07-08 15:26:55,579] 50 root - INFO - 1970-01-01 00:25:47.310264873
[ 2023-07-08 15:26:55,579] 51 root - INFO - 1970-01-01 00:25:47.310295833
[ 2023-07-08 15:26:55,595] 49 root - INFO - 146
[ 2023-07-08 15:26:55,595] 50 root - INFO - 1970-01-01 00:25:47.310264906
[ 2023-07-08 15:26:55,595] 51 root - INFO - 1970-01-01 00:25:47.310295786
[ 2023-07-08 15:26:55,612] 49 root - INFO - 147
[ 2023-07-08 15:26:55,612] 50 root - INFO - 1970-01-01 00:25:47.666786798
[ 2023-07-08 15:26:55,612] 51 root - INFO - 1970-01-01 00:25:47.666813598
[ 2023-07-08 15:26:55,629] 49 root - INFO - 148
[ 2023-07-08 15:26:55,629] 50 root - INFO - 1970-01-01 00:25:47.666786525
[ 2023-07-08 15:26:55,629] 51 root - INFO - 1970-01-01 00:25:47.666813605
[ 2023-07-08 15:26:55,645] 49 root - INFO - 149
[ 2023-07-08 15:26:55,645] 50 root - INFO - 1970-01-01 00:25:47.667035127
[ 2023-07-08 15:26:55,645] 51 root - INFO - 1970-01-01 00:25:47.667069767
[ 2023-07-08 15:26:55,662] 49 root - INFO - 150
[ 2023-07-08 15:26:55,662] 50 root - INFO - 1970-01-01 00:25:47.667034809
[ 2023-07-08 15:26:55,662] 51 root - INFO - 1970-01-01 00:25:47.667069729
[ 2023-07-08 15:26:55,678] 49 root - INFO - 151
[ 2023-07-08 15:26:55,679] 50 root - INFO - 1970-01-01 00:25:47.560186995
[ 2023-07-08 15:26:55,679] 51 root - INFO - 1970-01-01 00:25:47.560200515
[ 2023-07-08 15:26:55,679] 49 root - INFO - 152
[ 2023-07-08 15:26:55,679] 50 root - INFO - 1970-01-01 00:25:47.560186675
[ 2023-07-08 15:26:55,679] 51 root - INFO - 1970-01-01 00:25:47.560200555
[ 2023-07-08 15:26:55,696] 49 root - INFO - 153
[ 2023-07-08 15:26:55,696] 50 root - INFO - 1970-01-01 00:25:47.560386863
[ 2023-07-08 15:26:55,696] 51 root - INFO - 1970-01-01 00:25:47.560401663
[ 2023-07-08 15:26:55,712] 49 root - INFO - 154
[ 2023-07-08 15:26:55,712] 50 root - INFO - 1970-01-01 00:25:47.560386457
[ 2023-07-08 15:26:55,712] 51 root - INFO - 1970-01-01 00:25:47.560401617
[ 2023-07-08 15:26:55,729] 49 root - INFO - 155
[ 2023-07-08 15:26:55,729] 50 root - INFO - 1970-01-01 00:25:47.560542767
[ 2023-07-08 15:26:55,729] 51 root - INFO - 1970-01-01 00:25:47.560557567
[ 2023-07-08 15:26:55,745] 49 root - INFO - 156
[ 2023-07-08 15:26:55,745] 50 root - INFO - 1970-01-01 00:25:47.560542440
[ 2023-07-08 15:26:55,745] 51 root - INFO - 1970-01-01 00:25:47.560557600
[ 2023-07-08 15:26:55,762] 49 root - INFO - 157
[ 2023-07-08 15:26:55,762] 50 root - INFO - 1970-01-01 00:25:47.918546029
[ 2023-07-08 15:26:55,762] 51 root - INFO - 1970-01-01 00:25:47.918579869
[ 2023-07-08 15:26:55,779] 49 root - INFO - 158
[ 2023-07-08 15:26:55,779] 50 root - INFO - 1970-01-01 00:25:48.004946030
[ 2023-07-08 15:26:55,779] 51 root - INFO - 1970-01-01 00:25:48.004979870
[ 2023-07-08 15:26:55,795] 49 root - INFO - 159
[ 2023-07-08 15:26:55,795] 50 root - INFO - 1970-01-01 00:25:47.918545755
[ 2023-07-08 15:26:55,795] 51 root - INFO - 1970-01-01 00:25:47.918579955
[ 2023-07-08 15:26:55,812] 49 root - INFO - 160
[ 2023-07-08 15:26:55,812] 50 root - INFO - 1970-01-01 00:25:48.004945756
[ 2023-07-08 15:26:55,812] 51 root - INFO - 1970-01-01 00:25:48.004979956
[ 2023-07-08 15:26:55,829] 49 root - INFO - 161
[ 2023-07-08 15:26:55,829] 50 root - INFO - 1970-01-01 00:25:47.918739908
[ 2023-07-08 15:26:55,829] 51 root - INFO - 1970-01-01 00:25:47.918779668
[ 2023-07-08 15:26:55,845] 49 root - INFO - 162
[ 2023-07-08 15:26:55,852] 50 root - INFO - 1970-01-01 00:25:48.005139909
[ 2023-07-08 15:26:55,853] 51 root - INFO - 1970-01-01 00:25:48.005179669
[ 2023-07-08 15:26:55,863] 49 root - INFO - 163
[ 2023-07-08 15:26:55,863] 50 root - INFO - 1970-01-01 00:25:47.918739578
[ 2023-07-08 15:26:55,879] 51 root - INFO - 1970-01-01 00:25:47.918779618
[ 2023-07-08 15:26:55,896] 49 root - INFO - 164
[ 2023-07-08 15:26:55,898] 50 root - INFO - 1970-01-01 00:25:48.005139579
[ 2023-07-08 15:26:55,899] 51 root - INFO - 1970-01-01 00:25:48.005179619
[ 2023-07-08 15:26:55,903] 49 root - INFO - 165
[ 2023-07-08 15:26:55,903] 50 root - INFO - 1970-01-01 00:25:47.561046637
[ 2023-07-08 15:26:55,903] 51 root - INFO - 1970-01-01 00:25:47.561055037
[ 2023-07-08 15:26:55,912] 49 root - INFO - 166
[ 2023-07-08 15:26:55,912] 50 root - INFO - 1970-01-01 00:25:47.647446638
[ 2023-07-08 15:26:55,912] 51 root - INFO - 1970-01-01 00:25:47.647455038
[ 2023-07-08 15:26:55,912] 49 root - INFO - 167
[ 2023-07-08 15:26:55,928] 50 root - INFO - 1970-01-01 00:25:47.561046331
[ 2023-07-08 15:26:55,929] 51 root - INFO - 1970-01-01 00:25:47.561055011
[ 2023-07-08 15:26:55,929] 49 root - INFO - 168
[ 2023-07-08 15:26:55,929] 50 root - INFO - 1970-01-01 00:25:47.647446332
[ 2023-07-08 15:26:55,929] 51 root - INFO - 1970-01-01 00:25:47.647455012
[ 2023-07-08 15:26:55,945] 49 root - INFO - 169
[ 2023-07-08 15:26:55,945] 50 root - INFO - 1970-01-01 00:25:47.561210862
[ 2023-07-08 15:26:55,945] 51 root - INFO - 1970-01-01 00:25:47.561219102
[ 2023-07-08 15:26:55,945] 49 root - INFO - 170
[ 2023-07-08 15:26:55,945] 50 root - INFO - 1970-01-01 00:25:47.647610863
[ 2023-07-08 15:26:55,945] 51 root - INFO - 1970-01-01 00:25:47.647619103
[ 2023-07-08 15:26:55,962] 49 root - INFO - 171
[ 2023-07-08 15:26:55,962] 50 root - INFO - 1970-01-01 00:25:47.561210465
[ 2023-07-08 15:26:55,962] 51 root - INFO - 1970-01-01 00:25:47.561219145
[ 2023-07-08 15:26:55,979] 49 root - INFO - 172
[ 2023-07-08 15:26:55,979] 50 root - INFO - 1970-01-01 00:25:47.647610466
[ 2023-07-08 15:26:55,979] 51 root - INFO - 1970-01-01 00:25:47.647619146
[ 2023-07-08 15:26:55,996] 49 root - INFO - 173
[ 2023-07-08 15:26:55,996] 50 root - INFO - 1970-01-01 00:25:47.919049220
[ 2023-07-08 15:26:55,996] 51 root - INFO - 1970-01-01 00:25:47.919070420
[ 2023-07-08 15:26:56,012] 49 root - INFO - 174
[ 2023-07-08 15:26:56,012] 50 root - INFO - 1970-01-01 00:25:48.005449221
[ 2023-07-08 15:26:56,012] 51 root - INFO - 1970-01-01 00:25:48.005470421
[ 2023-07-08 15:26:56,029] 49 root - INFO - 175
[ 2023-07-08 15:26:56,029] 50 root - INFO - 1970-01-01 00:25:47.919048985
[ 2023-07-08 15:26:56,029] 51 root - INFO - 1970-01-01 00:25:47.919070385
[ 2023-07-08 15:26:56,045] 49 root - INFO - 176
[ 2023-07-08 15:26:56,045] 50 root - INFO - 1970-01-01 00:25:48.005448986
[ 2023-07-08 15:26:56,045] 51 root - INFO - 1970-01-01 00:25:48.005470386
[ 2023-07-08 15:26:56,062] 49 root - INFO - 177
[ 2023-07-08 15:26:56,062] 50 root - INFO - 1970-01-01 00:25:47.919188416
[ 2023-07-08 15:26:56,062] 51 root - INFO - 1970-01-01 00:25:47.919207856
[ 2023-07-08 15:26:56,079] 49 root - INFO - 178
[ 2023-07-08 15:26:56,079] 50 root - INFO - 1970-01-01 00:25:48.005588417
[ 2023-07-08 15:26:56,079] 51 root - INFO - 1970-01-01 00:25:48.005607857
[ 2023-07-08 15:26:56,095] 49 root - INFO - 179
[ 2023-07-08 15:26:56,095] 50 root - INFO - 1970-01-01 00:25:47.919188086
[ 2023-07-08 15:26:56,095] 51 root - INFO - 1970-01-01 00:25:47.919207806
[ 2023-07-08 15:26:56,112] 49 root - INFO - 180
[ 2023-07-08 15:26:56,112] 50 root - INFO - 1970-01-01 00:25:48.005588087
[ 2023-07-08 15:26:56,112] 51 root - INFO - 1970-01-01 00:25:48.005607807
[ 2023-07-08 15:26:56,145] 49 root - INFO - 181
[ 2023-07-08 15:26:56,145] 50 root - INFO - 1970-01-01 00:25:47.919292981
[ 2023-07-08 15:26:56,145] 51 root - INFO - 1970-01-01 00:25:47.919313701
[ 2023-07-08 15:26:56,145] 49 root - INFO - 182
[ 2023-07-08 15:26:56,161] 50 root - INFO - 1970-01-01 00:25:48.005692982
[ 2023-07-08 15:26:56,162] 51 root - INFO - 1970-01-01 00:25:48.005713702
[ 2023-07-08 15:26:56,162] 49 root - INFO - 183
[ 2023-07-08 15:26:56,162] 50 root - INFO - 1970-01-01 00:25:47.919292696
[ 2023-07-08 15:26:56,178] 51 root - INFO - 1970-01-01 00:25:47.919313696
[ 2023-07-08 15:26:56,179] 49 root - INFO - 184
[ 2023-07-08 15:26:56,179] 50 root - INFO - 1970-01-01 00:25:47.665747371
[ 2023-07-08 15:26:56,179] 51 root - INFO - 1970-01-01 00:25:47.665767771
[ 2023-07-08 15:26:56,195] 49 root - INFO - 185
[ 2023-07-08 15:26:56,195] 50 root - INFO - 1970-01-01 00:25:47.665747087
[ 2023-07-08 15:26:56,195] 51 root - INFO - 1970-01-01 00:25:47.665767767
[ 2023-07-08 15:26:56,212] 49 root - INFO - 186
[ 2023-07-08 15:26:56,212] 50 root - INFO - 1970-01-01 00:25:47.666044129
[ 2023-07-08 15:26:56,212] 51 root - INFO - 1970-01-01 00:25:47.666063409
[ 2023-07-08 15:26:56,229] 49 root - INFO - 187
[ 2023-07-08 15:26:56,229] 50 root - INFO - 1970-01-01 00:25:47.666043834
[ 2023-07-08 15:26:56,229] 51 root - INFO - 1970-01-01 00:25:47.666063474
[ 2023-07-08 15:26:56,262] 74 root - INFO - min acc time1970-01-01 00:25:47.219285314
[ 2023-07-08 15:26:56,262] 75 root - INFO - min acc time1970-01-01 00:25:48.005713702
[ 2023-07-08 15:26:56,262] 76 root - INFO - min gyr time1970-01-01 00:25:47.219284950
[ 2023-07-08 15:26:56,262] 77 root - INFO - min gyr time1970-01-01 00:25:48.005607807
[ 2023-07-08 15:26:56,262] 79 root - INFO - created accelerometer and gyroscope dataframes
[ 2023-07-08 15:26:56,296] 88 root - INFO - 69677
[ 2023-07-08 15:26:56,296] 89 root - INFO - 1970-01-01 00:25:47.219284950
[ 2023-07-08 15:26:56,296] 90 root - INFO - 1970-01-01 00:25:48.005713702
[ 2023-07-08 15:26:56,296] 121 root - INFO - 1
[ 2023-07-08 15:26:56,312] 126 root - INFO -                             acc_x     acc_y     acc_z     gyr_x     gyr_y     gyr_z participants category label   set
epoch (ms)                                                                                                           
1970-01-01 00:25:47.200 -0.128235  0.645881  0.028304  0.982492 -1.958372  0.582183            E   medium  dead  73.0
1970-01-01 00:25:47.400  0.007189 -0.022303  0.098703  0.668892 -2.070911  0.779008            C   medium  dead  44.0
1970-01-01 00:25:47.600  0.088930 -0.543067  0.201999  0.939924 -2.036241  0.487862            E    heavy  dead  72.0
1970-01-01 00:25:47.800  0.199233 -0.073985  0.156728  0.692600 -1.671748  1.101360            E   medium   row  91.0
1970-01-01 00:25:48.000  0.273430 -0.748319  0.168288  0.641636 -1.519555  1.492413            E   medium   row  90.0
[ 2023-07-08 15:26:56,329] 129 root - INFO - 5
[ 2023-07-08 15:26:56,329] 130 root - INFO - Index(['acc_x', 'acc_y', 'acc_z', 'gyr_x', 'gyr_y', 'gyr_z', 'participants',
       'category', 'label', 'set'],
      dtype='object')
